             :-) GROMACS - gmx mdrun, 2023.2-plumed_2.10.0_dev (-:

Copyright 1991-2023 The GROMACS Authors.
GROMACS is free software; you can redistribute it and/or modify it
under the terms of the GNU Lesser General Public License
as published by the Free Software Foundation; either version 2.1
of the License, or (at your option) any later version.

                         Current GROMACS contributors:
       Mark Abraham           Andrey Alekseenko           Cathrine Bergh      
      Christian Blau            Eliane Briand             Mahesh Doijade      
    Stefan Fleischmann           Vytas Gapsys              Gaurav Garg        
      Sergey Gorelov         Gilles Gouaillardet            Alan Gray         
     M. Eric Irrgang         Farzaneh Jalalypour            Joe Jordan        
    Christoph Junghans        Prashanth Kanduri          Sebastian Keller     
     Carsten Kutzner           Justin A. Lemkul          Magnus Lundborg      
       Pascal Merz              Vedran Miletic            Dmitry Morozov      
       Szilard Pall             Roland Schulz             Michael Shirts      
     Alexey Shvetsov            Balint Soproni         David van der Spoel    
      Philip Turner             Carsten Uphoff           Alessandra Villa     
 Sebastian Wingbermuehle        Artem Zhmurov       

                         Previous GROMACS contributors:
        Emile Apol             Rossen Apostolov           James Barnett       
  Herman J.C. Berendsen          Par Bjelkmar           Viacheslav Bolnykh    
        Kevin Boyd            Aldert van Buuren          Carlo Camilloni      
     Rudi van Drunen            Anton Feenstra           Oliver Fleetwood     
     Gerrit Groenhof            Bert de Groot             Anca Hamuraru       
    Vincent Hindriksen          Victor Holanda           Aleksei Iupinov      
   Dimitrios Karkoulis           Peter Kasson             Sebastian Kehl      
        Jiri Kraus               Per Larsson              Viveca Lindahl      
      Erik Marklund           Pieter Meulenhoff           Teemu Murtola       
       Sander Pronk             Alfons Sijbers            Peter Tieleman      
       Jon Vincent             Teemu Virolainen         Christian Wennberg    
       Maarten Wolf       

                  Coordinated by the GROMACS project leaders:
                    Paul Bauer, Berk Hess, and Erik Lindahl

GROMACS:      gmx mdrun, version 2023.2-plumed_2.10.0_dev
Executable:   /apps/cuda/12.4.1/gcc/12.2.0/openmpi/4.1.6/gromacs/2023.2/bin/gmx
Data prefix:  /apps/cuda/12.4.1/gcc/12.2.0/openmpi/4.1.6/gromacs/2023.2
Working dir:  /blue/bsc4452/Marisa1988/PruebaGromacs
Process ID:   45410
Command line:
  gmx mdrun -deffnm md_0_1

GROMACS version:    2023.2-plumed_2.10.0_dev
Precision:          mixed
Memory model:       64 bit
MPI library:        MPI (GPU-aware: CUDA)
OpenMP support:     enabled (GMX_OPENMP_MAX_THREADS = 128)
GPU support:        CUDA
NB cluster size:    8
SIMD instructions:  AVX2_256
CPU FFT library:    Intel MKL version 2020.0.0 Build 20191122
GPU FFT library:    cuFFT
Multi-GPU FFT:      none
RDTSCP usage:       enabled
TNG support:        enabled
Hwloc support:      disabled
Tracing support:    disabled
C compiler:         /apps/mpi/gcc/12.2.0/openmpi/4.1.6/bin/mpicc GNU 12.2.0
C compiler flags:   -fexcess-precision=fast -funroll-all-loops -mavx2 -mfma -Wno-missing-field-initializers -O3 -DNDEBUG
C++ compiler:       /apps/mpi/gcc/12.2.0/openmpi/4.1.6/bin/mpicxx GNU 12.2.0
C++ compiler flags: -fexcess-precision=fast -funroll-all-loops -mavx2 -mfma -Wno-missing-field-initializers -Wno-cast-function-type-strict -fopenmp -O3 -DNDEBUG
BLAS library:       Intel MKL version 2020.0.0 Build 20191122
LAPACK library:     Intel MKL version 2020.0.0 Build 20191122
CUDA compiler:      /apps/compilers/cuda/12.4.1/bin/nvcc nvcc: NVIDIA (R) Cuda compiler driver;Copyright (c) 2005-2024 NVIDIA Corporation;Built on Thu_Mar_28_02:18:24_PDT_2024;Cuda compilation tools, release 12.4, V12.4.131;Build cuda_12.4.r12.4/compiler.34097967_0
CUDA compiler flags:-std=c++17;--generate-code=arch=compute_50,code=sm_50;--generate-code=arch=compute_52,code=sm_52;--generate-code=arch=compute_60,code=sm_60;--generate-code=arch=compute_61,code=sm_61;--generate-code=arch=compute_70,code=sm_70;--generate-code=arch=compute_75,code=sm_75;--generate-code=arch=compute_80,code=sm_80;--generate-code=arch=compute_86,code=sm_86;--generate-code=arch=compute_89,code=sm_89;--generate-code=arch=compute_90,code=sm_90;-Wno-deprecated-gpu-targets;--generate-code=arch=compute_53,code=sm_53;--generate-code=arch=compute_80,code=sm_80;-use_fast_math;-Xptxas;-warn-double-usage;-Xptxas;-Werror;-D_FORCE_INLINES;-fexcess-precision=fast -funroll-all-loops -mavx2 -mfma -Wno-missing-field-initializers -Wno-cast-function-type-strict -fopenmp -O3 -DNDEBUG
CUDA driver:        0.0
CUDA runtime:       12.40


Running on 1 node with total 64 cores, 64 processing units (GPU detection failed)
Hardware detected on host login9.ufhpc (the node of MPI rank 0):
  CPU info:
    Vendor: AMD
    Brand:  AMD EPYC 75F3 32-Core Processor                
    Family: 25   Model: 1   Stepping: 1
    Features: aes amd apic avx avx2 clfsh cmov cx8 cx16 f16c fma htt lahf misalignsse mmx msr nonstop_tsc pcid pclmuldq pdpe1gb popcnt pse rdrnd rdtscp sha sse2 sse3 sse4a sse4.1 sse4.2 ssse3
  Hardware topology: Basic
    Packages, cores, and logical processors:
    [indices refer to OS logical processors]
      Package  0: [   0] [   1] [   2] [   3] [   4] [   5] [   6] [   7] [   8] [   9] [  10] [  11] [  12] [  13] [  14] [  15] [  16] [  17] [  18] [  19] [  20] [  21] [  22] [  23] [  24] [  25] [  26] [  27] [  28] [  29] [  30] [  31]
      Package  1: [  32] [  33] [  34] [  35] [  36] [  37] [  38] [  39] [  40] [  41] [  42] [  43] [  44] [  45] [  46] [  47] [  48] [  49] [  50] [  51] [  52] [  53] [  54] [  55] [  56] [  57] [  58] [  59] [  60] [  61] [  62] [  63]
    CPU limit set by OS: -1   Recommended max number of threads: 64


++++ PLEASE READ AND CITE THE FOLLOWING REFERENCE ++++
M. J. Abraham, T. Murtola, R. Schulz, S. Páll, J. C. Smith, B. Hess, E.
Lindahl
GROMACS: High performance molecular simulations through multi-level
parallelism from laptops to supercomputers
SoftwareX 1 (2015) pp. 19-25
-------- -------- --- Thank You --- -------- --------


++++ PLEASE READ AND CITE THE FOLLOWING REFERENCE ++++
S. Páll, M. J. Abraham, C. Kutzner, B. Hess, E. Lindahl
Tackling Exascale Software Challenges in Molecular Dynamics Simulations with
GROMACS
In S. Markidis & E. Laure (Eds.), Solving Software Challenges for Exascale 8759 (2015) pp. 3-27
-------- -------- --- Thank You --- -------- --------


++++ PLEASE READ AND CITE THE FOLLOWING REFERENCE ++++
S. Pronk, S. Páll, R. Schulz, P. Larsson, P. Bjelkmar, R. Apostolov, M. R.
Shirts, J. C. Smith, P. M. Kasson, D. van der Spoel, B. Hess, and E. Lindahl
GROMACS 4.5: a high-throughput and highly parallel open source molecular
simulation toolkit
Bioinformatics 29 (2013) pp. 845-54
-------- -------- --- Thank You --- -------- --------


++++ PLEASE READ AND CITE THE FOLLOWING REFERENCE ++++
B. Hess and C. Kutzner and D. van der Spoel and E. Lindahl
GROMACS 4: Algorithms for highly efficient, load-balanced, and scalable
molecular simulation
J. Chem. Theory Comput. 4 (2008) pp. 435-447
-------- -------- --- Thank You --- -------- --------


++++ PLEASE READ AND CITE THE FOLLOWING REFERENCE ++++
D. van der Spoel, E. Lindahl, B. Hess, G. Groenhof, A. E. Mark and H. J. C.
Berendsen
GROMACS: Fast, Flexible and Free
J. Comp. Chem. 26 (2005) pp. 1701-1719
-------- -------- --- Thank You --- -------- --------


++++ PLEASE READ AND CITE THE FOLLOWING REFERENCE ++++
E. Lindahl and B. Hess and D. van der Spoel
GROMACS 3.0: A package for molecular simulation and trajectory analysis
J. Mol. Mod. 7 (2001) pp. 306-317
-------- -------- --- Thank You --- -------- --------


++++ PLEASE READ AND CITE THE FOLLOWING REFERENCE ++++
H. J. C. Berendsen, D. van der Spoel and R. van Drunen
GROMACS: A message-passing parallel molecular dynamics implementation
Comp. Phys. Comm. 91 (1995) pp. 43-56
-------- -------- --- Thank You --- -------- --------

GPU-aware MPI detected, but by default GROMACS will not make use the direct GPU communication capabilities of MPI. For improved performance try enabling the feature by setting the GMX_ENABLE_DIRECT_GPU_COMM environment variable.
Input Parameters:
   integrator                     = md
   tinit                          = 0
   dt                             = 0.002
   nsteps                         = 500000
   init-step                      = 0
   simulation-part                = 1
   mts                            = false
   comm-mode                      = Linear
   nstcomm                        = 100
   bd-fric                        = 0
   ld-seed                        = 2134671131
   emtol                          = 10
   emstep                         = 0.01
   niter                          = 20
   fcstep                         = 0
   nstcgsteep                     = 1000
   nbfgscorr                      = 10
   rtpi                           = 0.05
   nstxout                        = 0
   nstvout                        = 0
   nstfout                        = 0
   nstlog                         = 5000
   nstcalcenergy                  = 100
   nstenergy                      = 5000
   nstxout-compressed             = 5000
   compressed-x-precision         = 1000
   cutoff-scheme                  = Verlet
   nstlist                        = 10
   pbc                            = xyz
   periodic-molecules             = false
   verlet-buffer-tolerance        = 0.005
   rlist                          = 1
   coulombtype                    = PME
   coulomb-modifier               = Potential-shift
   rcoulomb-switch                = 0
   rcoulomb                       = 1
   epsilon-r                      = 1
   epsilon-rf                     = inf
   vdw-type                       = Cut-off
   vdw-modifier                   = Potential-shift
   rvdw-switch                    = 0
   rvdw                           = 1
   DispCorr                       = EnerPres
   table-extension                = 1
   fourierspacing                 = 0.16
   fourier-nx                     = 48
   fourier-ny                     = 48
   fourier-nz                     = 48
   pme-order                      = 4
   ewald-rtol                     = 1e-05
   ewald-rtol-lj                  = 0.001
   lj-pme-comb-rule               = Geometric
   ewald-geometry                 = 3d
   epsilon-surface                = 0
   ensemble-temperature-setting   = constant
   ensemble-temperature           = 300
   tcoupl                         = V-rescale
   nsttcouple                     = 10
   nh-chain-length                = 0
   print-nose-hoover-chain-variables = false
   pcoupl                         = Parrinello-Rahman
   pcoupltype                     = Isotropic
   nstpcouple                     = 50
   tau-p                          = 2
   compressibility (3x3):
      compressibility[    0]={ 4.50000e-05,  0.00000e+00,  0.00000e+00}
      compressibility[    1]={ 0.00000e+00,  4.50000e-05,  0.00000e+00}
      compressibility[    2]={ 0.00000e+00,  0.00000e+00,  4.50000e-05}
   ref-p (3x3):
      ref-p[    0]={ 1.00000e+00,  0.00000e+00,  0.00000e+00}
      ref-p[    1]={ 0.00000e+00,  1.00000e+00,  0.00000e+00}
      ref-p[    2]={ 0.00000e+00,  0.00000e+00,  1.00000e+00}
   refcoord-scaling               = No
   posres-com (3):
      posres-com[0]= 0.00000e+00
      posres-com[1]= 0.00000e+00
      posres-com[2]= 0.00000e+00
   posres-comB (3):
      posres-comB[0]= 0.00000e+00
      posres-comB[1]= 0.00000e+00
      posres-comB[2]= 0.00000e+00
   QMMM                           = false
qm-opts:
   ngQM                           = 0
   constraint-algorithm           = Lincs
   continuation                   = true
   Shake-SOR                      = false
   shake-tol                      = 0.0001
   lincs-order                    = 4
   lincs-iter                     = 1
   lincs-warnangle                = 30
   nwall                          = 0
   wall-type                      = 9-3
   wall-r-linpot                  = -1
   wall-atomtype[0]               = -1
   wall-atomtype[1]               = -1
   wall-density[0]                = 0
   wall-density[1]                = 0
   wall-ewald-zfac                = 3
   pull                           = false
   awh                            = false
   rotation                       = false
   interactiveMD                  = false
   disre                          = No
   disre-weighting                = Conservative
   disre-mixed                    = false
   dr-fc                          = 1000
   dr-tau                         = 0
   nstdisreout                    = 100
   orire-fc                       = 0
   orire-tau                      = 0
   nstorireout                    = 100
   free-energy                    = no
   cos-acceleration               = 0
   deform (3x3):
      deform[    0]={ 0.00000e+00,  0.00000e+00,  0.00000e+00}
      deform[    1]={ 0.00000e+00,  0.00000e+00,  0.00000e+00}
      deform[    2]={ 0.00000e+00,  0.00000e+00,  0.00000e+00}
   simulated-tempering            = false
   swapcoords                     = no
   userint1                       = 0
   userint2                       = 0
   userint3                       = 0
   userint4                       = 0
   userreal1                      = 0
   userreal2                      = 0
   userreal3                      = 0
   userreal4                      = 0
   applied-forces:
     electric-field:
       x:
         E0                       = 0
         omega                    = 0
         t0                       = 0
         sigma                    = 0
       y:
         E0                       = 0
         omega                    = 0
         t0                       = 0
         sigma                    = 0
       z:
         E0                       = 0
         omega                    = 0
         t0                       = 0
         sigma                    = 0
     density-guided-simulation:
       active                     = false
       group                      = protein
       similarity-measure         = inner-product
       atom-spreading-weight      = unity
       force-constant             = 1e+09
       gaussian-transform-spreading-width = 0.2
       gaussian-transform-spreading-range-in-multiples-of-width = 4
       reference-density-filename = reference.mrc
       nst                        = 1
       normalize-densities        = true
       adaptive-force-scaling     = false
       adaptive-force-scaling-time-constant = 4
       shift-vector               = 
       transformation-matrix      = 
     qmmm-cp2k:
       active                     = false
       qmgroup                    = System
       qmmethod                   = PBE
       qmfilenames                = 
       qmcharge                   = 0
       qmmultiplicity             = 1
grpopts:
   nrdf:     4920.81     72837.2
   ref-t:         300         300
   tau-t:         0.1         0.1
annealing:          No          No
annealing-npoints:           0           0
   acc:	           0           0           0
   nfreeze:           N           N           N
   energygrp-flags[  0]: 0

Changing nstlist from 10 to 40, rlist from 1 to 1.096


Initializing Domain Decomposition on 1 ranks
Dynamic load balancing: auto
Using update groups, nr 13145, average size 2.9 atoms, max. radius 0.103 nm
Minimum cell size due to atom displacement: 0.349 nm
Initial maximum distances in bonded interactions:
    two-body bonded interactions: 0.453 nm, LJ-14, atoms 1156 1405
  multi-body bonded interactions: 0.453 nm, Ryckaert-Bell., atoms 1156 1405
Minimum cell size due to bonded interactions: 0.498 nm
Using 0 separate PME ranks because: there are too few total ranks for efficient splitting
Optimizing the DD grid for 1 cells with a minimum initial size of 0.498 nm
The maximum allowed number of cells is: X 14 Y 14 Z 14
Domain decomposition grid 1 x 1 x 1, separate PME ranks 0
PME domain decomposition: 1 x 1 x 1

The initial number of communication pulses is:
The initial domain decomposition cell size is:

The maximum allowed distance for atom groups involved in interactions is:
                 non-bonded interactions           1.303 nm
(the following are initial values, they could change due to box deformation)
            two-body bonded interactions  (-rdd)   1.303 nm
          multi-body bonded interactions  (-rdd)   1.303 nm

When dynamic load balancing gets turned on, these settings will change to:
The maximum number of communication pulses is:
The minimum size for domain decomposition cells is 1.303 nm
The requested allowed shrink of DD cells (option -dds) is: 0.80
The allowed shrink of domain decomposition cells is:
The maximum allowed distance for atom groups involved in interactions is:
                 non-bonded interactions           1.303 nm
            two-body bonded interactions  (-rdd)   1.303 nm
          multi-body bonded interactions  (-rdd)   1.303 nm

Using 1 MPI process
Using 64 OpenMP threads 

System total charge: -0.000
Will do PME sum in reciprocal space for electrostatic interactions.

++++ PLEASE READ AND CITE THE FOLLOWING REFERENCE ++++
U. Essmann, L. Perera, M. L. Berkowitz, T. Darden, H. Lee and L. G. Pedersen 
A smooth particle mesh Ewald method
J. Chem. Phys. 103 (1995) pp. 8577-8592
-------- -------- --- Thank You --- -------- --------

Using a Gaussian width (1/beta) of 0.320163 nm for Ewald
Potential shift: LJ r^-12: -1.000e+00 r^-6: -1.000e+00, Ewald -1.000e-05
Initialized non-bonded Coulomb Ewald tables, spacing: 9.33e-04 size: 1073

Generated table with 1048 data points for 1-4 COUL.
Tabscale = 500 points/nm
Generated table with 1048 data points for 1-4 LJ6.
Tabscale = 500 points/nm
Generated table with 1048 data points for 1-4 LJ12.
Tabscale = 500 points/nm
Long Range LJ corr.: <C6> 3.1583e-04


Using SIMD 4x8 nonbonded short-range kernels

Using a dual 4x8 pair-list setup updated with dynamic pruning:
  outer list: updated every 40 steps, buffer 0.096 nm, rlist 1.096 nm
  inner list: updated every 12 steps, buffer 0.003 nm, rlist 1.003 nm
At tolerance 0.005 kJ/mol/ps per atom, equivalent classical 1x1 list would be:
  outer list: updated every 40 steps, buffer 0.212 nm, rlist 1.212 nm
  inner list: updated every 12 steps, buffer 0.048 nm, rlist 1.048 nm

Using Geometric Lennard-Jones combination rule

Linking all bonded interactions to atoms


Pinning threads with an auto-selected logical cpu stride of 1

Initializing LINear Constraint Solver

++++ PLEASE READ AND CITE THE FOLLOWING REFERENCE ++++
B. Hess and H. Bekker and H. J. C. Berendsen and J. G. E. M. Fraaije
LINCS: A Linear Constraint Solver for molecular simulations
J. Comp. Chem. 18 (1997) pp. 1463-1472
-------- -------- --- Thank You --- -------- --------

The number of constraints is 959

++++ PLEASE READ AND CITE THE FOLLOWING REFERENCE ++++
S. Miyamoto and P. A. Kollman
SETTLE: An Analytical Version of the SHAKE and RATTLE Algorithms for Rigid
Water Models
J. Comp. Chem. 13 (1992) pp. 952-962
-------- -------- --- Thank You --- -------- --------


++++ PLEASE READ AND CITE THE FOLLOWING REFERENCE ++++
G. Bussi, D. Donadio and M. Parrinello
Canonical sampling through velocity rescaling
J. Chem. Phys. 126 (2007) pp. 014101
-------- -------- --- Thank You --- -------- --------

There are: 38376 Atoms
Atom distribution over 1 domains: av 38376 stddev 0 min 38376 max 38376
Center of mass motion removal mode is Linear
We have the following groups for center of mass motion removal:
  0:  rest

Started mdrun on rank 0 Fri Dec  6 15:03:10 2024

           Step           Time
              0        0.00000

   Energies (kJ/mol)
           Bond          Angle    Proper Dih. Ryckaert-Bell.          LJ-14
    1.36263e+03    3.74987e+03    2.56438e+02    1.71776e+03    2.71363e+03
     Coulomb-14        LJ (SR)  Disper. corr.   Coulomb (SR)   Coul. recip.
    7.77278e+03    1.06547e+05   -5.11712e+03   -7.17562e+05    3.28092e+03
      Potential    Kinetic En.   Total Energy  Conserved En.    Temperature
   -5.95278e+05    9.71338e+04   -4.98144e+05   -4.98122e+05    3.00484e+02
 Pres. DC (bar) Pressure (bar)   Constr. rmsd
   -2.23701e+02    1.24028e+01    2.93458e-06

           Step           Time
           5000       10.00000

   Energies (kJ/mol)
           Bond          Angle    Proper Dih. Ryckaert-Bell.          LJ-14
    1.40652e+03    3.82703e+03    2.34522e+02    1.79065e+03    2.71562e+03
     Coulomb-14        LJ (SR)  Disper. corr.   Coulomb (SR)   Coul. recip.
    7.69116e+03    1.07069e+05   -5.11308e+03   -7.17821e+05    3.25875e+03
      Potential    Kinetic En.   Total Energy  Conserved En.    Temperature
   -5.94941e+05    9.70091e+04   -4.97932e+05   -4.97867e+05    3.00098e+02
 Pres. DC (bar) Pressure (bar)   Constr. rmsd
   -2.23349e+02    1.41681e+01    2.93051e-06

           Step           Time
          10000       20.00000

   Energies (kJ/mol)
           Bond          Angle    Proper Dih. Ryckaert-Bell.          LJ-14
    1.33482e+03    3.76532e+03    2.44397e+02    1.81716e+03    2.71459e+03
     Coulomb-14        LJ (SR)  Disper. corr.   Coulomb (SR)   Coul. recip.
    7.78475e+03    1.08376e+05   -5.11276e+03   -7.19246e+05    3.28436e+03
      Potential    Kinetic En.   Total Energy  Conserved En.    Temperature
   -5.95038e+05    9.70684e+04   -4.97969e+05   -4.97692e+05    3.00282e+02
 Pres. DC (bar) Pressure (bar)   Constr. rmsd
   -2.23321e+02    2.70051e+02    2.80946e-06

           Step           Time
          15000       30.00000

   Energies (kJ/mol)
           Bond          Angle    Proper Dih. Ryckaert-Bell.          LJ-14
    1.37892e+03    3.83486e+03    2.36992e+02    1.79354e+03    2.72368e+03
     Coulomb-14        LJ (SR)  Disper. corr.   Coulomb (SR)   Coul. recip.
    7.90829e+03    1.07822e+05   -5.12479e+03   -7.18256e+05    3.18007e+03
      Potential    Kinetic En.   Total Energy  Conserved En.    Temperature
   -5.94502e+05    9.65374e+04   -4.97965e+05   -4.97555e+05    2.98639e+02
 Pres. DC (bar) Pressure (bar)   Constr. rmsd
   -2.24371e+02    2.15999e+02    2.63383e-06

           Step           Time
          20000       40.00000

   Energies (kJ/mol)
           Bond          Angle    Proper Dih. Ryckaert-Bell.          LJ-14
    1.37655e+03    3.79138e+03    2.92265e+02    1.82515e+03    2.67911e+03
     Coulomb-14        LJ (SR)  Disper. corr.   Coulomb (SR)   Coul. recip.
    7.76951e+03    1.07149e+05   -5.11881e+03   -7.18775e+05    3.22376e+03
      Potential    Kinetic En.   Total Energy  Conserved En.    Temperature
   -5.95787e+05    9.71712e+04   -4.98616e+05   -4.97321e+05    3.00600e+02
 Pres. DC (bar) Pressure (bar)   Constr. rmsd
   -2.23849e+02   -3.04827e+01    2.96865e-06

           Step           Time
          25000       50.00000

   Energies (kJ/mol)
           Bond          Angle    Proper Dih. Ryckaert-Bell.          LJ-14
    1.51896e+03    3.89747e+03    2.16460e+02    1.71096e+03    2.62202e+03
     Coulomb-14        LJ (SR)  Disper. corr.   Coulomb (SR)   Coul. recip.
    7.78518e+03    1.06818e+05   -5.11163e+03   -7.17655e+05    3.27171e+03
      Potential    Kinetic En.   Total Energy  Conserved En.    Temperature
   -5.94926e+05    9.75566e+04   -4.97369e+05   -4.97052e+05    3.01792e+02
 Pres. DC (bar) Pressure (bar)   Constr. rmsd
   -2.23222e+02   -1.19321e+01    3.15289e-06

           Step           Time
          30000       60.00000

   Energies (kJ/mol)
           Bond          Angle    Proper Dih. Ryckaert-Bell.          LJ-14
    1.47848e+03    3.68724e+03    2.62275e+02    1.77051e+03    2.69199e+03
     Coulomb-14        LJ (SR)  Disper. corr.   Coulomb (SR)   Coul. recip.
    7.77503e+03    1.07028e+05   -5.07770e+03   -7.17127e+05    3.33028e+03
      Potential    Kinetic En.   Total Energy  Conserved En.    Temperature
   -5.94180e+05    9.69001e+04   -4.97280e+05   -4.96930e+05    2.99761e+02
 Pres. DC (bar) Pressure (bar)   Constr. rmsd
   -2.20272e+02   -8.51541e+01    2.97884e-06

           Step           Time
          35000       70.00000

   Energies (kJ/mol)
           Bond          Angle    Proper Dih. Ryckaert-Bell.          LJ-14
    1.50426e+03    3.57103e+03    2.35500e+02    1.86274e+03    2.79194e+03
     Coulomb-14        LJ (SR)  Disper. corr.   Coulomb (SR)   Coul. recip.
    7.90399e+03    1.06459e+05   -5.12276e+03   -7.17928e+05    3.28021e+03
      Potential    Kinetic En.   Total Energy  Conserved En.    Temperature
   -5.95442e+05    9.61930e+04   -4.99249e+05   -4.96650e+05    2.97574e+02
 Pres. DC (bar) Pressure (bar)   Constr. rmsd
   -2.24194e+02   -1.37885e+02    2.66488e-06

           Step           Time
          40000       80.00000

   Energies (kJ/mol)
           Bond          Angle    Proper Dih. Ryckaert-Bell.          LJ-14
    1.33575e+03    3.73223e+03    2.33012e+02    1.89237e+03    2.61754e+03
     Coulomb-14        LJ (SR)  Disper. corr.   Coulomb (SR)   Coul. recip.
    7.79206e+03    1.07760e+05   -5.09299e+03   -7.18288e+05    3.39328e+03
      Potential    Kinetic En.   Total Energy  Conserved En.    Temperature
   -5.94625e+05    9.62995e+04   -4.98325e+05   -4.96346e+05    2.97903e+02
 Pres. DC (bar) Pressure (bar)   Constr. rmsd
   -2.21599e+02    1.18992e+01    3.24024e-06

           Step           Time
          45000       90.00000

   Energies (kJ/mol)
           Bond          Angle    Proper Dih. Ryckaert-Bell.          LJ-14
    1.53767e+03    3.75652e+03    2.50848e+02    1.79355e+03    2.64593e+03
     Coulomb-14        LJ (SR)  Disper. corr.   Coulomb (SR)   Coul. recip.
    7.85920e+03    1.10012e+05   -5.15204e+03   -7.21803e+05    3.31255e+03
      Potential    Kinetic En.   Total Energy  Conserved En.    Temperature
   -5.95787e+05    9.61269e+04   -4.99660e+05   -4.95808e+05    2.97369e+02
 Pres. DC (bar) Pressure (bar)   Constr. rmsd
   -2.26761e+02    3.71313e+02    2.82430e-06

           Step           Time
          50000      100.00000

   Energies (kJ/mol)
           Bond          Angle    Proper Dih. Ryckaert-Bell.          LJ-14
    1.41337e+03    3.70712e+03    2.63924e+02    1.81869e+03    2.75234e+03
     Coulomb-14        LJ (SR)  Disper. corr.   Coulomb (SR)   Coul. recip.
    7.88120e+03    1.08295e+05   -5.11070e+03   -7.17566e+05    3.16267e+03
      Potential    Kinetic En.   Total Energy  Conserved En.    Temperature
   -5.93382e+05    9.75688e+04   -4.95814e+05   -4.95257e+05    3.01830e+02
 Pres. DC (bar) Pressure (bar)   Constr. rmsd
   -2.23141e+02    3.05163e+02    3.01794e-06

           Step           Time
          55000      110.00000

   Energies (kJ/mol)
           Bond          Angle    Proper Dih. Ryckaert-Bell.          LJ-14
    1.44168e+03    3.74717e+03    2.55845e+02    1.83568e+03    2.65561e+03
     Coulomb-14        LJ (SR)  Disper. corr.   Coulomb (SR)   Coul. recip.
    7.82069e+03    1.09482e+05   -5.11452e+03   -7.22117e+05    3.21436e+03
      Potential    Kinetic En.   Total Energy  Conserved En.    Temperature
   -5.96778e+05    9.68705e+04   -4.99908e+05   -4.94938e+05    2.99669e+02
 Pres. DC (bar) Pressure (bar)   Constr. rmsd
   -2.23474e+02    3.32057e+02    3.18864e-06

           Step           Time
          60000      120.00000

   Energies (kJ/mol)
           Bond          Angle    Proper Dih. Ryckaert-Bell.          LJ-14
    1.53876e+03    3.59044e+03    2.72241e+02    1.82995e+03    2.62841e+03
     Coulomb-14        LJ (SR)  Disper. corr.   Coulomb (SR)   Coul. recip.
    7.87057e+03    1.05808e+05   -5.10346e+03   -7.15847e+05    3.36023e+03
      Potential    Kinetic En.   Total Energy  Conserved En.    Temperature
   -5.94052e+05    9.65383e+04   -4.97514e+05   -4.94692e+05    2.98642e+02
 Pres. DC (bar) Pressure (bar)   Constr. rmsd
   -2.22510e+02   -2.74223e+02    3.01658e-06

           Step           Time
          65000      130.00000

   Energies (kJ/mol)
           Bond          Angle    Proper Dih. Ryckaert-Bell.          LJ-14
    1.37536e+03    3.80730e+03    2.91214e+02    1.88095e+03    2.66097e+03
     Coulomb-14        LJ (SR)  Disper. corr.   Coulomb (SR)   Coul. recip.
    7.91708e+03    1.06988e+05   -5.08424e+03   -7.17954e+05    3.32092e+03
      Potential    Kinetic En.   Total Energy  Conserved En.    Temperature
   -5.94797e+05    9.78401e+04   -4.96957e+05   -4.94577e+05    3.02669e+02
 Pres. DC (bar) Pressure (bar)   Constr. rmsd
   -2.20839e+02   -1.40156e+02    3.13826e-06

           Step           Time
          70000      140.00000

   Energies (kJ/mol)
           Bond          Angle    Proper Dih. Ryckaert-Bell.          LJ-14
    1.45456e+03    3.66365e+03    2.36496e+02    1.79066e+03    2.73948e+03
     Coulomb-14        LJ (SR)  Disper. corr.   Coulomb (SR)   Coul. recip.
    7.85579e+03    1.07646e+05   -5.10918e+03   -7.19312e+05    3.27331e+03
      Potential    Kinetic En.   Total Energy  Conserved En.    Temperature
   -5.95761e+05    9.71245e+04   -4.98636e+05   -4.94380e+05    3.00455e+02
 Pres. DC (bar) Pressure (bar)   Constr. rmsd
   -2.23008e+02    6.51656e+01    3.21173e-06

           Step           Time
          75000      150.00000

   Energies (kJ/mol)
           Bond          Angle    Proper Dih. Ryckaert-Bell.          LJ-14
    1.45891e+03    3.73003e+03    2.80252e+02    1.72962e+03    2.61050e+03
     Coulomb-14        LJ (SR)  Disper. corr.   Coulomb (SR)   Coul. recip.
    7.77030e+03    1.07761e+05   -5.08348e+03   -7.20172e+05    3.26649e+03
      Potential    Kinetic En.   Total Energy  Conserved En.    Temperature
   -5.96648e+05    9.73135e+04   -4.99335e+05   -4.94008e+05    3.01040e+02
 Pres. DC (bar) Pressure (bar)   Constr. rmsd
   -2.20773e+02   -1.42167e+02    3.70849e-06

           Step           Time
          80000      160.00000

   Energies (kJ/mol)
           Bond          Angle    Proper Dih. Ryckaert-Bell.          LJ-14
    1.45108e+03    3.77924e+03    2.40525e+02    1.75946e+03    2.64421e+03
     Coulomb-14        LJ (SR)  Disper. corr.   Coulomb (SR)   Coul. recip.
    7.75894e+03    1.08224e+05   -5.12289e+03   -7.19913e+05    3.20658e+03
      Potential    Kinetic En.   Total Energy  Conserved En.    Temperature
   -5.95972e+05    9.65290e+04   -4.99443e+05   -4.93738e+05    2.98613e+02
 Pres. DC (bar) Pressure (bar)   Constr. rmsd
   -2.24205e+02    3.17721e+01    3.09754e-06

           Step           Time
          85000      170.00000

   Energies (kJ/mol)
           Bond          Angle    Proper Dih. Ryckaert-Bell.          LJ-14
    1.39115e+03    3.68954e+03    2.66629e+02    1.81186e+03    2.65634e+03
     Coulomb-14        LJ (SR)  Disper. corr.   Coulomb (SR)   Coul. recip.
    7.78555e+03    1.08319e+05   -5.13265e+03   -7.20189e+05    3.24775e+03
      Potential    Kinetic En.   Total Energy  Conserved En.    Temperature
   -5.96154e+05    9.64567e+04   -4.99697e+05   -4.93360e+05    2.98389e+02
 Pres. DC (bar) Pressure (bar)   Constr. rmsd
   -2.25060e+02    1.67507e+02    2.64780e-06

           Step           Time
          90000      180.00000

   Energies (kJ/mol)
           Bond          Angle    Proper Dih. Ryckaert-Bell.          LJ-14
    1.50863e+03    3.71089e+03    2.58243e+02    1.77782e+03    2.65119e+03
     Coulomb-14        LJ (SR)  Disper. corr.   Coulomb (SR)   Coul. recip.
    7.65479e+03    1.08864e+05   -5.12994e+03   -7.20022e+05    3.27384e+03
      Potential    Kinetic En.   Total Energy  Conserved En.    Temperature
   -5.95453e+05    9.74993e+04   -4.97954e+05   -4.93194e+05    3.01615e+02
 Pres. DC (bar) Pressure (bar)   Constr. rmsd
   -2.24822e+02    2.62782e+02    3.12808e-06

           Step           Time
          95000      190.00000

   Energies (kJ/mol)
           Bond          Angle    Proper Dih. Ryckaert-Bell.          LJ-14
    1.45592e+03    3.91527e+03    2.83238e+02    1.79407e+03    2.63249e+03
     Coulomb-14        LJ (SR)  Disper. corr.   Coulomb (SR)   Coul. recip.
    7.85301e+03    1.06949e+05   -5.10393e+03   -7.16952e+05    3.26980e+03
      Potential    Kinetic En.   Total Energy  Conserved En.    Temperature
   -5.93903e+05    9.68044e+04   -4.97099e+05   -4.92991e+05    2.99465e+02
 Pres. DC (bar) Pressure (bar)   Constr. rmsd
   -2.22551e+02   -8.90682e+01    3.07856e-06

           Step           Time
         100000      200.00000

   Energies (kJ/mol)
           Bond          Angle    Proper Dih. Ryckaert-Bell.          LJ-14
    1.59859e+03    3.90283e+03    2.43854e+02    1.88523e+03    2.60849e+03
     Coulomb-14        LJ (SR)  Disper. corr.   Coulomb (SR)   Coul. recip.
    7.75275e+03    1.07115e+05   -5.12201e+03   -7.17423e+05    3.26220e+03
      Potential    Kinetic En.   Total Energy  Conserved En.    Temperature
   -5.94177e+05    9.76406e+04   -4.96536e+05   -4.92599e+05    3.02052e+02
 Pres. DC (bar) Pressure (bar)   Constr. rmsd
   -2.24129e+02    8.17796e+01    2.66600e-06

           Step           Time
         105000      210.00000

   Energies (kJ/mol)
           Bond          Angle    Proper Dih. Ryckaert-Bell.          LJ-14
    1.47822e+03    3.87865e+03    2.62930e+02    1.70161e+03    2.65613e+03
     Coulomb-14        LJ (SR)  Disper. corr.   Coulomb (SR)   Coul. recip.
    7.83646e+03    1.05524e+05   -5.10958e+03   -7.14660e+05    3.36137e+03
      Potential    Kinetic En.   Total Energy  Conserved En.    Temperature
   -5.93071e+05    9.68079e+04   -4.96263e+05   -4.92069e+05    2.99476e+02
 Pres. DC (bar) Pressure (bar)   Constr. rmsd
   -2.23043e+02   -8.81015e+01    2.76758e-06

           Step           Time
         110000      220.00000

   Energies (kJ/mol)
           Bond          Angle    Proper Dih. Ryckaert-Bell.          LJ-14
    1.53844e+03    3.73846e+03    2.46323e+02    1.79416e+03    2.66355e+03
     Coulomb-14        LJ (SR)  Disper. corr.   Coulomb (SR)   Coul. recip.
    7.69943e+03    1.09851e+05   -5.16539e+03   -7.20846e+05    3.24506e+03
      Potential    Kinetic En.   Total Energy  Conserved En.    Temperature
   -5.95236e+05    9.71338e+04   -4.98102e+05   -4.91678e+05    3.00484e+02
 Pres. DC (bar) Pressure (bar)   Constr. rmsd
   -2.27937e+02    5.44867e+02    3.28265e-06

           Step           Time
         115000      230.00000

   Energies (kJ/mol)
           Bond          Angle    Proper Dih. Ryckaert-Bell.          LJ-14
    1.54730e+03    3.69003e+03    2.54784e+02    1.77024e+03    2.58451e+03
     Coulomb-14        LJ (SR)  Disper. corr.   Coulomb (SR)   Coul. recip.
    7.79077e+03    1.07467e+05   -5.11650e+03   -7.19046e+05    3.42125e+03
      Potential    Kinetic En.   Total Energy  Conserved En.    Temperature
   -5.95636e+05    9.76313e+04   -4.98005e+05   -4.91062e+05    3.02023e+02
 Pres. DC (bar) Pressure (bar)   Constr. rmsd
   -2.23647e+02   -1.04921e+02    2.84886e-06

           Step           Time
         120000      240.00000

   Energies (kJ/mol)
           Bond          Angle    Proper Dih. Ryckaert-Bell.          LJ-14
    1.49675e+03    3.75407e+03    2.16893e+02    1.80828e+03    2.63175e+03
     Coulomb-14        LJ (SR)  Disper. corr.   Coulomb (SR)   Coul. recip.
    7.68262e+03    1.07972e+05   -5.13246e+03   -7.18999e+05    3.25122e+03
      Potential    Kinetic En.   Total Energy  Conserved En.    Temperature
   -5.95318e+05    9.78094e+04   -4.97508e+05   -4.90870e+05    3.02574e+02
 Pres. DC (bar) Pressure (bar)   Constr. rmsd
   -2.25043e+02    1.12565e+02    2.74475e-06

           Step           Time
         125000      250.00000

   Energies (kJ/mol)
           Bond          Angle    Proper Dih. Ryckaert-Bell.          LJ-14
    1.42249e+03    3.74457e+03    2.10763e+02    1.76643e+03    2.65799e+03
     Coulomb-14        LJ (SR)  Disper. corr.   Coulomb (SR)   Coul. recip.
    7.81691e+03    1.09118e+05   -5.11735e+03   -7.20105e+05    3.35714e+03
      Potential    Kinetic En.   Total Energy  Conserved En.    Temperature
   -5.95128e+05    9.65991e+04   -4.98529e+05   -4.90590e+05    2.98830e+02
 Pres. DC (bar) Pressure (bar)   Constr. rmsd
   -2.23721e+02    3.08415e+02    3.15770e-06

           Step           Time
         130000      260.00000

   Energies (kJ/mol)
           Bond          Angle    Proper Dih. Ryckaert-Bell.          LJ-14
    1.52286e+03    3.56717e+03    2.52860e+02    1.80142e+03    2.69254e+03
     Coulomb-14        LJ (SR)  Disper. corr.   Coulomb (SR)   Coul. recip.
    7.71281e+03    1.05409e+05   -5.08775e+03   -7.15700e+05    3.44334e+03
      Potential    Kinetic En.   Total Energy  Conserved En.    Temperature
   -5.94385e+05    9.62502e+04   -4.98135e+05   -4.90392e+05    2.97750e+02
 Pres. DC (bar) Pressure (bar)   Constr. rmsd
   -2.21143e+02   -2.94258e+02    2.69724e-06

           Step           Time
         135000      270.00000

   Energies (kJ/mol)
           Bond          Angle    Proper Dih. Ryckaert-Bell.          LJ-14
    1.55788e+03    3.65090e+03    2.27496e+02    1.79894e+03    2.65956e+03
     Coulomb-14        LJ (SR)  Disper. corr.   Coulomb (SR)   Coul. recip.
    7.79705e+03    1.07455e+05   -5.11456e+03   -7.18731e+05    3.28624e+03
      Potential    Kinetic En.   Total Energy  Conserved En.    Temperature
   -5.95412e+05    9.78117e+04   -4.97600e+05   -4.90078e+05    3.02581e+02
 Pres. DC (bar) Pressure (bar)   Constr. rmsd
   -2.23478e+02    2.32098e+01    3.39727e-06

           Step           Time
         140000      280.00000

   Energies (kJ/mol)
           Bond          Angle    Proper Dih. Ryckaert-Bell.          LJ-14
    1.61212e+03    3.69498e+03    2.29540e+02    1.74263e+03    2.61955e+03
     Coulomb-14        LJ (SR)  Disper. corr.   Coulomb (SR)   Coul. recip.
    7.75129e+03    1.06846e+05   -5.09137e+03   -7.17677e+05    3.29374e+03
      Potential    Kinetic En.   Total Energy  Conserved En.    Temperature
   -5.94978e+05    9.72134e+04   -4.97764e+05   -4.89839e+05    3.00730e+02
 Pres. DC (bar) Pressure (bar)   Constr. rmsd
   -2.21458e+02   -2.40095e+02    3.03516e-06

           Step           Time
         145000      290.00000

   Energies (kJ/mol)
           Bond          Angle    Proper Dih. Ryckaert-Bell.          LJ-14
    1.52202e+03    3.83436e+03    2.69764e+02    1.86060e+03    2.65445e+03
     Coulomb-14        LJ (SR)  Disper. corr.   Coulomb (SR)   Coul. recip.
    7.84907e+03    1.09539e+05   -5.11630e+03   -7.20289e+05    3.17977e+03
      Potential    Kinetic En.   Total Energy  Conserved En.    Temperature
   -5.94696e+05    9.72904e+04   -4.97406e+05   -4.89434e+05    3.00968e+02
 Pres. DC (bar) Pressure (bar)   Constr. rmsd
   -2.23630e+02    3.31022e+02    2.93019e-06

           Step           Time
         150000      300.00000

   Energies (kJ/mol)
           Bond          Angle    Proper Dih. Ryckaert-Bell.          LJ-14
    1.44496e+03    3.84788e+03    2.78432e+02    1.88982e+03    2.74841e+03
     Coulomb-14        LJ (SR)  Disper. corr.   Coulomb (SR)   Coul. recip.
    7.83356e+03    1.07630e+05   -5.12447e+03   -7.18691e+05    3.28121e+03
      Potential    Kinetic En.   Total Energy  Conserved En.    Temperature
   -5.94862e+05    9.73925e+04   -4.97469e+05   -4.89065e+05    3.01284e+02
 Pres. DC (bar) Pressure (bar)   Constr. rmsd
   -2.24344e+02    2.82227e+02    2.81853e-06

           Step           Time
         155000      310.00000

   Energies (kJ/mol)
           Bond          Angle    Proper Dih. Ryckaert-Bell.          LJ-14
    1.58219e+03    3.70040e+03    2.26379e+02    1.85358e+03    2.56658e+03
     Coulomb-14        LJ (SR)  Disper. corr.   Coulomb (SR)   Coul. recip.
    7.82383e+03    1.08511e+05   -5.12147e+03   -7.21524e+05    3.32599e+03
      Potential    Kinetic En.   Total Energy  Conserved En.    Temperature
   -5.97056e+05    9.67089e+04   -5.00347e+05   -4.88644e+05    2.99169e+02
 Pres. DC (bar) Pressure (bar)   Constr. rmsd
   -2.24081e+02   -2.67447e+01    2.88109e-06

           Step           Time
         160000      320.00000

   Energies (kJ/mol)
           Bond          Angle    Proper Dih. Ryckaert-Bell.          LJ-14
    1.38723e+03    3.78092e+03    2.59160e+02    1.81393e+03    2.66907e+03
     Coulomb-14        LJ (SR)  Disper. corr.   Coulomb (SR)   Coul. recip.
    7.82847e+03    1.07005e+05   -5.08153e+03   -7.17556e+05    3.25647e+03
      Potential    Kinetic En.   Total Energy  Conserved En.    Temperature
   -5.94637e+05    9.66325e+04   -4.98005e+05   -4.88182e+05    2.98933e+02
 Pres. DC (bar) Pressure (bar)   Constr. rmsd
   -2.20604e+02   -1.56294e+02    2.48054e-06

           Step           Time
         165000      330.00000

   Energies (kJ/mol)
           Bond          Angle    Proper Dih. Ryckaert-Bell.          LJ-14
    1.41509e+03    3.81659e+03    2.48549e+02    1.78327e+03    2.69599e+03
     Coulomb-14        LJ (SR)  Disper. corr.   Coulomb (SR)   Coul. recip.
    7.89337e+03    1.06552e+05   -5.11588e+03   -7.17302e+05    3.23329e+03
      Potential    Kinetic En.   Total Energy  Conserved En.    Temperature
   -5.94780e+05    9.66974e+04   -4.98083e+05   -4.87745e+05    2.99134e+02
 Pres. DC (bar) Pressure (bar)   Constr. rmsd
   -2.23593e+02   -2.61852e+01    2.73860e-06

           Step           Time
         170000      340.00000

   Energies (kJ/mol)
           Bond          Angle    Proper Dih. Ryckaert-Bell.          LJ-14
    1.49295e+03    3.78278e+03    2.36302e+02    1.82599e+03    2.63479e+03
     Coulomb-14        LJ (SR)  Disper. corr.   Coulomb (SR)   Coul. recip.
    7.72216e+03    1.06838e+05   -5.11902e+03   -7.17182e+05    3.23572e+03
      Potential    Kinetic En.   Total Energy  Conserved En.    Temperature
   -5.94532e+05    9.74420e+04   -4.97091e+05   -4.87594e+05    3.01437e+02
 Pres. DC (bar) Pressure (bar)   Constr. rmsd
   -2.23868e+02    2.27986e+01    2.85824e-06

           Step           Time
         175000      350.00000

   Energies (kJ/mol)
           Bond          Angle    Proper Dih. Ryckaert-Bell.          LJ-14
    1.57409e+03    3.74928e+03    2.49065e+02    1.83490e+03    2.64975e+03
     Coulomb-14        LJ (SR)  Disper. corr.   Coulomb (SR)   Coul. recip.
    7.83881e+03    1.07247e+05   -5.11373e+03   -7.17603e+05    3.28813e+03
      Potential    Kinetic En.   Total Energy  Conserved En.    Temperature
   -5.94286e+05    9.67059e+04   -4.97580e+05   -4.87450e+05    2.99160e+02
 Pres. DC (bar) Pressure (bar)   Constr. rmsd
   -2.23406e+02   -2.45782e+01    3.01078e-06

           Step           Time
         180000      360.00000

   Energies (kJ/mol)
           Bond          Angle    Proper Dih. Ryckaert-Bell.          LJ-14
    1.45934e+03    3.88511e+03    2.91835e+02    1.87850e+03    2.69198e+03
     Coulomb-14        LJ (SR)  Disper. corr.   Coulomb (SR)   Coul. recip.
    7.91022e+03    1.06773e+05   -5.11453e+03   -7.17413e+05    3.23534e+03
      Potential    Kinetic En.   Total Energy  Conserved En.    Temperature
   -5.94402e+05    9.64805e+04   -4.97922e+05   -4.87272e+05    2.98463e+02
 Pres. DC (bar) Pressure (bar)   Constr. rmsd
   -2.23475e+02   -2.42452e+01    2.78045e-06

           Step           Time
         185000      370.00000

   Energies (kJ/mol)
           Bond          Angle    Proper Dih. Ryckaert-Bell.          LJ-14
    1.45645e+03    3.63980e+03    2.43441e+02    1.76762e+03    2.73062e+03
     Coulomb-14        LJ (SR)  Disper. corr.   Coulomb (SR)   Coul. recip.
    7.84637e+03    1.09256e+05   -5.11928e+03   -7.21376e+05    3.17659e+03
      Potential    Kinetic En.   Total Energy  Conserved En.    Temperature
   -5.96379e+05    9.64101e+04   -4.99969e+05   -4.87067e+05    2.98245e+02
 Pres. DC (bar) Pressure (bar)   Constr. rmsd
   -2.23890e+02    2.15385e+02    2.86922e-06

           Step           Time
         190000      380.00000

   Energies (kJ/mol)
           Bond          Angle    Proper Dih. Ryckaert-Bell.          LJ-14
    1.47136e+03    3.83002e+03    2.46203e+02    1.88317e+03    2.62041e+03
     Coulomb-14        LJ (SR)  Disper. corr.   Coulomb (SR)   Coul. recip.
    7.78015e+03    1.06847e+05   -5.11952e+03   -7.17131e+05    3.27048e+03
      Potential    Kinetic En.   Total Energy  Conserved En.    Temperature
   -5.94302e+05    9.72247e+04   -4.97077e+05   -4.86815e+05    3.00765e+02
 Pres. DC (bar) Pressure (bar)   Constr. rmsd
   -2.23910e+02    6.44912e+01    2.87745e-06

           Step           Time
         195000      390.00000

   Energies (kJ/mol)
           Bond          Angle    Proper Dih. Ryckaert-Bell.          LJ-14
    1.57284e+03    3.86944e+03    2.59098e+02    1.83502e+03    2.69910e+03
     Coulomb-14        LJ (SR)  Disper. corr.   Coulomb (SR)   Coul. recip.
    7.86894e+03    1.06378e+05   -5.09679e+03   -7.17927e+05    3.25297e+03
      Potential    Kinetic En.   Total Energy  Conserved En.    Temperature
   -5.95289e+05    9.68862e+04   -4.98403e+05   -4.86239e+05    2.99718e+02
 Pres. DC (bar) Pressure (bar)   Constr. rmsd
   -2.21929e+02   -2.86348e+02    2.62146e-06

           Step           Time
         200000      400.00000

   Energies (kJ/mol)
           Bond          Angle    Proper Dih. Ryckaert-Bell.          LJ-14
    1.42029e+03    3.60938e+03    2.51887e+02    1.80498e+03    2.72501e+03
     Coulomb-14        LJ (SR)  Disper. corr.   Coulomb (SR)   Coul. recip.
    7.92942e+03    1.06840e+05   -5.12526e+03   -7.19320e+05    3.33038e+03
      Potential    Kinetic En.   Total Energy  Conserved En.    Temperature
   -5.96534e+05    9.64518e+04   -5.00082e+05   -4.85923e+05    2.98374e+02
 Pres. DC (bar) Pressure (bar)   Constr. rmsd
   -2.24413e+02   -3.36940e+01    2.89969e-06

           Step           Time
         205000      410.00000

   Energies (kJ/mol)
           Bond          Angle    Proper Dih. Ryckaert-Bell.          LJ-14
    1.31964e+03    3.78394e+03    2.44571e+02    1.82457e+03    2.65372e+03
     Coulomb-14        LJ (SR)  Disper. corr.   Coulomb (SR)   Coul. recip.
    7.81782e+03    1.09540e+05   -5.15268e+03   -7.21758e+05    3.19967e+03
      Potential    Kinetic En.   Total Energy  Conserved En.    Temperature
   -5.96526e+05    9.67801e+04   -4.99746e+05   -4.85699e+05    2.99390e+02
 Pres. DC (bar) Pressure (bar)   Constr. rmsd
   -2.26818e+02    4.28031e+02    2.76132e-06

           Step           Time
         210000      420.00000

   Energies (kJ/mol)
           Bond          Angle    Proper Dih. Ryckaert-Bell.          LJ-14
    1.36812e+03    3.73817e+03    2.46454e+02    1.88607e+03    2.65844e+03
     Coulomb-14        LJ (SR)  Disper. corr.   Coulomb (SR)   Coul. recip.
    7.75369e+03    1.08826e+05   -5.11595e+03   -7.20931e+05    3.36478e+03
      Potential    Kinetic En.   Total Energy  Conserved En.    Temperature
   -5.96206e+05    9.69880e+04   -4.99217e+05   -4.85326e+05    3.00033e+02
 Pres. DC (bar) Pressure (bar)   Constr. rmsd
   -2.23599e+02    2.27252e+02    2.92809e-06

           Step           Time
         215000      430.00000

   Energies (kJ/mol)
           Bond          Angle    Proper Dih. Ryckaert-Bell.          LJ-14
    1.46947e+03    3.76369e+03    2.02608e+02    1.82993e+03    2.69081e+03
     Coulomb-14        LJ (SR)  Disper. corr.   Coulomb (SR)   Coul. recip.
    7.81796e+03    1.06827e+05   -5.12372e+03   -7.16896e+05    3.31507e+03
      Potential    Kinetic En.   Total Energy  Conserved En.    Temperature
   -5.94103e+05    9.67660e+04   -4.97337e+05   -4.85076e+05    2.99346e+02
 Pres. DC (bar) Pressure (bar)   Constr. rmsd
   -2.24278e+02    2.59662e+01    2.65201e-06

           Step           Time
         220000      440.00000

   Energies (kJ/mol)
           Bond          Angle    Proper Dih. Ryckaert-Bell.          LJ-14
    1.46795e+03    3.70601e+03    2.53182e+02    1.77852e+03    2.69389e+03
     Coulomb-14        LJ (SR)  Disper. corr.   Coulomb (SR)   Coul. recip.
    7.79136e+03    1.07868e+05   -5.09127e+03   -7.19485e+05    3.35890e+03
      Potential    Kinetic En.   Total Energy  Conserved En.    Temperature
   -5.95659e+05    9.78526e+04   -4.97806e+05   -4.84498e+05    3.02708e+02
 Pres. DC (bar) Pressure (bar)   Constr. rmsd
   -2.21449e+02   -8.84953e+01    3.13865e-06

           Step           Time
         225000      450.00000

   Energies (kJ/mol)
           Bond          Angle    Proper Dih. Ryckaert-Bell.          LJ-14
    1.42694e+03    3.76875e+03    2.54991e+02    1.84427e+03    2.72845e+03
     Coulomb-14        LJ (SR)  Disper. corr.   Coulomb (SR)   Coul. recip.
    7.81700e+03    1.07250e+05   -5.09476e+03   -7.18325e+05    3.31018e+03
      Potential    Kinetic En.   Total Energy  Conserved En.    Temperature
   -5.95019e+05    9.77132e+04   -4.97305e+05   -4.84227e+05    3.02276e+02
 Pres. DC (bar) Pressure (bar)   Constr. rmsd
   -2.21753e+02   -2.32686e+01    3.29813e-06

           Step           Time
         230000      460.00000

   Energies (kJ/mol)
           Bond          Angle    Proper Dih. Ryckaert-Bell.          LJ-14
    1.51247e+03    3.87225e+03    2.20757e+02    1.84169e+03    2.59695e+03
     Coulomb-14        LJ (SR)  Disper. corr.   Coulomb (SR)   Coul. recip.
    7.76842e+03    1.06729e+05   -5.09831e+03   -7.18123e+05    3.27100e+03
      Potential    Kinetic En.   Total Energy  Conserved En.    Temperature
   -5.95408e+05    9.71637e+04   -4.98245e+05   -4.83862e+05    3.00576e+02
 Pres. DC (bar) Pressure (bar)   Constr. rmsd
   -2.22062e+02   -1.61122e+02    3.10444e-06

           Step           Time
         235000      470.00000

   Energies (kJ/mol)
           Bond          Angle    Proper Dih. Ryckaert-Bell.          LJ-14
    1.51551e+03    3.69643e+03    2.19178e+02    1.82693e+03    2.70631e+03
     Coulomb-14        LJ (SR)  Disper. corr.   Coulomb (SR)   Coul. recip.
    7.79020e+03    1.07595e+05   -5.10053e+03   -7.17711e+05    3.28690e+03
      Potential    Kinetic En.   Total Energy  Conserved En.    Temperature
   -5.94176e+05    9.66812e+04   -4.97495e+05   -4.83643e+05    2.99084e+02
 Pres. DC (bar) Pressure (bar)   Constr. rmsd
   -2.22255e+02    2.29033e+01    2.91745e-06

           Step           Time
         240000      480.00000

   Energies (kJ/mol)
           Bond          Angle    Proper Dih. Ryckaert-Bell.          LJ-14
    1.42090e+03    3.58372e+03    2.32212e+02    1.88835e+03    2.74948e+03
     Coulomb-14        LJ (SR)  Disper. corr.   Coulomb (SR)   Coul. recip.
    7.84623e+03    1.08167e+05   -5.13270e+03   -7.20768e+05    3.22467e+03
      Potential    Kinetic En.   Total Energy  Conserved En.    Temperature
   -5.96789e+05    9.72959e+04   -4.99493e+05   -4.83518e+05    3.00985e+02
 Pres. DC (bar) Pressure (bar)   Constr. rmsd
   -2.25064e+02    1.46329e+02    2.75878e-06

           Step           Time
         245000      490.00000

   Energies (kJ/mol)
           Bond          Angle    Proper Dih. Ryckaert-Bell.          LJ-14
    1.56794e+03    3.75145e+03    2.54431e+02    1.83326e+03    2.62556e+03
     Coulomb-14        LJ (SR)  Disper. corr.   Coulomb (SR)   Coul. recip.
    7.76290e+03    1.06385e+05   -5.06568e+03   -7.16871e+05    3.31942e+03
      Potential    Kinetic En.   Total Energy  Conserved En.    Temperature
   -5.94437e+05    9.73366e+04   -4.97100e+05   -4.83093e+05    3.01111e+02
 Pres. DC (bar) Pressure (bar)   Constr. rmsd
   -2.19232e+02   -3.36821e+02    2.83848e-06

           Step           Time
         250000      500.00000

   Energies (kJ/mol)
           Bond          Angle    Proper Dih. Ryckaert-Bell.          LJ-14
    1.49415e+03    3.71198e+03    2.24967e+02    1.88379e+03    2.75171e+03
     Coulomb-14        LJ (SR)  Disper. corr.   Coulomb (SR)   Coul. recip.
    7.82451e+03    1.08008e+05   -5.07799e+03   -7.19104e+05    3.18783e+03
      Potential    Kinetic En.   Total Energy  Conserved En.    Temperature
   -5.95095e+05    9.72694e+04   -4.97826e+05   -4.83028e+05    3.00903e+02
 Pres. DC (bar) Pressure (bar)   Constr. rmsd
   -2.20297e+02    7.55927e+01    3.01164e-06

           Step           Time
         255000      510.00000

   Energies (kJ/mol)
           Bond          Angle    Proper Dih. Ryckaert-Bell.          LJ-14
    1.40034e+03    3.75318e+03    2.69238e+02    1.85961e+03    2.71714e+03
     Coulomb-14        LJ (SR)  Disper. corr.   Coulomb (SR)   Coul. recip.
    7.79353e+03    1.07699e+05   -5.12557e+03   -7.18409e+05    3.23117e+03
      Potential    Kinetic En.   Total Energy  Conserved En.    Temperature
   -5.94811e+05    9.68603e+04   -4.97951e+05   -4.82798e+05    2.99638e+02
 Pres. DC (bar) Pressure (bar)   Constr. rmsd
   -2.24439e+02    2.11851e+02    2.84829e-06

           Step           Time
         260000      520.00000

   Energies (kJ/mol)
           Bond          Angle    Proper Dih. Ryckaert-Bell.          LJ-14
    1.52246e+03    3.67397e+03    2.61816e+02    1.86138e+03    2.66450e+03
     Coulomb-14        LJ (SR)  Disper. corr.   Coulomb (SR)   Coul. recip.
    7.75626e+03    1.08852e+05   -5.11058e+03   -7.20509e+05    3.22068e+03
      Potential    Kinetic En.   Total Energy  Conserved En.    Temperature
   -5.95807e+05    9.73672e+04   -4.98439e+05   -4.82319e+05    3.01206e+02
 Pres. DC (bar) Pressure (bar)   Constr. rmsd
   -2.23131e+02    2.08678e+02    2.80302e-06

           Step           Time
         265000      530.00000

   Energies (kJ/mol)
           Bond          Angle    Proper Dih. Ryckaert-Bell.          LJ-14
    1.59370e+03    3.76055e+03    2.29828e+02    1.89520e+03    2.66514e+03
     Coulomb-14        LJ (SR)  Disper. corr.   Coulomb (SR)   Coul. recip.
    7.75888e+03    1.07243e+05   -5.11477e+03   -7.17206e+05    3.30518e+03
      Potential    Kinetic En.   Total Energy  Conserved En.    Temperature
   -5.93870e+05    9.64637e+04   -4.97406e+05   -4.81968e+05    2.98411e+02
 Pres. DC (bar) Pressure (bar)   Constr. rmsd
   -2.23496e+02   -4.81983e+01    3.05580e-06

           Step           Time
         270000      540.00000

   Energies (kJ/mol)
           Bond          Angle    Proper Dih. Ryckaert-Bell.          LJ-14
    1.50917e+03    3.77549e+03    2.54259e+02    1.84412e+03    2.71084e+03
     Coulomb-14        LJ (SR)  Disper. corr.   Coulomb (SR)   Coul. recip.
    7.78088e+03    1.07651e+05   -5.10765e+03   -7.18158e+05    3.18750e+03
      Potential    Kinetic En.   Total Energy  Conserved En.    Temperature
   -5.94552e+05    9.68076e+04   -4.97745e+05   -4.81660e+05    2.99475e+02
 Pres. DC (bar) Pressure (bar)   Constr. rmsd
   -2.22875e+02    1.32719e+02    2.85914e-06

           Step           Time
         275000      550.00000

   Energies (kJ/mol)
           Bond          Angle    Proper Dih. Ryckaert-Bell.          LJ-14
    1.50237e+03    3.74997e+03    2.87063e+02    1.82032e+03    2.65963e+03
     Coulomb-14        LJ (SR)  Disper. corr.   Coulomb (SR)   Coul. recip.
    7.80449e+03    1.07693e+05   -5.09975e+03   -7.18082e+05    3.18646e+03
      Potential    Kinetic En.   Total Energy  Conserved En.    Temperature
   -5.94479e+05    9.71734e+04   -4.97305e+05   -4.81305e+05    3.00606e+02
 Pres. DC (bar) Pressure (bar)   Constr. rmsd
   -2.22187e+02    2.57501e+01    2.91199e-06

           Step           Time
         280000      560.00000

   Energies (kJ/mol)
           Bond          Angle    Proper Dih. Ryckaert-Bell.          LJ-14
    1.53015e+03    3.84359e+03    2.63835e+02    1.78065e+03    2.71112e+03
     Coulomb-14        LJ (SR)  Disper. corr.   Coulomb (SR)   Coul. recip.
    7.88022e+03    1.07322e+05   -5.11944e+03   -7.18787e+05    3.20218e+03
      Potential    Kinetic En.   Total Energy  Conserved En.    Temperature
   -5.95373e+05    9.76532e+04   -4.97720e+05   -4.80895e+05    3.02091e+02
 Pres. DC (bar) Pressure (bar)   Constr. rmsd
   -2.23904e+02   -1.35845e+01    2.89541e-06

           Step           Time
         285000      570.00000

   Energies (kJ/mol)
           Bond          Angle    Proper Dih. Ryckaert-Bell.          LJ-14
    1.42515e+03    3.79174e+03    2.29093e+02    1.73303e+03    2.64393e+03
     Coulomb-14        LJ (SR)  Disper. corr.   Coulomb (SR)   Coul. recip.
    7.79297e+03    1.05635e+05   -5.06248e+03   -7.15704e+05    3.27321e+03
      Potential    Kinetic En.   Total Energy  Conserved En.    Temperature
   -5.94242e+05    9.72269e+04   -4.97015e+05   -4.80488e+05    3.00772e+02
 Pres. DC (bar) Pressure (bar)   Constr. rmsd
   -2.18955e+02   -3.52243e+02    3.05018e-06

           Step           Time
         290000      580.00000

   Energies (kJ/mol)
           Bond          Angle    Proper Dih. Ryckaert-Bell.          LJ-14
    1.49788e+03    3.62469e+03    2.54836e+02    1.81947e+03    2.66663e+03
     Coulomb-14        LJ (SR)  Disper. corr.   Coulomb (SR)   Coul. recip.
    7.76907e+03    1.07422e+05   -5.07740e+03   -7.19042e+05    3.22391e+03
      Potential    Kinetic En.   Total Energy  Conserved En.    Temperature
   -5.95840e+05    9.69206e+04   -4.98920e+05   -4.80276e+05    2.99824e+02
 Pres. DC (bar) Pressure (bar)   Constr. rmsd
   -2.20246e+02   -1.98619e+02    3.00872e-06

           Step           Time
         295000      590.00000

   Energies (kJ/mol)
           Bond          Angle    Proper Dih. Ryckaert-Bell.          LJ-14
    1.44505e+03    3.69887e+03    2.52513e+02    1.80699e+03    2.65172e+03
     Coulomb-14        LJ (SR)  Disper. corr.   Coulomb (SR)   Coul. recip.
    7.90606e+03    1.07259e+05   -5.11235e+03   -7.19057e+05    3.25250e+03
      Potential    Kinetic En.   Total Energy  Conserved En.    Temperature
   -5.95896e+05    9.67978e+04   -4.99098e+05   -4.79943e+05    2.99444e+02
 Pres. DC (bar) Pressure (bar)   Constr. rmsd
   -2.23285e+02   -4.92569e+01    2.66186e-06

           Step           Time
         300000      600.00000

   Energies (kJ/mol)
           Bond          Angle    Proper Dih. Ryckaert-Bell.          LJ-14
    1.56112e+03    3.85843e+03    2.48431e+02    1.85355e+03    2.65301e+03
     Coulomb-14        LJ (SR)  Disper. corr.   Coulomb (SR)   Coul. recip.
    7.79131e+03    1.06096e+05   -5.08733e+03   -7.16976e+05    3.29564e+03
      Potential    Kinetic En.   Total Energy  Conserved En.    Temperature
   -5.94706e+05    9.63555e+04   -4.98351e+05   -4.79567e+05    2.98076e+02
 Pres. DC (bar) Pressure (bar)   Constr. rmsd
   -2.21107e+02   -1.92787e+02    2.70999e-06

           Step           Time
         305000      610.00000

   Energies (kJ/mol)
           Bond          Angle    Proper Dih. Ryckaert-Bell.          LJ-14
    1.42275e+03    3.64342e+03    2.27408e+02    1.83967e+03    2.70008e+03
     Coulomb-14        LJ (SR)  Disper. corr.   Coulomb (SR)   Coul. recip.
    7.76117e+03    1.06029e+05   -5.12304e+03   -7.16430e+05    3.27069e+03
      Potential    Kinetic En.   Total Energy  Conserved En.    Temperature
   -5.94659e+05    9.60966e+04   -4.98562e+05   -4.79074e+05    2.97275e+02
 Pres. DC (bar) Pressure (bar)   Constr. rmsd
   -2.24219e+02   -6.70866e+01    3.24313e-06

           Step           Time
         310000      620.00000

   Energies (kJ/mol)
           Bond          Angle    Proper Dih. Ryckaert-Bell.          LJ-14
    1.41184e+03    3.85088e+03    2.85539e+02    1.87203e+03    2.76759e+03
     Coulomb-14        LJ (SR)  Disper. corr.   Coulomb (SR)   Coul. recip.
    7.78550e+03    1.06469e+05   -5.10259e+03   -7.16335e+05    3.44265e+03
      Potential    Kinetic En.   Total Energy  Conserved En.    Temperature
   -5.93553e+05    9.64798e+04   -4.97073e+05   -4.78772e+05    2.98461e+02
 Pres. DC (bar) Pressure (bar)   Constr. rmsd
   -2.22434e+02    2.93871e+01    2.80461e-06

           Step           Time
         315000      630.00000

   Energies (kJ/mol)
           Bond          Angle    Proper Dih. Ryckaert-Bell.          LJ-14
    1.46538e+03    3.89233e+03    2.43522e+02    1.76999e+03    2.66239e+03
     Coulomb-14        LJ (SR)  Disper. corr.   Coulomb (SR)   Coul. recip.
    7.69596e+03    1.06601e+05   -5.06353e+03   -7.17401e+05    3.28899e+03
      Potential    Kinetic En.   Total Energy  Conserved En.    Temperature
   -5.94845e+05    9.67194e+04   -4.98126e+05   -4.78386e+05    2.99202e+02
 Pres. DC (bar) Pressure (bar)   Constr. rmsd
   -2.19046e+02   -2.09169e+02    2.88348e-06

           Step           Time
         320000      640.00000

   Energies (kJ/mol)
           Bond          Angle    Proper Dih. Ryckaert-Bell.          LJ-14
    1.50745e+03    3.59877e+03    2.19964e+02    1.79362e+03    2.72916e+03
     Coulomb-14        LJ (SR)  Disper. corr.   Coulomb (SR)   Coul. recip.
    7.88192e+03    1.08293e+05   -5.14690e+03   -7.20398e+05    3.24227e+03
      Potential    Kinetic En.   Total Energy  Conserved En.    Temperature
   -5.96279e+05    9.69599e+04   -4.99320e+05   -4.78125e+05    2.99946e+02
 Pres. DC (bar) Pressure (bar)   Constr. rmsd
   -2.26310e+02    2.42253e+02    2.88184e-06

           Step           Time
         325000      650.00000

   Energies (kJ/mol)
           Bond          Angle    Proper Dih. Ryckaert-Bell.          LJ-14
    1.41126e+03    3.80509e+03    2.58042e+02    1.94823e+03    2.70351e+03
     Coulomb-14        LJ (SR)  Disper. corr.   Coulomb (SR)   Coul. recip.
    7.75254e+03    1.07237e+05   -5.09178e+03   -7.17707e+05    3.30902e+03
      Potential    Kinetic En.   Total Energy  Conserved En.    Temperature
   -5.94374e+05    9.65408e+04   -4.97833e+05   -4.77885e+05    2.98649e+02
 Pres. DC (bar) Pressure (bar)   Constr. rmsd
   -2.21494e+02    5.17355e+01    2.86987e-06

           Step           Time
         330000      660.00000

   Energies (kJ/mol)
           Bond          Angle    Proper Dih. Ryckaert-Bell.          LJ-14
    1.47362e+03    3.70596e+03    2.46493e+02    1.92205e+03    2.64909e+03
     Coulomb-14        LJ (SR)  Disper. corr.   Coulomb (SR)   Coul. recip.
    7.83691e+03    1.06743e+05   -5.08846e+03   -7.18098e+05    3.23630e+03
      Potential    Kinetic En.   Total Energy  Conserved En.    Temperature
   -5.95373e+05    9.57428e+04   -4.99630e+05   -4.77744e+05    2.96181e+02
 Pres. DC (bar) Pressure (bar)   Constr. rmsd
   -2.21206e+02   -9.57748e+01    2.90415e-06

           Step           Time
         335000      670.00000

   Energies (kJ/mol)
           Bond          Angle    Proper Dih. Ryckaert-Bell.          LJ-14
    1.48664e+03    3.75303e+03    2.58272e+02    1.94689e+03    2.71149e+03
     Coulomb-14        LJ (SR)  Disper. corr.   Coulomb (SR)   Coul. recip.
    7.79306e+03    1.09023e+05   -5.13164e+03   -7.20615e+05    3.15769e+03
      Potential    Kinetic En.   Total Energy  Conserved En.    Temperature
   -5.95616e+05    9.68258e+04   -4.98790e+05   -4.77611e+05    2.99531e+02
 Pres. DC (bar) Pressure (bar)   Constr. rmsd
   -2.24971e+02    2.43023e+02    2.72200e-06

           Step           Time
         340000      680.00000

   Energies (kJ/mol)
           Bond          Angle    Proper Dih. Ryckaert-Bell.          LJ-14
    1.52415e+03    3.74883e+03    2.75667e+02    1.90958e+03    2.67804e+03
     Coulomb-14        LJ (SR)  Disper. corr.   Coulomb (SR)   Coul. recip.
    7.88238e+03    1.05796e+05   -5.06186e+03   -7.15424e+05    3.35008e+03
      Potential    Kinetic En.   Total Energy  Conserved En.    Temperature
   -5.93321e+05    9.75738e+04   -4.95747e+05   -4.77441e+05    3.01845e+02
 Pres. DC (bar) Pressure (bar)   Constr. rmsd
   -2.18902e+02   -1.72948e+02    2.91361e-06

           Step           Time
         345000      690.00000

   Energies (kJ/mol)
           Bond          Angle    Proper Dih. Ryckaert-Bell.          LJ-14
    1.44122e+03    3.59067e+03    3.12209e+02    1.89292e+03    2.70267e+03
     Coulomb-14        LJ (SR)  Disper. corr.   Coulomb (SR)   Coul. recip.
    7.82140e+03    1.06387e+05   -5.10078e+03   -7.17565e+05    3.35618e+03
      Potential    Kinetic En.   Total Energy  Conserved En.    Temperature
   -5.95161e+05    9.72920e+04   -4.97869e+05   -4.77141e+05    3.00973e+02
 Pres. DC (bar) Pressure (bar)   Constr. rmsd
   -2.22276e+02   -1.72882e+02    2.77155e-06

           Step           Time
         350000      700.00000

   Energies (kJ/mol)
           Bond          Angle    Proper Dih. Ryckaert-Bell.          LJ-14
    1.44978e+03    3.75990e+03    2.52841e+02    1.78237e+03    2.74422e+03
     Coulomb-14        LJ (SR)  Disper. corr.   Coulomb (SR)   Coul. recip.
    7.88999e+03    1.07264e+05   -5.10292e+03   -7.18702e+05    3.25534e+03
      Potential    Kinetic En.   Total Energy  Conserved En.    Temperature
   -5.95407e+05    9.82531e+04   -4.97154e+05   -4.76830e+05    3.03946e+02
 Pres. DC (bar) Pressure (bar)   Constr. rmsd
   -2.22463e+02    3.85711e+01    2.96086e-06

           Step           Time
         355000      710.00000

   Energies (kJ/mol)
           Bond          Angle    Proper Dih. Ryckaert-Bell.          LJ-14
    1.42734e+03    3.83729e+03    2.41729e+02    1.70895e+03    2.74056e+03
     Coulomb-14        LJ (SR)  Disper. corr.   Coulomb (SR)   Coul. recip.
    7.78683e+03    1.08194e+05   -5.12458e+03   -7.18328e+05    3.20629e+03
      Potential    Kinetic En.   Total Energy  Conserved En.    Temperature
   -5.94309e+05    9.70046e+04   -4.97304e+05   -4.76593e+05    3.00084e+02
 Pres. DC (bar) Pressure (bar)   Constr. rmsd
   -2.24354e+02    2.81699e+02    3.01824e-06

           Step           Time
         360000      720.00000

   Energies (kJ/mol)
           Bond          Angle    Proper Dih. Ryckaert-Bell.          LJ-14
    1.52666e+03    3.77532e+03    2.30073e+02    1.84553e+03    2.66145e+03
     Coulomb-14        LJ (SR)  Disper. corr.   Coulomb (SR)   Coul. recip.
    7.83581e+03    1.07472e+05   -5.13166e+03   -7.19511e+05    3.26403e+03
      Potential    Kinetic En.   Total Energy  Conserved En.    Temperature
   -5.96032e+05    9.77160e+04   -4.98316e+05   -4.76410e+05    3.02285e+02
 Pres. DC (bar) Pressure (bar)   Constr. rmsd
   -2.24973e+02    6.44078e+00    2.68775e-06

Writing checkpoint, step 364000 at Fri Dec  6 15:18:10 2024


           Step           Time
         365000      730.00000

   Energies (kJ/mol)
           Bond          Angle    Proper Dih. Ryckaert-Bell.          LJ-14
    1.56854e+03    3.67357e+03    2.55867e+02    1.75998e+03    2.61449e+03
     Coulomb-14        LJ (SR)  Disper. corr.   Coulomb (SR)   Coul. recip.
    7.73595e+03    1.07633e+05   -5.10960e+03   -7.18572e+05    3.33074e+03
      Potential    Kinetic En.   Total Energy  Conserved En.    Temperature
   -5.95109e+05    9.62944e+04   -4.98815e+05   -4.76060e+05    2.97887e+02
 Pres. DC (bar) Pressure (bar)   Constr. rmsd
   -2.23045e+02   -2.99275e+01    2.62669e-06

           Step           Time
         370000      740.00000

   Energies (kJ/mol)
           Bond          Angle    Proper Dih. Ryckaert-Bell.          LJ-14
    1.45253e+03    3.92446e+03    2.38212e+02    1.72557e+03    2.66058e+03
     Coulomb-14        LJ (SR)  Disper. corr.   Coulomb (SR)   Coul. recip.
    7.87942e+03    1.06304e+05   -5.07152e+03   -7.16520e+05    3.29926e+03
      Potential    Kinetic En.   Total Energy  Conserved En.    Temperature
   -5.94107e+05    9.66432e+04   -4.97464e+05   -4.75874e+05    2.98966e+02
 Pres. DC (bar) Pressure (bar)   Constr. rmsd
   -2.19736e+02   -2.80597e+02    2.72328e-06

           Step           Time
         375000      750.00000

   Energies (kJ/mol)
           Bond          Angle    Proper Dih. Ryckaert-Bell.          LJ-14
    1.43068e+03    3.79091e+03    2.16731e+02    1.78575e+03    2.73680e+03
     Coulomb-14        LJ (SR)  Disper. corr.   Coulomb (SR)   Coul. recip.
    7.78775e+03    1.07507e+05   -5.07690e+03   -7.18541e+05    3.33483e+03
      Potential    Kinetic En.   Total Energy  Conserved En.    Temperature
   -5.95028e+05    9.80008e+04   -4.97027e+05   -4.75445e+05    3.03166e+02
 Pres. DC (bar) Pressure (bar)   Constr. rmsd
   -2.20203e+02   -1.23815e+02    3.07940e-06

           Step           Time
         380000      760.00000

   Energies (kJ/mol)
           Bond          Angle    Proper Dih. Ryckaert-Bell.          LJ-14
    1.53385e+03    3.58008e+03    2.17437e+02    1.74146e+03    2.63799e+03
     Coulomb-14        LJ (SR)  Disper. corr.   Coulomb (SR)   Coul. recip.
    7.83646e+03    1.07293e+05   -5.10072e+03   -7.18458e+05    3.32285e+03
      Potential    Kinetic En.   Total Energy  Conserved En.    Temperature
   -5.95395e+05    9.69578e+04   -4.98437e+05   -4.75284e+05    2.99940e+02
 Pres. DC (bar) Pressure (bar)   Constr. rmsd
   -2.22271e+02   -1.21466e+02    2.84186e-06

           Step           Time
         385000      770.00000

   Energies (kJ/mol)
           Bond          Angle    Proper Dih. Ryckaert-Bell.          LJ-14
    1.50180e+03    3.88386e+03    2.56877e+02    1.86147e+03    2.60006e+03
     Coulomb-14        LJ (SR)  Disper. corr.   Coulomb (SR)   Coul. recip.
    7.73284e+03    1.09550e+05   -5.12111e+03   -7.20322e+05    3.27052e+03
      Potential    Kinetic En.   Total Energy  Conserved En.    Temperature
   -5.94785e+05    9.85631e+04   -4.96222e+05   -4.75042e+05    3.04905e+02
 Pres. DC (bar) Pressure (bar)   Constr. rmsd
   -2.24050e+02    2.59670e+02    2.98317e-06

           Step           Time
         390000      780.00000

   Energies (kJ/mol)
           Bond          Angle    Proper Dih. Ryckaert-Bell.          LJ-14
    1.50933e+03    3.93344e+03    2.18430e+02    1.70547e+03    2.65848e+03
     Coulomb-14        LJ (SR)  Disper. corr.   Coulomb (SR)   Coul. recip.
    7.80504e+03    1.06103e+05   -5.06151e+03   -7.17890e+05    3.33317e+03
      Potential    Kinetic En.   Total Energy  Conserved En.    Temperature
   -5.95685e+05    9.76693e+04   -4.98016e+05   -4.74639e+05    3.02140e+02
 Pres. DC (bar) Pressure (bar)   Constr. rmsd
   -2.18871e+02   -3.22752e+02    2.82641e-06

           Step           Time
         395000      790.00000

   Energies (kJ/mol)
           Bond          Angle    Proper Dih. Ryckaert-Bell.          LJ-14
    1.47964e+03    3.69089e+03    2.35104e+02    1.76703e+03    2.72003e+03
     Coulomb-14        LJ (SR)  Disper. corr.   Coulomb (SR)   Coul. recip.
    8.00412e+03    1.08568e+05   -5.13052e+03   -7.20614e+05    3.23669e+03
      Potential    Kinetic En.   Total Energy  Conserved En.    Temperature
   -5.96043e+05    9.73217e+04   -4.98721e+05   -4.74360e+05    3.01065e+02
 Pres. DC (bar) Pressure (bar)   Constr. rmsd
   -2.24873e+02    2.32133e+02    2.62486e-06

           Step           Time
         400000      800.00000

   Energies (kJ/mol)
           Bond          Angle    Proper Dih. Ryckaert-Bell.          LJ-14
    1.41356e+03    3.75993e+03    2.22730e+02    1.85929e+03    2.66622e+03
     Coulomb-14        LJ (SR)  Disper. corr.   Coulomb (SR)   Coul. recip.
    7.92692e+03    1.08600e+05   -5.13858e+03   -7.19832e+05    3.26402e+03
      Potential    Kinetic En.   Total Energy  Conserved En.    Temperature
   -5.95258e+05    9.75501e+04   -4.97708e+05   -4.74137e+05    3.01772e+02
 Pres. DC (bar) Pressure (bar)   Constr. rmsd
   -2.25580e+02    2.86685e+02    3.01029e-06

           Step           Time
         405000      810.00000

   Energies (kJ/mol)
           Bond          Angle    Proper Dih. Ryckaert-Bell.          LJ-14
    1.44849e+03    3.74257e+03    2.59379e+02    1.83804e+03    2.70416e+03
     Coulomb-14        LJ (SR)  Disper. corr.   Coulomb (SR)   Coul. recip.
    7.86630e+03    1.08018e+05   -5.12284e+03   -7.19198e+05    3.26683e+03
      Potential    Kinetic En.   Total Energy  Conserved En.    Temperature
   -5.95177e+05    9.71006e+04   -4.98077e+05   -4.73671e+05    3.00381e+02
 Pres. DC (bar) Pressure (bar)   Constr. rmsd
   -2.24201e+02    1.56822e+02    3.02017e-06

           Step           Time
         410000      820.00000

   Energies (kJ/mol)
           Bond          Angle    Proper Dih. Ryckaert-Bell.          LJ-14
    1.43803e+03    3.78562e+03    2.41298e+02    1.80845e+03    2.72164e+03
     Coulomb-14        LJ (SR)  Disper. corr.   Coulomb (SR)   Coul. recip.
    7.95677e+03    1.06878e+05   -5.12553e+03   -7.17146e+05    3.29011e+03
      Potential    Kinetic En.   Total Energy  Conserved En.    Temperature
   -5.94152e+05    9.61269e+04   -4.98025e+05   -4.73517e+05    2.97369e+02
 Pres. DC (bar) Pressure (bar)   Constr. rmsd
   -2.24437e+02    1.56939e+02    2.96237e-06

           Step           Time
         415000      830.00000

   Energies (kJ/mol)
           Bond          Angle    Proper Dih. Ryckaert-Bell.          LJ-14
    1.45088e+03    3.74888e+03    2.44750e+02    1.79884e+03    2.71162e+03
     Coulomb-14        LJ (SR)  Disper. corr.   Coulomb (SR)   Coul. recip.
    7.91851e+03    1.08033e+05   -5.13135e+03   -7.18943e+05    3.25639e+03
      Potential    Kinetic En.   Total Energy  Conserved En.    Temperature
   -5.94911e+05    9.63038e+04   -4.98607e+05   -4.73375e+05    2.97916e+02
 Pres. DC (bar) Pressure (bar)   Constr. rmsd
   -2.24946e+02    2.17678e+02    3.00163e-06

           Step           Time
         420000      840.00000

   Energies (kJ/mol)
           Bond          Angle    Proper Dih. Ryckaert-Bell.          LJ-14
    1.49337e+03    3.88843e+03    2.55754e+02    1.75174e+03    2.76126e+03
     Coulomb-14        LJ (SR)  Disper. corr.   Coulomb (SR)   Coul. recip.
    7.92592e+03    1.07164e+05   -5.10727e+03   -7.17687e+05    3.26026e+03
      Potential    Kinetic En.   Total Energy  Conserved En.    Temperature
   -5.94294e+05    9.75182e+04   -4.96776e+05   -4.73009e+05    3.01673e+02
 Pres. DC (bar) Pressure (bar)   Constr. rmsd
   -2.22842e+02   -3.20093e+01    2.69755e-06

           Step           Time
         425000      850.00000

   Energies (kJ/mol)
           Bond          Angle    Proper Dih. Ryckaert-Bell.          LJ-14
    1.48176e+03    3.82872e+03    2.09127e+02    1.84384e+03    2.72508e+03
     Coulomb-14        LJ (SR)  Disper. corr.   Coulomb (SR)   Coul. recip.
    7.81380e+03    1.07063e+05   -5.08634e+03   -7.17067e+05    3.27837e+03
      Potential    Kinetic En.   Total Energy  Conserved En.    Temperature
   -5.93910e+05    9.70261e+04   -4.96884e+05   -4.72822e+05    3.00151e+02
 Pres. DC (bar) Pressure (bar)   Constr. rmsd
   -2.21021e+02    2.77757e+00    3.05051e-06

           Step           Time
         430000      860.00000

   Energies (kJ/mol)
           Bond          Angle    Proper Dih. Ryckaert-Bell.          LJ-14
    1.46490e+03    3.73530e+03    2.66591e+02    1.76717e+03    2.67881e+03
     Coulomb-14        LJ (SR)  Disper. corr.   Coulomb (SR)   Coul. recip.
    7.84126e+03    1.06492e+05   -5.12147e+03   -7.16783e+05    3.31702e+03
      Potential    Kinetic En.   Total Energy  Conserved En.    Temperature
   -5.94341e+05    9.70481e+04   -4.97293e+05   -4.72127e+05    3.00219e+02
 Pres. DC (bar) Pressure (bar)   Constr. rmsd
   -2.24081e+02   -7.87137e+01    2.87170e-06

           Step           Time
         435000      870.00000

   Energies (kJ/mol)
           Bond          Angle    Proper Dih. Ryckaert-Bell.          LJ-14
    1.58834e+03    3.76406e+03    2.72269e+02    1.72916e+03    2.69175e+03
     Coulomb-14        LJ (SR)  Disper. corr.   Coulomb (SR)   Coul. recip.
    7.69697e+03    1.06512e+05   -5.11517e+03   -7.17564e+05    3.28029e+03
      Potential    Kinetic En.   Total Energy  Conserved En.    Temperature
   -5.95144e+05    9.78884e+04   -4.97256e+05   -4.71952e+05    3.02818e+02
 Pres. DC (bar) Pressure (bar)   Constr. rmsd
   -2.23531e+02    7.04847e+00    2.54800e-06

           Step           Time
         440000      880.00000

   Energies (kJ/mol)
           Bond          Angle    Proper Dih. Ryckaert-Bell.          LJ-14
    1.53991e+03    3.81043e+03    2.68068e+02    1.72754e+03    2.75702e+03
     Coulomb-14        LJ (SR)  Disper. corr.   Coulomb (SR)   Coul. recip.
    7.81252e+03    1.06432e+05   -5.08522e+03   -7.17556e+05    3.31124e+03
      Potential    Kinetic En.   Total Energy  Conserved En.    Temperature
   -5.94983e+05    9.69587e+04   -4.98025e+05   -4.71565e+05    2.99942e+02
 Pres. DC (bar) Pressure (bar)   Constr. rmsd
   -2.20924e+02   -2.03662e+02    2.69730e-06

           Step           Time
         445000      890.00000

   Energies (kJ/mol)
           Bond          Angle    Proper Dih. Ryckaert-Bell.          LJ-14
    1.51474e+03    3.69202e+03    3.17840e+02    1.86772e+03    2.64450e+03
     Coulomb-14        LJ (SR)  Disper. corr.   Coulomb (SR)   Coul. recip.
    7.80696e+03    1.08278e+05   -5.11735e+03   -7.21667e+05    3.20532e+03
      Potential    Kinetic En.   Total Energy  Conserved En.    Temperature
   -5.97457e+05    9.73412e+04   -5.00116e+05   -4.71430e+05    3.01125e+02
 Pres. DC (bar) Pressure (bar)   Constr. rmsd
   -2.23722e+02    4.30327e+01    2.56024e-06

           Step           Time
         450000      900.00000

   Energies (kJ/mol)
           Bond          Angle    Proper Dih. Ryckaert-Bell.          LJ-14
    1.37010e+03    3.64533e+03    2.07664e+02    1.79730e+03    2.66376e+03
     Coulomb-14        LJ (SR)  Disper. corr.   Coulomb (SR)   Coul. recip.
    7.87633e+03    1.07308e+05   -5.08690e+03   -7.17692e+05    3.29482e+03
      Potential    Kinetic En.   Total Energy  Conserved En.    Temperature
   -5.94615e+05    9.67766e+04   -4.97839e+05   -4.71342e+05    2.99379e+02
 Pres. DC (bar) Pressure (bar)   Constr. rmsd
   -2.21070e+02   -3.96400e+01    2.63325e-06

           Step           Time
         455000      910.00000

   Energies (kJ/mol)
           Bond          Angle    Proper Dih. Ryckaert-Bell.          LJ-14
    1.47764e+03    3.85501e+03    2.51326e+02    1.80016e+03    2.68543e+03
     Coulomb-14        LJ (SR)  Disper. corr.   Coulomb (SR)   Coul. recip.
    7.81852e+03    1.08735e+05   -5.12753e+03   -7.20232e+05    3.29102e+03
      Potential    Kinetic En.   Total Energy  Conserved En.    Temperature
   -5.95446e+05    9.70966e+04   -4.98349e+05   -4.71107e+05    3.00369e+02
 Pres. DC (bar) Pressure (bar)   Constr. rmsd
   -2.24611e+02    3.24690e+02    2.93285e-06

           Step           Time
         460000      920.00000

   Energies (kJ/mol)
           Bond          Angle    Proper Dih. Ryckaert-Bell.          LJ-14
    1.41473e+03    3.81367e+03    2.33950e+02    1.82637e+03    2.61399e+03
     Coulomb-14        LJ (SR)  Disper. corr.   Coulomb (SR)   Coul. recip.
    7.76182e+03    1.07725e+05   -5.07083e+03   -7.18241e+05    3.26099e+03
      Potential    Kinetic En.   Total Energy  Conserved En.    Temperature
   -5.94662e+05    9.69784e+04   -4.97683e+05   -4.70779e+05    3.00003e+02
 Pres. DC (bar) Pressure (bar)   Constr. rmsd
   -2.19677e+02   -2.68145e+01    2.92836e-06

           Step           Time
         465000      930.00000

   Energies (kJ/mol)
           Bond          Angle    Proper Dih. Ryckaert-Bell.          LJ-14
    1.37682e+03    3.75927e+03    2.84818e+02    1.75679e+03    2.70947e+03
     Coulomb-14        LJ (SR)  Disper. corr.   Coulomb (SR)   Coul. recip.
    7.94995e+03    1.07719e+05   -5.09269e+03   -7.18821e+05    3.20640e+03
      Potential    Kinetic En.   Total Energy  Conserved En.    Temperature
   -5.95151e+05    9.64099e+04   -4.98741e+05   -4.70659e+05    2.98244e+02
 Pres. DC (bar) Pressure (bar)   Constr. rmsd
   -2.21572e+02    5.87158e+00    2.94520e-06

           Step           Time
         470000      940.00000

   Energies (kJ/mol)
           Bond          Angle    Proper Dih. Ryckaert-Bell.          LJ-14
    1.46950e+03    3.77881e+03    2.19550e+02    1.81426e+03    2.63252e+03
     Coulomb-14        LJ (SR)  Disper. corr.   Coulomb (SR)   Coul. recip.
    7.68300e+03    1.08373e+05   -5.11068e+03   -7.17849e+05    3.30046e+03
      Potential    Kinetic En.   Total Energy  Conserved En.    Temperature
   -5.93689e+05    9.72538e+04   -4.96435e+05   -4.70401e+05    3.00855e+02
 Pres. DC (bar) Pressure (bar)   Constr. rmsd
   -2.23139e+02    2.41139e+02    2.90755e-06

           Step           Time
         475000      950.00000

   Energies (kJ/mol)
           Bond          Angle    Proper Dih. Ryckaert-Bell.          LJ-14
    1.47652e+03    3.72316e+03    2.16340e+02    1.81551e+03    2.56601e+03
     Coulomb-14        LJ (SR)  Disper. corr.   Coulomb (SR)   Coul. recip.
    7.82346e+03    1.08382e+05   -5.10875e+03   -7.19567e+05    3.31996e+03
      Potential    Kinetic En.   Total Energy  Conserved En.    Temperature
   -5.95353e+05    9.68321e+04   -4.98521e+05   -4.70087e+05    2.99551e+02
 Pres. DC (bar) Pressure (bar)   Constr. rmsd
   -2.22971e+02    1.20049e+02    2.73258e-06

           Step           Time
         480000      960.00000

   Energies (kJ/mol)
           Bond          Angle    Proper Dih. Ryckaert-Bell.          LJ-14
    1.42202e+03    3.77820e+03    2.14307e+02    1.81626e+03    2.67024e+03
     Coulomb-14        LJ (SR)  Disper. corr.   Coulomb (SR)   Coul. recip.
    7.81881e+03    1.07009e+05   -5.10631e+03   -7.17166e+05    3.26966e+03
      Potential    Kinetic En.   Total Energy  Conserved En.    Temperature
   -5.94275e+05    9.69574e+04   -4.97317e+05   -4.69911e+05    2.99938e+02
 Pres. DC (bar) Pressure (bar)   Constr. rmsd
   -2.22758e+02   -3.45636e+01    3.02679e-06

           Step           Time
         485000      970.00000

   Energies (kJ/mol)
           Bond          Angle    Proper Dih. Ryckaert-Bell.          LJ-14
    1.49644e+03    3.81929e+03    2.61460e+02    1.70736e+03    2.63102e+03
     Coulomb-14        LJ (SR)  Disper. corr.   Coulomb (SR)   Coul. recip.
    7.74681e+03    1.08052e+05   -5.13958e+03   -7.19695e+05    3.34238e+03
      Potential    Kinetic En.   Total Energy  Conserved En.    Temperature
   -5.95778e+05    9.77140e+04   -4.98064e+05   -4.69610e+05    3.02279e+02
 Pres. DC (bar) Pressure (bar)   Constr. rmsd
   -2.25667e+02    1.92861e+02    2.83537e-06

           Step           Time
         490000      980.00000

   Energies (kJ/mol)
           Bond          Angle    Proper Dih. Ryckaert-Bell.          LJ-14
    1.40154e+03    3.80586e+03    2.41366e+02    1.82658e+03    2.73038e+03
     Coulomb-14        LJ (SR)  Disper. corr.   Coulomb (SR)   Coul. recip.
    7.88059e+03    1.06516e+05   -5.12585e+03   -7.17362e+05    3.33725e+03
      Potential    Kinetic En.   Total Energy  Conserved En.    Temperature
   -5.94748e+05    9.67747e+04   -4.97974e+05   -4.69065e+05    2.99373e+02
 Pres. DC (bar) Pressure (bar)   Constr. rmsd
   -2.24464e+02    4.30173e+00    3.21195e-06

           Step           Time
         495000      990.00000

   Energies (kJ/mol)
           Bond          Angle    Proper Dih. Ryckaert-Bell.          LJ-14
    1.46632e+03    3.78251e+03    2.61797e+02    1.67869e+03    2.78944e+03
     Coulomb-14        LJ (SR)  Disper. corr.   Coulomb (SR)   Coul. recip.
    7.84518e+03    1.06761e+05   -5.09552e+03   -7.18513e+05    3.33478e+03
      Potential    Kinetic En.   Total Energy  Conserved En.    Temperature
   -5.95689e+05    9.65070e+04   -4.99182e+05   -4.68603e+05    2.98545e+02
 Pres. DC (bar) Pressure (bar)   Constr. rmsd
   -2.21819e+02    1.08908e+01    3.26864e-06

           Step           Time
         500000     1000.00000

Writing checkpoint, step 500000 at Fri Dec  6 15:24:06 2024


   Energies (kJ/mol)
           Bond          Angle    Proper Dih. Ryckaert-Bell.          LJ-14
    1.49429e+03    3.72747e+03    2.54141e+02    1.89619e+03    2.62340e+03
     Coulomb-14        LJ (SR)  Disper. corr.   Coulomb (SR)   Coul. recip.
    7.89985e+03    1.08415e+05   -5.10161e+03   -7.19176e+05    3.32232e+03
      Potential    Kinetic En.   Total Energy  Conserved En.    Temperature
   -5.94644e+05    9.75680e+04   -4.97076e+05   -4.68185e+05    3.01827e+02
 Pres. DC (bar) Pressure (bar)   Constr. rmsd
   -2.22349e+02    1.46566e+02    2.86757e-06


Energy conservation over simulation part #1 of length 1000 ps, time 0 to 1000 ps
  Conserved energy drift: 7.80e-04 kJ/mol/ps per atom


	<======  ###############  ==>
	<====  A V E R A G E S  ====>
	<==  ###############  ======>

	Statistics over 500001 steps using 5001 frames

   Energies (kJ/mol)
           Bond          Angle    Proper Dih. Ryckaert-Bell.          LJ-14
    1.47154e+03    3.74792e+03    2.49570e+02    1.81201e+03    2.66835e+03
     Coulomb-14        LJ (SR)  Disper. corr.   Coulomb (SR)   Coul. recip.
    7.81776e+03    1.07441e+05   -5.10517e+03   -7.18455e+05    3.29284e+03
      Potential    Kinetic En.   Total Energy  Conserved En.    Temperature
   -5.95059e+05    9.69852e+04   -4.98074e+05   -4.83096e+05    3.00024e+02
 Pres. DC (bar) Pressure (bar)   Constr. rmsd
   -2.22662e+02    3.33906e-01    0.00000e+00

          Box-X          Box-Y          Box-Z
    7.25069e+00    7.25069e+00    7.25069e+00

   Total Virial (kJ/mol)
    3.23292e+04   -1.15728e+01   -6.52109e+00
   -1.16272e+01    3.23345e+04   -1.13727e+01
   -6.59635e+00   -1.14371e+01    3.23257e+04

   Pressure (bar)
    1.64252e+00    1.22469e+00    9.76693e-01
    1.22942e+00    1.64615e-01    1.56369e-01
    9.83253e-01    1.61990e-01   -8.05416e-01

      T-Protein  T-non-Protein
    3.00131e+02    3.00017e+02


	M E G A - F L O P S   A C C O U N T I N G

 NB=Group-cutoff nonbonded kernels    NxN=N-by-N cluster Verlet kernels
 RF=Reaction-Field  VdW=Van der Waals  QSTab=quadratic-spline table
 W3=SPC/TIP3p  W4=TIP4p (single or pairs)
 V&F=Potential and force  V=Potential only  F=Force only

 Computing:                               M-Number         M-Flops  % Flops
-----------------------------------------------------------------------------
 Pair Search distance check          207052.426540     1863471.839     0.3
 NxN Ewald Elec. + LJ [F]           5616896.058864   370715139.885    51.3
 NxN Ewald Elec. + LJ [V&F]           56747.864192     6072021.469     0.8
 NxN Ewald Elec. [F]                5057847.776976   308528714.396    42.7
 NxN Ewald Elec. [V&F]                51099.266848     4292338.415     0.6
 1,4 nonbonded interactions            2553.005106      229770.460     0.0
 Calc Weights                         57564.115128     2072308.145     0.3
 Spread Q Bspline                   1228034.456064     2456068.912     0.3
 Gather F Bspline                   1228034.456064     7368206.736     1.0
 3D-FFT                             1852959.705912    14823677.647     2.1
 Solve PME                             1152.002304       73728.147     0.0
 Reset In Box                           479.700000        1439.100     0.0
 CG-CoM                                 479.738376        1439.215     0.0
 Bonds                                  512.501025       30237.560     0.0
 Angles                                1773.503547      297948.596     0.0
 Propers                                213.000426       48777.098     0.0
 RB-Dihedrals                          1975.003950      487825.976     0.1
 Virial                                 384.248421        6916.472     0.0
 Stop-CM                                191.918376        1919.184     0.0
 Calc-Ekin                             3837.676752      103617.272     0.0
 Lincs                                  479.500959       28770.058     0.0
 Lincs-Mat                             2388.004776        9552.019     0.0
 Constraint-V                         19163.038326      172467.345     0.0
 Constraint-Vir                         373.707367        8968.977     0.0
 Settle                                6068.012136     2245164.490     0.3
-----------------------------------------------------------------------------
 Total                                               721940489.412   100.0
-----------------------------------------------------------------------------


    D O M A I N   D E C O M P O S I T I O N   S T A T I S T I C S

 av. #atoms communicated per step for force:  2 x 0.0


      R E A L   C Y C L E   A N D   T I M E   A C C O U N T I N G

On 1 MPI rank, each using 64 OpenMP threads

 Activity:              Num   Num      Call    Wall time         Giga-Cycles
                        Ranks Threads  Count      (s)         total sum    %
--------------------------------------------------------------------------------
 Domain decomp.            1   64      12500     107.821      20318.639   8.6
 Neighbor search           1   64      12501      35.377       6666.709   2.8
 Force                     1   64     500001     394.363      74317.144  31.4
 PME mesh                  1   64     500001     437.761      82495.403  34.8
 NB X/F buffer ops.        1   64     987501     186.256      35099.708  14.8
 Write traj.               1   64        102       0.448         84.390   0.0
 Update                    1   64     500001      43.772       8248.800   3.5
 Constraints               1   64     500001      40.905       7708.513   3.3
 Rest                                              9.747       1836.851   0.8
--------------------------------------------------------------------------------
 Total                                          1256.450     236776.156 100.0
--------------------------------------------------------------------------------
 Breakdown of PME mesh activities
--------------------------------------------------------------------------------
 PME spread                1   64     500001     134.394      25326.306  10.7
 PME gather                1   64     500001     126.678      23872.359  10.1
 PME 3D-FFT                1   64    1000002     164.492      30998.235  13.1
 PME solve Elec            1   64     500001       1.370        258.097   0.1
--------------------------------------------------------------------------------

               Core t (s)   Wall t (s)        (%)
       Time:    80412.431     1256.450     6400.0
                 (ns/day)    (hour/ns)
Performance:       68.765        0.349
Finished mdrun on rank 0 Fri Dec  6 15:24:07 2024

