             :-) GROMACS - gmx mdrun, 2023.2-plumed_2.10.0_dev (-:

Copyright 1991-2023 The GROMACS Authors.
GROMACS is free software; you can redistribute it and/or modify it
under the terms of the GNU Lesser General Public License
as published by the Free Software Foundation; either version 2.1
of the License, or (at your option) any later version.

                         Current GROMACS contributors:
       Mark Abraham           Andrey Alekseenko           Cathrine Bergh      
      Christian Blau            Eliane Briand             Mahesh Doijade      
    Stefan Fleischmann           Vytas Gapsys              Gaurav Garg        
      Sergey Gorelov         Gilles Gouaillardet            Alan Gray         
     M. Eric Irrgang         Farzaneh Jalalypour            Joe Jordan        
    Christoph Junghans        Prashanth Kanduri          Sebastian Keller     
     Carsten Kutzner           Justin A. Lemkul          Magnus Lundborg      
       Pascal Merz              Vedran Miletic            Dmitry Morozov      
       Szilard Pall             Roland Schulz             Michael Shirts      
     Alexey Shvetsov            Balint Soproni         David van der Spoel    
      Philip Turner             Carsten Uphoff           Alessandra Villa     
 Sebastian Wingbermuehle        Artem Zhmurov       

                         Previous GROMACS contributors:
        Emile Apol             Rossen Apostolov           James Barnett       
  Herman J.C. Berendsen          Par Bjelkmar           Viacheslav Bolnykh    
        Kevin Boyd            Aldert van Buuren          Carlo Camilloni      
     Rudi van Drunen            Anton Feenstra           Oliver Fleetwood     
     Gerrit Groenhof            Bert de Groot             Anca Hamuraru       
    Vincent Hindriksen          Victor Holanda           Aleksei Iupinov      
   Dimitrios Karkoulis           Peter Kasson             Sebastian Kehl      
        Jiri Kraus               Per Larsson              Viveca Lindahl      
      Erik Marklund           Pieter Meulenhoff           Teemu Murtola       
       Sander Pronk             Alfons Sijbers            Peter Tieleman      
       Jon Vincent             Teemu Virolainen         Christian Wennberg    
       Maarten Wolf       

                  Coordinated by the GROMACS project leaders:
                    Paul Bauer, Berk Hess, and Erik Lindahl

GROMACS:      gmx mdrun, version 2023.2-plumed_2.10.0_dev
Executable:   /apps/cuda/12.4.1/gcc/12.2.0/openmpi/4.1.6/gromacs/2023.2/bin/gmx
Data prefix:  /apps/cuda/12.4.1/gcc/12.2.0/openmpi/4.1.6/gromacs/2023.2
Working dir:  /blue/bsc4452/Marisa1988/PruebaGromacs
Process ID:   5893
Command line:
  gmx mdrun -deffnm npt

GROMACS version:    2023.2-plumed_2.10.0_dev
Precision:          mixed
Memory model:       64 bit
MPI library:        MPI (GPU-aware: CUDA)
OpenMP support:     enabled (GMX_OPENMP_MAX_THREADS = 128)
GPU support:        CUDA
NB cluster size:    8
SIMD instructions:  AVX2_256
CPU FFT library:    Intel MKL version 2020.0.0 Build 20191122
GPU FFT library:    cuFFT
Multi-GPU FFT:      none
RDTSCP usage:       enabled
TNG support:        enabled
Hwloc support:      disabled
Tracing support:    disabled
C compiler:         /apps/mpi/gcc/12.2.0/openmpi/4.1.6/bin/mpicc GNU 12.2.0
C compiler flags:   -fexcess-precision=fast -funroll-all-loops -mavx2 -mfma -Wno-missing-field-initializers -O3 -DNDEBUG
C++ compiler:       /apps/mpi/gcc/12.2.0/openmpi/4.1.6/bin/mpicxx GNU 12.2.0
C++ compiler flags: -fexcess-precision=fast -funroll-all-loops -mavx2 -mfma -Wno-missing-field-initializers -Wno-cast-function-type-strict -fopenmp -O3 -DNDEBUG
BLAS library:       Intel MKL version 2020.0.0 Build 20191122
LAPACK library:     Intel MKL version 2020.0.0 Build 20191122
CUDA compiler:      /apps/compilers/cuda/12.4.1/bin/nvcc nvcc: NVIDIA (R) Cuda compiler driver;Copyright (c) 2005-2024 NVIDIA Corporation;Built on Thu_Mar_28_02:18:24_PDT_2024;Cuda compilation tools, release 12.4, V12.4.131;Build cuda_12.4.r12.4/compiler.34097967_0
CUDA compiler flags:-std=c++17;--generate-code=arch=compute_50,code=sm_50;--generate-code=arch=compute_52,code=sm_52;--generate-code=arch=compute_60,code=sm_60;--generate-code=arch=compute_61,code=sm_61;--generate-code=arch=compute_70,code=sm_70;--generate-code=arch=compute_75,code=sm_75;--generate-code=arch=compute_80,code=sm_80;--generate-code=arch=compute_86,code=sm_86;--generate-code=arch=compute_89,code=sm_89;--generate-code=arch=compute_90,code=sm_90;-Wno-deprecated-gpu-targets;--generate-code=arch=compute_53,code=sm_53;--generate-code=arch=compute_80,code=sm_80;-use_fast_math;-Xptxas;-warn-double-usage;-Xptxas;-Werror;-D_FORCE_INLINES;-fexcess-precision=fast -funroll-all-loops -mavx2 -mfma -Wno-missing-field-initializers -Wno-cast-function-type-strict -fopenmp -O3 -DNDEBUG
CUDA driver:        0.0
CUDA runtime:       12.40


Running on 1 node with total 64 cores, 64 processing units (GPU detection failed)
Hardware detected on host login9.ufhpc (the node of MPI rank 0):
  CPU info:
    Vendor: AMD
    Brand:  AMD EPYC 75F3 32-Core Processor                
    Family: 25   Model: 1   Stepping: 1
    Features: aes amd apic avx avx2 clfsh cmov cx8 cx16 f16c fma htt lahf misalignsse mmx msr nonstop_tsc pcid pclmuldq pdpe1gb popcnt pse rdrnd rdtscp sha sse2 sse3 sse4a sse4.1 sse4.2 ssse3
  Hardware topology: Basic
    Packages, cores, and logical processors:
    [indices refer to OS logical processors]
      Package  0: [   0] [   1] [   2] [   3] [   4] [   5] [   6] [   7] [   8] [   9] [  10] [  11] [  12] [  13] [  14] [  15] [  16] [  17] [  18] [  19] [  20] [  21] [  22] [  23] [  24] [  25] [  26] [  27] [  28] [  29] [  30] [  31]
      Package  1: [  32] [  33] [  34] [  35] [  36] [  37] [  38] [  39] [  40] [  41] [  42] [  43] [  44] [  45] [  46] [  47] [  48] [  49] [  50] [  51] [  52] [  53] [  54] [  55] [  56] [  57] [  58] [  59] [  60] [  61] [  62] [  63]
    CPU limit set by OS: -1   Recommended max number of threads: 64


++++ PLEASE READ AND CITE THE FOLLOWING REFERENCE ++++
M. J. Abraham, T. Murtola, R. Schulz, S. Páll, J. C. Smith, B. Hess, E.
Lindahl
GROMACS: High performance molecular simulations through multi-level
parallelism from laptops to supercomputers
SoftwareX 1 (2015) pp. 19-25
-------- -------- --- Thank You --- -------- --------


++++ PLEASE READ AND CITE THE FOLLOWING REFERENCE ++++
S. Páll, M. J. Abraham, C. Kutzner, B. Hess, E. Lindahl
Tackling Exascale Software Challenges in Molecular Dynamics Simulations with
GROMACS
In S. Markidis & E. Laure (Eds.), Solving Software Challenges for Exascale 8759 (2015) pp. 3-27
-------- -------- --- Thank You --- -------- --------


++++ PLEASE READ AND CITE THE FOLLOWING REFERENCE ++++
S. Pronk, S. Páll, R. Schulz, P. Larsson, P. Bjelkmar, R. Apostolov, M. R.
Shirts, J. C. Smith, P. M. Kasson, D. van der Spoel, B. Hess, and E. Lindahl
GROMACS 4.5: a high-throughput and highly parallel open source molecular
simulation toolkit
Bioinformatics 29 (2013) pp. 845-54
-------- -------- --- Thank You --- -------- --------


++++ PLEASE READ AND CITE THE FOLLOWING REFERENCE ++++
B. Hess and C. Kutzner and D. van der Spoel and E. Lindahl
GROMACS 4: Algorithms for highly efficient, load-balanced, and scalable
molecular simulation
J. Chem. Theory Comput. 4 (2008) pp. 435-447
-------- -------- --- Thank You --- -------- --------


++++ PLEASE READ AND CITE THE FOLLOWING REFERENCE ++++
D. van der Spoel, E. Lindahl, B. Hess, G. Groenhof, A. E. Mark and H. J. C.
Berendsen
GROMACS: Fast, Flexible and Free
J. Comp. Chem. 26 (2005) pp. 1701-1719
-------- -------- --- Thank You --- -------- --------


++++ PLEASE READ AND CITE THE FOLLOWING REFERENCE ++++
E. Lindahl and B. Hess and D. van der Spoel
GROMACS 3.0: A package for molecular simulation and trajectory analysis
J. Mol. Mod. 7 (2001) pp. 306-317
-------- -------- --- Thank You --- -------- --------


++++ PLEASE READ AND CITE THE FOLLOWING REFERENCE ++++
H. J. C. Berendsen, D. van der Spoel and R. van Drunen
GROMACS: A message-passing parallel molecular dynamics implementation
Comp. Phys. Comm. 91 (1995) pp. 43-56
-------- -------- --- Thank You --- -------- --------

GPU-aware MPI detected, but by default GROMACS will not make use the direct GPU communication capabilities of MPI. For improved performance try enabling the feature by setting the GMX_ENABLE_DIRECT_GPU_COMM environment variable.
Input Parameters:
   integrator                     = md
   tinit                          = 0
   dt                             = 0.002
   nsteps                         = 50000
   init-step                      = 0
   simulation-part                = 1
   mts                            = false
   comm-mode                      = Linear
   nstcomm                        = 100
   bd-fric                        = 0
   ld-seed                        = -1696338957
   emtol                          = 10
   emstep                         = 0.01
   niter                          = 20
   fcstep                         = 0
   nstcgsteep                     = 1000
   nbfgscorr                      = 10
   rtpi                           = 0.05
   nstxout                        = 500
   nstvout                        = 500
   nstfout                        = 0
   nstlog                         = 500
   nstcalcenergy                  = 100
   nstenergy                      = 500
   nstxout-compressed             = 0
   compressed-x-precision         = 1000
   cutoff-scheme                  = Verlet
   nstlist                        = 10
   pbc                            = xyz
   periodic-molecules             = false
   verlet-buffer-tolerance        = 0.005
   rlist                          = 1
   coulombtype                    = PME
   coulomb-modifier               = Potential-shift
   rcoulomb-switch                = 0
   rcoulomb                       = 1
   epsilon-r                      = 1
   epsilon-rf                     = inf
   vdw-type                       = Cut-off
   vdw-modifier                   = Potential-shift
   rvdw-switch                    = 0
   rvdw                           = 1
   DispCorr                       = EnerPres
   table-extension                = 1
   fourierspacing                 = 0.16
   fourier-nx                     = 48
   fourier-ny                     = 48
   fourier-nz                     = 48
   pme-order                      = 4
   ewald-rtol                     = 1e-05
   ewald-rtol-lj                  = 0.001
   lj-pme-comb-rule               = Geometric
   ewald-geometry                 = 3d
   epsilon-surface                = 0
   ensemble-temperature-setting   = constant
   ensemble-temperature           = 300
   tcoupl                         = V-rescale
   nsttcouple                     = 10
   nh-chain-length                = 0
   print-nose-hoover-chain-variables = false
   pcoupl                         = Parrinello-Rahman
   pcoupltype                     = Isotropic
   nstpcouple                     = 50
   tau-p                          = 2
   compressibility (3x3):
      compressibility[    0]={ 4.50000e-05,  0.00000e+00,  0.00000e+00}
      compressibility[    1]={ 0.00000e+00,  4.50000e-05,  0.00000e+00}
      compressibility[    2]={ 0.00000e+00,  0.00000e+00,  4.50000e-05}
   ref-p (3x3):
      ref-p[    0]={ 1.00000e+00,  0.00000e+00,  0.00000e+00}
      ref-p[    1]={ 0.00000e+00,  1.00000e+00,  0.00000e+00}
      ref-p[    2]={ 0.00000e+00,  0.00000e+00,  1.00000e+00}
   refcoord-scaling               = COM
   posres-com (3):
      posres-com[0]= 4.98209e-01
      posres-com[1]= 4.99431e-01
      posres-com[2]= 5.01633e-01
   posres-comB (3):
      posres-comB[0]= 4.98209e-01
      posres-comB[1]= 4.99431e-01
      posres-comB[2]= 5.01633e-01
   QMMM                           = false
qm-opts:
   ngQM                           = 0
   constraint-algorithm           = Lincs
   continuation                   = true
   Shake-SOR                      = false
   shake-tol                      = 0.0001
   lincs-order                    = 4
   lincs-iter                     = 1
   lincs-warnangle                = 30
   nwall                          = 0
   wall-type                      = 9-3
   wall-r-linpot                  = -1
   wall-atomtype[0]               = -1
   wall-atomtype[1]               = -1
   wall-density[0]                = 0
   wall-density[1]                = 0
   wall-ewald-zfac                = 3
   pull                           = false
   awh                            = false
   rotation                       = false
   interactiveMD                  = false
   disre                          = No
   disre-weighting                = Conservative
   disre-mixed                    = false
   dr-fc                          = 1000
   dr-tau                         = 0
   nstdisreout                    = 100
   orire-fc                       = 0
   orire-tau                      = 0
   nstorireout                    = 100
   free-energy                    = no
   cos-acceleration               = 0
   deform (3x3):
      deform[    0]={ 0.00000e+00,  0.00000e+00,  0.00000e+00}
      deform[    1]={ 0.00000e+00,  0.00000e+00,  0.00000e+00}
      deform[    2]={ 0.00000e+00,  0.00000e+00,  0.00000e+00}
   simulated-tempering            = false
   swapcoords                     = no
   userint1                       = 0
   userint2                       = 0
   userint3                       = 0
   userint4                       = 0
   userreal1                      = 0
   userreal2                      = 0
   userreal3                      = 0
   userreal4                      = 0
   applied-forces:
     electric-field:
       x:
         E0                       = 0
         omega                    = 0
         t0                       = 0
         sigma                    = 0
       y:
         E0                       = 0
         omega                    = 0
         t0                       = 0
         sigma                    = 0
       z:
         E0                       = 0
         omega                    = 0
         t0                       = 0
         sigma                    = 0
     density-guided-simulation:
       active                     = false
       group                      = protein
       similarity-measure         = inner-product
       atom-spreading-weight      = unity
       force-constant             = 1e+09
       gaussian-transform-spreading-width = 0.2
       gaussian-transform-spreading-range-in-multiples-of-width = 4
       reference-density-filename = reference.mrc
       nst                        = 1
       normalize-densities        = true
       adaptive-force-scaling     = false
       adaptive-force-scaling-time-constant = 4
       shift-vector               = 
       transformation-matrix      = 
     qmmm-cp2k:
       active                     = false
       qmgroup                    = System
       qmmethod                   = PBE
       qmfilenames                = 
       qmcharge                   = 0
       qmmultiplicity             = 1
grpopts:
   nrdf:     4920.81     72837.2
   ref-t:         300         300
   tau-t:         0.1         0.1
annealing:          No          No
annealing-npoints:           0           0
   acc:	           0           0           0
   nfreeze:           N           N           N
   energygrp-flags[  0]: 0

Changing nstlist from 10 to 50, rlist from 1 to 1.115


Initializing Domain Decomposition on 1 ranks
Dynamic load balancing: auto
Using update groups, nr 13145, average size 2.9 atoms, max. radius 0.103 nm
Minimum cell size due to atom displacement: 0.398 nm
Initial maximum distances in bonded interactions:
    two-body bonded interactions: 0.434 nm, LJ-14, atoms 1156 1405
  multi-body bonded interactions: 0.434 nm, Ryckaert-Bell., atoms 1156 1405
Minimum cell size due to bonded interactions: 0.477 nm
Using 0 separate PME ranks because: there are too few total ranks for efficient splitting
Optimizing the DD grid for 1 cells with a minimum initial size of 0.477 nm
The maximum allowed number of cells is: X 15 Y 15 Z 15
Domain decomposition grid 1 x 1 x 1, separate PME ranks 0
PME domain decomposition: 1 x 1 x 1

The initial number of communication pulses is:
The initial domain decomposition cell size is:

The maximum allowed distance for atom groups involved in interactions is:
                 non-bonded interactions           1.322 nm
(the following are initial values, they could change due to box deformation)
            two-body bonded interactions  (-rdd)   1.322 nm
          multi-body bonded interactions  (-rdd)   1.322 nm

When dynamic load balancing gets turned on, these settings will change to:
The maximum number of communication pulses is:
The minimum size for domain decomposition cells is 1.322 nm
The requested allowed shrink of DD cells (option -dds) is: 0.80
The allowed shrink of domain decomposition cells is:
The maximum allowed distance for atom groups involved in interactions is:
                 non-bonded interactions           1.322 nm
            two-body bonded interactions  (-rdd)   1.322 nm
          multi-body bonded interactions  (-rdd)   1.322 nm

Using 1 MPI process
Using 64 OpenMP threads 

System total charge: -0.000
Will do PME sum in reciprocal space for electrostatic interactions.

++++ PLEASE READ AND CITE THE FOLLOWING REFERENCE ++++
U. Essmann, L. Perera, M. L. Berkowitz, T. Darden, H. Lee and L. G. Pedersen 
A smooth particle mesh Ewald method
J. Chem. Phys. 103 (1995) pp. 8577-8592
-------- -------- --- Thank You --- -------- --------

Using a Gaussian width (1/beta) of 0.320163 nm for Ewald
Potential shift: LJ r^-12: -1.000e+00 r^-6: -1.000e+00, Ewald -1.000e-05
Initialized non-bonded Coulomb Ewald tables, spacing: 9.33e-04 size: 1073

Generated table with 1057 data points for 1-4 COUL.
Tabscale = 500 points/nm
Generated table with 1057 data points for 1-4 LJ6.
Tabscale = 500 points/nm
Generated table with 1057 data points for 1-4 LJ12.
Tabscale = 500 points/nm
Long Range LJ corr.: <C6> 3.1583e-04


Using SIMD 4x8 nonbonded short-range kernels

Using a dual 4x8 pair-list setup updated with dynamic pruning:
  outer list: updated every 50 steps, buffer 0.115 nm, rlist 1.115 nm
  inner list: updated every 12 steps, buffer 0.002 nm, rlist 1.002 nm
At tolerance 0.005 kJ/mol/ps per atom, equivalent classical 1x1 list would be:
  outer list: updated every 50 steps, buffer 0.244 nm, rlist 1.244 nm
  inner list: updated every 12 steps, buffer 0.047 nm, rlist 1.047 nm

Using Geometric Lennard-Jones combination rule

Linking all bonded interactions to atoms


Pinning threads with an auto-selected logical cpu stride of 1

Initializing LINear Constraint Solver

++++ PLEASE READ AND CITE THE FOLLOWING REFERENCE ++++
B. Hess and H. Bekker and H. J. C. Berendsen and J. G. E. M. Fraaije
LINCS: A Linear Constraint Solver for molecular simulations
J. Comp. Chem. 18 (1997) pp. 1463-1472
-------- -------- --- Thank You --- -------- --------

The number of constraints is 959

++++ PLEASE READ AND CITE THE FOLLOWING REFERENCE ++++
S. Miyamoto and P. A. Kollman
SETTLE: An Analytical Version of the SHAKE and RATTLE Algorithms for Rigid
Water Models
J. Comp. Chem. 13 (1992) pp. 952-962
-------- -------- --- Thank You --- -------- --------


++++ PLEASE READ AND CITE THE FOLLOWING REFERENCE ++++
G. Bussi, D. Donadio and M. Parrinello
Canonical sampling through velocity rescaling
J. Chem. Phys. 126 (2007) pp. 014101
-------- -------- --- Thank You --- -------- --------

There are: 38376 Atoms
Atom distribution over 1 domains: av 38376 stddev 0 min 38376 max 38376
Center of mass motion removal mode is Linear
We have the following groups for center of mass motion removal:
  0:  rest

Started mdrun on rank 0 Fri Dec  6 14:56:43 2024

           Step           Time
              0        0.00000

   Energies (kJ/mol)
           Bond          Angle    Proper Dih. Ryckaert-Bell.          LJ-14
    1.40519e+03    3.68987e+03    2.69376e+02    1.85764e+03    2.69708e+03
     Coulomb-14        LJ (SR)  Disper. corr.   Coulomb (SR)   Coul. recip.
    7.69082e+03    1.03562e+05   -4.92233e+03   -7.11520e+05    3.41086e+03
 Position Rest.      Potential    Kinetic En.   Total Energy  Conserved En.
    1.26454e-01   -5.91860e+05    9.80788e+04   -4.93781e+05   -4.93758e+05
    Temperature Pres. DC (bar) Pressure (bar)   Constr. rmsd
    3.03407e+02   -2.07014e+02   -8.09656e+02    3.32300e-06

           Step           Time
            500        1.00000

   Energies (kJ/mol)
           Bond          Angle    Proper Dih. Ryckaert-Bell.          LJ-14
    1.42607e+03    3.74881e+03    2.63543e+02    1.80409e+03    2.68981e+03
     Coulomb-14        LJ (SR)  Disper. corr.   Coulomb (SR)   Coul. recip.
    7.77315e+03    1.08919e+05   -5.15799e+03   -7.21656e+05    3.12648e+03
 Position Rest.      Potential    Kinetic En.   Total Energy  Conserved En.
    4.33703e+02   -5.96629e+05    9.74871e+04   -4.99142e+05   -4.92965e+05
    Temperature Pres. DC (bar) Pressure (bar)   Constr. rmsd
    3.01577e+02   -2.27285e+02    3.26912e+02    2.89294e-06

           Step           Time
           1000        2.00000

   Energies (kJ/mol)
           Bond          Angle    Proper Dih. Ryckaert-Bell.          LJ-14
    1.57278e+03    3.74056e+03    2.54653e+02    1.92306e+03    2.68355e+03
     Coulomb-14        LJ (SR)  Disper. corr.   Coulomb (SR)   Coul. recip.
    7.70311e+03    1.08080e+05   -5.09255e+03   -7.17806e+05    3.35214e+03
 Position Rest.      Potential    Kinetic En.   Total Energy  Conserved En.
    4.43956e+02   -5.93144e+05    9.79614e+04   -4.95183e+05   -4.92656e+05
    Temperature Pres. DC (bar) Pressure (bar)   Constr. rmsd
    3.03044e+02   -2.21561e+02    7.98809e+01    2.83008e-06

           Step           Time
           1500        3.00000

   Energies (kJ/mol)
           Bond          Angle    Proper Dih. Ryckaert-Bell.          LJ-14
    1.41246e+03    3.90407e+03    2.45175e+02    1.80985e+03    2.75531e+03
     Coulomb-14        LJ (SR)  Disper. corr.   Coulomb (SR)   Coul. recip.
    7.67702e+03    1.06135e+05   -5.10459e+03   -7.15753e+05    3.25451e+03
 Position Rest.      Potential    Kinetic En.   Total Energy  Conserved En.
    4.70138e+02   -5.93195e+05    9.75037e+04   -4.95691e+05   -4.92637e+05
    Temperature Pres. DC (bar) Pressure (bar)   Constr. rmsd
    3.01628e+02   -2.22608e+02   -7.74198e+01    3.09952e-06

           Step           Time
           2000        4.00000

   Energies (kJ/mol)
           Bond          Angle    Proper Dih. Ryckaert-Bell.          LJ-14
    1.32901e+03    3.64366e+03    2.55075e+02    1.82694e+03    2.63440e+03
     Coulomb-14        LJ (SR)  Disper. corr.   Coulomb (SR)   Coul. recip.
    7.71162e+03    1.07621e+05   -5.12358e+03   -7.18268e+05    3.21340e+03
 Position Rest.      Potential    Kinetic En.   Total Energy  Conserved En.
    4.69507e+02   -5.94686e+05    9.62176e+04   -4.98469e+05   -4.92625e+05
    Temperature Pres. DC (bar) Pressure (bar)   Constr. rmsd
    2.97649e+02   -2.24266e+02    4.14880e+01    2.54965e-06

           Step           Time
           2500        5.00000

   Energies (kJ/mol)
           Bond          Angle    Proper Dih. Ryckaert-Bell.          LJ-14
    1.37201e+03    3.74787e+03    2.61210e+02    1.81697e+03    2.70670e+03
     Coulomb-14        LJ (SR)  Disper. corr.   Coulomb (SR)   Coul. recip.
    7.66877e+03    1.07664e+05   -5.12667e+03   -7.17272e+05    3.32015e+03
 Position Rest.      Potential    Kinetic En.   Total Energy  Conserved En.
    5.02256e+02   -5.93339e+05    9.72883e+04   -4.96051e+05   -4.92568e+05
    Temperature Pres. DC (bar) Pressure (bar)   Constr. rmsd
    3.00962e+02   -2.24536e+02    1.87710e+02    2.95969e-06

           Step           Time
           3000        6.00000

   Energies (kJ/mol)
           Bond          Angle    Proper Dih. Ryckaert-Bell.          LJ-14
    1.40444e+03    3.78754e+03    2.54708e+02    1.78769e+03    2.66091e+03
     Coulomb-14        LJ (SR)  Disper. corr.   Coulomb (SR)   Coul. recip.
    7.77713e+03    1.06800e+05   -5.07984e+03   -7.17759e+05    3.26194e+03
 Position Rest.      Potential    Kinetic En.   Total Energy  Conserved En.
    4.37118e+02   -5.94668e+05    9.75910e+04   -4.97077e+05   -4.92550e+05
    Temperature Pres. DC (bar) Pressure (bar)   Constr. rmsd
    3.01898e+02   -2.20458e+02   -3.08249e+02    2.79648e-06

           Step           Time
           3500        7.00000

   Energies (kJ/mol)
           Bond          Angle    Proper Dih. Ryckaert-Bell.          LJ-14
    1.48987e+03    3.71382e+03    2.67019e+02    1.89422e+03    2.73519e+03
     Coulomb-14        LJ (SR)  Disper. corr.   Coulomb (SR)   Coul. recip.
    7.70722e+03    1.07969e+05   -5.12120e+03   -7.19292e+05    3.26225e+03
 Position Rest.      Potential    Kinetic En.   Total Energy  Conserved En.
    4.61738e+02   -5.94914e+05    9.71613e+04   -4.97752e+05   -4.92517e+05
    Temperature Pres. DC (bar) Pressure (bar)   Constr. rmsd
    3.00569e+02   -2.24057e+02    1.41377e+02    2.70347e-06

           Step           Time
           4000        8.00000

   Energies (kJ/mol)
           Bond          Angle    Proper Dih. Ryckaert-Bell.          LJ-14
    1.44677e+03    3.74007e+03    2.54292e+02    1.87660e+03    2.71154e+03
     Coulomb-14        LJ (SR)  Disper. corr.   Coulomb (SR)   Coul. recip.
    7.74675e+03    1.07486e+05   -5.10471e+03   -7.18165e+05    3.22947e+03
 Position Rest.      Potential    Kinetic En.   Total Energy  Conserved En.
    4.30772e+02   -5.94347e+05    9.73030e+04   -4.97044e+05   -4.92518e+05
    Temperature Pres. DC (bar) Pressure (bar)   Constr. rmsd
    3.01007e+02   -2.22619e+02   -1.64293e+01    2.58368e-06

           Step           Time
           4500        9.00000

   Energies (kJ/mol)
           Bond          Angle    Proper Dih. Ryckaert-Bell.          LJ-14
    1.28893e+03    3.62680e+03    2.48665e+02    1.77413e+03    2.75517e+03
     Coulomb-14        LJ (SR)  Disper. corr.   Coulomb (SR)   Coul. recip.
    7.81677e+03    1.05956e+05   -5.08371e+03   -7.16855e+05    3.33903e+03
 Position Rest.      Potential    Kinetic En.   Total Energy  Conserved En.
    4.38782e+02   -5.94695e+05    9.63391e+04   -4.98356e+05   -4.92503e+05
    Temperature Pres. DC (bar) Pressure (bar)   Constr. rmsd
    2.98026e+02   -2.20793e+02   -1.71124e+02    3.37461e-06

           Step           Time
           5000       10.00000

   Energies (kJ/mol)
           Bond          Angle    Proper Dih. Ryckaert-Bell.          LJ-14
    1.36303e+03    3.77957e+03    2.92691e+02    1.84691e+03    2.71343e+03
     Coulomb-14        LJ (SR)  Disper. corr.   Coulomb (SR)   Coul. recip.
    7.81951e+03    1.07797e+05   -5.12181e+03   -7.20074e+05    3.32757e+03
 Position Rest.      Potential    Kinetic En.   Total Energy  Conserved En.
    4.32796e+02   -5.95823e+05    9.65101e+04   -4.99313e+05   -4.92474e+05
    Temperature Pres. DC (bar) Pressure (bar)   Constr. rmsd
    2.98554e+02   -2.24111e+02    4.91328e+00    2.90680e-06

           Step           Time
           5500       11.00000

   Energies (kJ/mol)
           Bond          Angle    Proper Dih. Ryckaert-Bell.          LJ-14
    1.41809e+03    3.78258e+03    2.67092e+02    1.77544e+03    2.72876e+03
     Coulomb-14        LJ (SR)  Disper. corr.   Coulomb (SR)   Coul. recip.
    7.81692e+03    1.06808e+05   -5.09509e+03   -7.18131e+05    3.30880e+03
 Position Rest.      Potential    Kinetic En.   Total Energy  Conserved En.
    4.81974e+02   -5.94838e+05    9.71956e+04   -4.97642e+05   -4.92468e+05
    Temperature Pres. DC (bar) Pressure (bar)   Constr. rmsd
    3.00675e+02   -2.21781e+02   -1.40268e+02    3.17810e-06

           Step           Time
           6000       12.00000

   Energies (kJ/mol)
           Bond          Angle    Proper Dih. Ryckaert-Bell.          LJ-14
    1.35965e+03    3.75254e+03    2.37840e+02    1.75322e+03    2.64347e+03
     Coulomb-14        LJ (SR)  Disper. corr.   Coulomb (SR)   Coul. recip.
    7.81891e+03    1.05604e+05   -5.06675e+03   -7.17053e+05    3.21441e+03
 Position Rest.      Potential    Kinetic En.   Total Energy  Conserved En.
    4.41544e+02   -5.95294e+05    9.72239e+04   -4.98070e+05   -4.92447e+05
    Temperature Pres. DC (bar) Pressure (bar)   Constr. rmsd
    3.00763e+02   -2.19324e+02   -4.36356e+02    2.74572e-06

           Step           Time
           6500       13.00000

   Energies (kJ/mol)
           Bond          Angle    Proper Dih. Ryckaert-Bell.          LJ-14
    1.43746e+03    3.78375e+03    2.28518e+02    1.81445e+03    2.70921e+03
     Coulomb-14        LJ (SR)  Disper. corr.   Coulomb (SR)   Coul. recip.
    7.76406e+03    1.07452e+05   -5.10713e+03   -7.18628e+05    3.28106e+03
 Position Rest.      Potential    Kinetic En.   Total Energy  Conserved En.
    4.08854e+02   -5.94856e+05    9.76156e+04   -4.97240e+05   -4.92390e+05
    Temperature Pres. DC (bar) Pressure (bar)   Constr. rmsd
    3.01974e+02   -2.22829e+02   -1.74859e+01    3.22661e-06

           Step           Time
           7000       14.00000

   Energies (kJ/mol)
           Bond          Angle    Proper Dih. Ryckaert-Bell.          LJ-14
    1.37624e+03    3.67654e+03    2.40654e+02    1.76350e+03    2.77299e+03
     Coulomb-14        LJ (SR)  Disper. corr.   Coulomb (SR)   Coul. recip.
    7.83687e+03    1.07475e+05   -5.11405e+03   -7.18757e+05    3.21008e+03
 Position Rest.      Potential    Kinetic En.   Total Energy  Conserved En.
    4.86957e+02   -5.95032e+05    9.72490e+04   -4.97783e+05   -4.92399e+05
    Temperature Pres. DC (bar) Pressure (bar)   Constr. rmsd
    3.00840e+02   -2.23433e+02    1.31650e+02    2.92661e-06

           Step           Time
           7500       15.00000

   Energies (kJ/mol)
           Bond          Angle    Proper Dih. Ryckaert-Bell.          LJ-14
    1.41671e+03    3.72338e+03    2.38068e+02    1.84313e+03    2.73053e+03
     Coulomb-14        LJ (SR)  Disper. corr.   Coulomb (SR)   Coul. recip.
    7.79801e+03    1.07667e+05   -5.11731e+03   -7.18974e+05    3.21119e+03
 Position Rest.      Potential    Kinetic En.   Total Energy  Conserved En.
    4.90094e+02   -5.94973e+05    9.64735e+04   -4.98500e+05   -4.92363e+05
    Temperature Pres. DC (bar) Pressure (bar)   Constr. rmsd
    2.98441e+02   -2.23718e+02    9.80163e+01    3.02892e-06

           Step           Time
           8000       16.00000

   Energies (kJ/mol)
           Bond          Angle    Proper Dih. Ryckaert-Bell.          LJ-14
    1.39919e+03    3.69337e+03    2.56011e+02    1.83130e+03    2.71557e+03
     Coulomb-14        LJ (SR)  Disper. corr.   Coulomb (SR)   Coul. recip.
    7.75259e+03    1.07281e+05   -5.12499e+03   -7.19337e+05    3.20176e+03
 Position Rest.      Potential    Kinetic En.   Total Energy  Conserved En.
    4.58314e+02   -5.95873e+05    9.61293e+04   -4.99744e+05   -4.92360e+05
    Temperature Pres. DC (bar) Pressure (bar)   Constr. rmsd
    2.97376e+02   -2.24389e+02    1.11754e+02    2.97749e-06

           Step           Time
           8500       17.00000

   Energies (kJ/mol)
           Bond          Angle    Proper Dih. Ryckaert-Bell.          LJ-14
    1.58293e+03    3.70126e+03    2.25208e+02    1.77783e+03    2.64521e+03
     Coulomb-14        LJ (SR)  Disper. corr.   Coulomb (SR)   Coul. recip.
    7.64815e+03    1.06910e+05   -5.08735e+03   -7.17478e+05    3.28965e+03
 Position Rest.      Potential    Kinetic En.   Total Energy  Conserved En.
    4.52293e+02   -5.94333e+05    9.71032e+04   -4.97229e+05   -4.92323e+05
    Temperature Pres. DC (bar) Pressure (bar)   Constr. rmsd
    3.00389e+02   -2.21109e+02   -1.81919e+01    2.92513e-06

           Step           Time
           9000       18.00000

   Energies (kJ/mol)
           Bond          Angle    Proper Dih. Ryckaert-Bell.          LJ-14
    1.46207e+03    3.84813e+03    2.80043e+02    1.86366e+03    2.70699e+03
     Coulomb-14        LJ (SR)  Disper. corr.   Coulomb (SR)   Coul. recip.
    7.73598e+03    1.06204e+05   -5.11498e+03   -7.17698e+05    3.21452e+03
 Position Rest.      Potential    Kinetic En.   Total Energy  Conserved En.
    4.66421e+02   -5.95031e+05    9.67061e+04   -4.98325e+05   -4.92287e+05
    Temperature Pres. DC (bar) Pressure (bar)   Constr. rmsd
    2.99161e+02   -2.23514e+02   -1.26391e+02    2.69425e-06

           Step           Time
           9500       19.00000

   Energies (kJ/mol)
           Bond          Angle    Proper Dih. Ryckaert-Bell.          LJ-14
    1.44048e+03    3.69920e+03    2.68368e+02    1.85908e+03    2.67252e+03
     Coulomb-14        LJ (SR)  Disper. corr.   Coulomb (SR)   Coul. recip.
    7.74920e+03    1.07555e+05   -5.12771e+03   -7.18935e+05    3.27597e+03
 Position Rest.      Potential    Kinetic En.   Total Energy  Conserved En.
    4.66838e+02   -5.95076e+05    9.69838e+04   -4.98093e+05   -4.92266e+05
    Temperature Pres. DC (bar) Pressure (bar)   Constr. rmsd
    3.00020e+02   -2.24627e+02    1.55651e+02    2.95718e-06

           Step           Time
          10000       20.00000

   Energies (kJ/mol)
           Bond          Angle    Proper Dih. Ryckaert-Bell.          LJ-14
    1.46803e+03    3.77153e+03    2.71195e+02    1.95092e+03    2.69002e+03
     Coulomb-14        LJ (SR)  Disper. corr.   Coulomb (SR)   Coul. recip.
    7.70636e+03    1.07394e+05   -5.10476e+03   -7.18263e+05    3.33282e+03
 Position Rest.      Potential    Kinetic En.   Total Energy  Conserved En.
    4.29770e+02   -5.94353e+05    9.75181e+04   -4.96835e+05   -4.92248e+05
    Temperature Pres. DC (bar) Pressure (bar)   Constr. rmsd
    3.01673e+02   -2.22623e+02    6.61197e+01    2.95678e-06

           Step           Time
          10500       21.00000

   Energies (kJ/mol)
           Bond          Angle    Proper Dih. Ryckaert-Bell.          LJ-14
    1.48868e+03    3.69312e+03    2.56773e+02    1.88375e+03    2.61799e+03
     Coulomb-14        LJ (SR)  Disper. corr.   Coulomb (SR)   Coul. recip.
    7.73947e+03    1.06918e+05   -5.10098e+03   -7.17845e+05    3.22369e+03
 Position Rest.      Potential    Kinetic En.   Total Energy  Conserved En.
    5.06776e+02   -5.94618e+05    9.66438e+04   -4.97974e+05   -4.92251e+05
    Temperature Pres. DC (bar) Pressure (bar)   Constr. rmsd
    2.98968e+02   -2.22294e+02   -2.16122e+02    2.84689e-06

           Step           Time
          11000       22.00000

   Energies (kJ/mol)
           Bond          Angle    Proper Dih. Ryckaert-Bell.          LJ-14
    1.49113e+03    3.65499e+03    2.32467e+02    1.81821e+03    2.66740e+03
     Coulomb-14        LJ (SR)  Disper. corr.   Coulomb (SR)   Coul. recip.
    7.67640e+03    1.06621e+05   -5.11635e+03   -7.17737e+05    3.28119e+03
 Position Rest.      Potential    Kinetic En.   Total Energy  Conserved En.
    4.40527e+02   -5.94970e+05    9.70176e+04   -4.97953e+05   -4.92254e+05
    Temperature Pres. DC (bar) Pressure (bar)   Constr. rmsd
    3.00124e+02   -2.23634e+02   -1.42723e+02    2.79434e-06

           Step           Time
          11500       23.00000

   Energies (kJ/mol)
           Bond          Angle    Proper Dih. Ryckaert-Bell.          LJ-14
    1.40650e+03    3.77201e+03    2.24077e+02    1.85868e+03    2.66129e+03
     Coulomb-14        LJ (SR)  Disper. corr.   Coulomb (SR)   Coul. recip.
    7.69474e+03    1.07436e+05   -5.10192e+03   -7.18773e+05    3.27469e+03
 Position Rest.      Potential    Kinetic En.   Total Energy  Conserved En.
    4.74065e+02   -5.95073e+05    9.64106e+04   -4.98662e+05   -4.92189e+05
    Temperature Pres. DC (bar) Pressure (bar)   Constr. rmsd
    2.98247e+02   -2.22376e+02    6.92524e+01    2.48092e-06

           Step           Time
          12000       24.00000

   Energies (kJ/mol)
           Bond          Angle    Proper Dih. Ryckaert-Bell.          LJ-14
    1.25012e+03    4.02677e+03    2.56132e+02    1.82208e+03    2.80086e+03
     Coulomb-14        LJ (SR)  Disper. corr.   Coulomb (SR)   Coul. recip.
    7.92551e+03    1.08558e+05   -5.11301e+03   -7.20086e+05    3.26116e+03
 Position Rest.      Potential    Kinetic En.   Total Energy  Conserved En.
    5.30489e+02   -5.94767e+05    9.69544e+04   -4.97813e+05   -4.92196e+05
    Temperature Pres. DC (bar) Pressure (bar)   Constr. rmsd
    2.99929e+02   -2.23343e+02    2.83144e+02    2.82137e-06

           Step           Time
          12500       25.00000

   Energies (kJ/mol)
           Bond          Angle    Proper Dih. Ryckaert-Bell.          LJ-14
    1.39147e+03    3.74618e+03    2.45232e+02    1.90202e+03    2.74809e+03
     Coulomb-14        LJ (SR)  Disper. corr.   Coulomb (SR)   Coul. recip.
    7.76254e+03    1.06867e+05   -5.11164e+03   -7.18634e+05    3.24746e+03
 Position Rest.      Potential    Kinetic En.   Total Energy  Conserved En.
    4.63345e+02   -5.95372e+05    9.68538e+04   -4.98519e+05   -4.92193e+05
    Temperature Pres. DC (bar) Pressure (bar)   Constr. rmsd
    2.99618e+02   -2.23223e+02    1.08340e+01    2.79433e-06

           Step           Time
          13000       26.00000

   Energies (kJ/mol)
           Bond          Angle    Proper Dih. Ryckaert-Bell.          LJ-14
    1.27802e+03    3.95425e+03    2.67124e+02    1.81566e+03    2.72816e+03
     Coulomb-14        LJ (SR)  Disper. corr.   Coulomb (SR)   Coul. recip.
    7.74465e+03    1.07125e+05   -5.10089e+03   -7.18611e+05    3.38175e+03
 Position Rest.      Potential    Kinetic En.   Total Energy  Conserved En.
    4.77568e+02   -5.94939e+05    9.67391e+04   -4.98200e+05   -4.92170e+05
    Temperature Pres. DC (bar) Pressure (bar)   Constr. rmsd
    2.99263e+02   -2.22286e+02    4.51758e+01    2.83587e-06

           Step           Time
          13500       27.00000

   Energies (kJ/mol)
           Bond          Angle    Proper Dih. Ryckaert-Bell.          LJ-14
    1.43173e+03    3.68727e+03    2.77999e+02    1.77507e+03    2.73177e+03
     Coulomb-14        LJ (SR)  Disper. corr.   Coulomb (SR)   Coul. recip.
    7.75210e+03    1.07739e+05   -5.11491e+03   -7.19197e+05    3.14014e+03
 Position Rest.      Potential    Kinetic En.   Total Energy  Conserved En.
    4.59284e+02   -5.95318e+05    9.73369e+04   -4.97981e+05   -4.92164e+05
    Temperature Pres. DC (bar) Pressure (bar)   Constr. rmsd
    3.01112e+02   -2.23508e+02    1.37795e+02    2.98444e-06

           Step           Time
          14000       28.00000

   Energies (kJ/mol)
           Bond          Angle    Proper Dih. Ryckaert-Bell.          LJ-14
    1.50852e+03    3.71444e+03    2.55588e+02    1.75475e+03    2.63113e+03
     Coulomb-14        LJ (SR)  Disper. corr.   Coulomb (SR)   Coul. recip.
    7.72544e+03    1.07383e+05   -5.12140e+03   -7.18561e+05    3.25734e+03
 Position Rest.      Potential    Kinetic En.   Total Energy  Conserved En.
    4.84648e+02   -5.94968e+05    9.74793e+04   -4.97488e+05   -4.92142e+05
    Temperature Pres. DC (bar) Pressure (bar)   Constr. rmsd
    3.01553e+02   -2.24076e+02    2.98857e+00    2.95099e-06

           Step           Time
          14500       29.00000

   Energies (kJ/mol)
           Bond          Angle    Proper Dih. Ryckaert-Bell.          LJ-14
    1.45257e+03    3.76953e+03    2.65579e+02    1.97769e+03    2.67153e+03
     Coulomb-14        LJ (SR)  Disper. corr.   Coulomb (SR)   Coul. recip.
    7.67200e+03    1.06610e+05   -5.07760e+03   -7.17253e+05    3.32975e+03
 Position Rest.      Potential    Kinetic En.   Total Energy  Conserved En.
    4.74008e+02   -5.94108e+05    9.69302e+04   -4.97178e+05   -4.92093e+05
    Temperature Pres. DC (bar) Pressure (bar)   Constr. rmsd
    2.99854e+02   -2.20263e+02   -1.09683e+02    2.86373e-06

           Step           Time
          15000       30.00000

   Energies (kJ/mol)
           Bond          Angle    Proper Dih. Ryckaert-Bell.          LJ-14
    1.40533e+03    3.81508e+03    2.70803e+02    1.85445e+03    2.66300e+03
     Coulomb-14        LJ (SR)  Disper. corr.   Coulomb (SR)   Coul. recip.
    7.77585e+03    1.07235e+05   -5.09511e+03   -7.18416e+05    3.21591e+03
 Position Rest.      Potential    Kinetic En.   Total Energy  Conserved En.
    4.41195e+02   -5.94834e+05    9.60950e+04   -4.98739e+05   -4.92078e+05
    Temperature Pres. DC (bar) Pressure (bar)   Constr. rmsd
    2.97270e+02   -2.21783e+02   -1.34540e+02    3.23848e-06

           Step           Time
          15500       31.00000

   Energies (kJ/mol)
           Bond          Angle    Proper Dih. Ryckaert-Bell.          LJ-14
    1.37387e+03    3.80296e+03    2.48033e+02    1.92563e+03    2.67763e+03
     Coulomb-14        LJ (SR)  Disper. corr.   Coulomb (SR)   Coul. recip.
    7.72125e+03    1.07753e+05   -5.09281e+03   -7.19198e+05    3.36714e+03
 Position Rest.      Potential    Kinetic En.   Total Energy  Conserved En.
    4.50117e+02   -5.94971e+05    9.72198e+04   -4.97751e+05   -4.92080e+05
    Temperature Pres. DC (bar) Pressure (bar)   Constr. rmsd
    3.00750e+02   -2.21583e+02    8.72577e+01    3.14536e-06

           Step           Time
          16000       32.00000

   Energies (kJ/mol)
           Bond          Angle    Proper Dih. Ryckaert-Bell.          LJ-14
    1.33299e+03    3.83870e+03    2.52260e+02    1.83730e+03    2.75498e+03
     Coulomb-14        LJ (SR)  Disper. corr.   Coulomb (SR)   Coul. recip.
    7.84694e+03    1.07954e+05   -5.11110e+03   -7.18327e+05    3.26582e+03
 Position Rest.      Potential    Kinetic En.   Total Energy  Conserved En.
    4.59864e+02   -5.93894e+05    9.76136e+04   -4.96281e+05   -4.92071e+05
    Temperature Pres. DC (bar) Pressure (bar)   Constr. rmsd
    3.01968e+02   -2.23176e+02    2.00972e+02    2.81299e-06

           Step           Time
          16500       33.00000

   Energies (kJ/mol)
           Bond          Angle    Proper Dih. Ryckaert-Bell.          LJ-14
    1.41377e+03    3.77578e+03    2.45689e+02    1.88228e+03    2.73212e+03
     Coulomb-14        LJ (SR)  Disper. corr.   Coulomb (SR)   Coul. recip.
    7.75869e+03    1.09329e+05   -5.13225e+03   -7.21461e+05    3.34385e+03
 Position Rest.      Potential    Kinetic En.   Total Energy  Conserved En.
    5.00013e+02   -5.95611e+05    9.73064e+04   -4.98305e+05   -4.92003e+05
    Temperature Pres. DC (bar) Pressure (bar)   Constr. rmsd
    3.01018e+02   -2.25024e+02    3.62139e+02    3.15946e-06

           Step           Time
          17000       34.00000

   Energies (kJ/mol)
           Bond          Angle    Proper Dih. Ryckaert-Bell.          LJ-14
    1.47606e+03    3.76176e+03    2.59707e+02    1.75194e+03    2.66033e+03
     Coulomb-14        LJ (SR)  Disper. corr.   Coulomb (SR)   Coul. recip.
    7.69040e+03    1.06564e+05   -5.05813e+03   -7.18212e+05    3.34804e+03
 Position Rest.      Potential    Kinetic En.   Total Energy  Conserved En.
    4.64079e+02   -5.95293e+05    9.66149e+04   -4.98678e+05   -4.91930e+05
    Temperature Pres. DC (bar) Pressure (bar)   Constr. rmsd
    2.98879e+02   -2.18580e+02   -2.85785e+02    3.02236e-06

           Step           Time
          17500       35.00000

   Energies (kJ/mol)
           Bond          Angle    Proper Dih. Ryckaert-Bell.          LJ-14
    1.43323e+03    3.69877e+03    2.33669e+02    1.78422e+03    2.70146e+03
     Coulomb-14        LJ (SR)  Disper. corr.   Coulomb (SR)   Coul. recip.
    7.77407e+03    1.08986e+05   -5.13411e+03   -7.22117e+05    3.21259e+03
 Position Rest.      Potential    Kinetic En.   Total Energy  Conserved En.
    4.78856e+02   -5.96948e+05    9.55884e+04   -5.01359e+05   -4.91877e+05
    Temperature Pres. DC (bar) Pressure (bar)   Constr. rmsd
    2.95703e+02   -2.25187e+02    1.61824e+02    2.32160e-06

           Step           Time
          18000       36.00000

   Energies (kJ/mol)
           Bond          Angle    Proper Dih. Ryckaert-Bell.          LJ-14
    1.42294e+03    3.66820e+03    2.48947e+02    1.90967e+03    2.63326e+03
     Coulomb-14        LJ (SR)  Disper. corr.   Coulomb (SR)   Coul. recip.
    7.75882e+03    1.07688e+05   -5.09323e+03   -7.19004e+05    3.41072e+03
 Position Rest.      Potential    Kinetic En.   Total Energy  Conserved En.
    4.80701e+02   -5.94876e+05    9.69511e+04   -4.97925e+05   -4.91850e+05
    Temperature Pres. DC (bar) Pressure (bar)   Constr. rmsd
    2.99919e+02   -2.21620e+02   -1.41815e+02    2.95735e-06

           Step           Time
          18500       37.00000

   Energies (kJ/mol)
           Bond          Angle    Proper Dih. Ryckaert-Bell.          LJ-14
    1.50634e+03    3.70854e+03    2.47649e+02    1.80527e+03    2.65139e+03
     Coulomb-14        LJ (SR)  Disper. corr.   Coulomb (SR)   Coul. recip.
    7.74345e+03    1.07692e+05   -5.13094e+03   -7.18805e+05    3.18960e+03
 Position Rest.      Potential    Kinetic En.   Total Energy  Conserved En.
    4.70430e+02   -5.94922e+05    9.66547e+04   -4.98267e+05   -4.91827e+05
    Temperature Pres. DC (bar) Pressure (bar)   Constr. rmsd
    2.99002e+02   -2.24910e+02    8.06460e+01    2.98571e-06

           Step           Time
          19000       38.00000

   Energies (kJ/mol)
           Bond          Angle    Proper Dih. Ryckaert-Bell.          LJ-14
    1.36209e+03    3.77985e+03    2.44718e+02    1.75526e+03    2.77389e+03
     Coulomb-14        LJ (SR)  Disper. corr.   Coulomb (SR)   Coul. recip.
    7.85376e+03    1.06492e+05   -5.11654e+03   -7.18542e+05    3.25234e+03
 Position Rest.      Potential    Kinetic En.   Total Energy  Conserved En.
    4.99062e+02   -5.95646e+05    9.68248e+04   -4.98821e+05   -4.91810e+05
    Temperature Pres. DC (bar) Pressure (bar)   Constr. rmsd
    2.99528e+02   -2.23651e+02   -8.42150e+01    3.07547e-06

           Step           Time
          19500       39.00000

   Energies (kJ/mol)
           Bond          Angle    Proper Dih. Ryckaert-Bell.          LJ-14
    1.44978e+03    3.76188e+03    2.68970e+02    1.88222e+03    2.70489e+03
     Coulomb-14        LJ (SR)  Disper. corr.   Coulomb (SR)   Coul. recip.
    7.71131e+03    1.07574e+05   -5.11911e+03   -7.19300e+05    3.33036e+03
 Position Rest.      Potential    Kinetic En.   Total Energy  Conserved En.
    4.47839e+02   -5.95288e+05    9.70192e+04   -4.98269e+05   -4.91799e+05
    Temperature Pres. DC (bar) Pressure (bar)   Constr. rmsd
    3.00129e+02   -2.23875e+02    9.72868e+01    2.78171e-06

           Step           Time
          20000       40.00000

   Energies (kJ/mol)
           Bond          Angle    Proper Dih. Ryckaert-Bell.          LJ-14
    1.48615e+03    3.76477e+03    2.70192e+02    1.96140e+03    2.65484e+03
     Coulomb-14        LJ (SR)  Disper. corr.   Coulomb (SR)   Coul. recip.
    7.68964e+03    1.06652e+05   -5.09397e+03   -7.17182e+05    3.27978e+03
 Position Rest.      Potential    Kinetic En.   Total Energy  Conserved En.
    4.74666e+02   -5.94042e+05    9.67898e+04   -4.97253e+05   -4.91774e+05
    Temperature Pres. DC (bar) Pressure (bar)   Constr. rmsd
    2.99420e+02   -2.21684e+02   -1.76537e+02    2.90703e-06

           Step           Time
          20500       41.00000

   Energies (kJ/mol)
           Bond          Angle    Proper Dih. Ryckaert-Bell.          LJ-14
    1.37988e+03    3.64512e+03    2.39642e+02    1.86295e+03    2.69450e+03
     Coulomb-14        LJ (SR)  Disper. corr.   Coulomb (SR)   Coul. recip.
    7.80081e+03    1.07736e+05   -5.11348e+03   -7.19642e+05    3.26158e+03
 Position Rest.      Potential    Kinetic En.   Total Energy  Conserved En.
    4.31169e+02   -5.95704e+05    9.69109e+04   -4.98793e+05   -4.91773e+05
    Temperature Pres. DC (bar) Pressure (bar)   Constr. rmsd
    2.99794e+02   -2.23383e+02    2.86511e+01    3.34422e-06

           Step           Time
          21000       42.00000

   Energies (kJ/mol)
           Bond          Angle    Proper Dih. Ryckaert-Bell.          LJ-14
    1.52893e+03    3.71689e+03    2.58848e+02    1.93878e+03    2.71219e+03
     Coulomb-14        LJ (SR)  Disper. corr.   Coulomb (SR)   Coul. recip.
    7.79133e+03    1.05068e+05   -5.07766e+03   -7.15652e+05    3.43667e+03
 Position Rest.      Potential    Kinetic En.   Total Energy  Conserved En.
    4.88283e+02   -5.93790e+05    9.79624e+04   -4.95828e+05   -4.91780e+05
    Temperature Pres. DC (bar) Pressure (bar)   Constr. rmsd
    3.03047e+02   -2.20269e+02   -3.43344e+02    3.25735e-06

           Step           Time
          21500       43.00000

   Energies (kJ/mol)
           Bond          Angle    Proper Dih. Ryckaert-Bell.          LJ-14
    1.40983e+03    3.65587e+03    2.39480e+02    1.87707e+03    2.71594e+03
     Coulomb-14        LJ (SR)  Disper. corr.   Coulomb (SR)   Coul. recip.
    7.73937e+03    1.06777e+05   -5.10459e+03   -7.17779e+05    3.36750e+03
 Position Rest.      Potential    Kinetic En.   Total Energy  Conserved En.
    4.96286e+02   -5.94605e+05    9.70701e+04   -4.97535e+05   -4.91736e+05
    Temperature Pres. DC (bar) Pressure (bar)   Constr. rmsd
    3.00287e+02   -2.22609e+02   -3.90091e-01    2.91959e-06

           Step           Time
          22000       44.00000

   Energies (kJ/mol)
           Bond          Angle    Proper Dih. Ryckaert-Bell.          LJ-14
    1.45417e+03    3.66455e+03    2.72230e+02    1.82780e+03    2.70308e+03
     Coulomb-14        LJ (SR)  Disper. corr.   Coulomb (SR)   Coul. recip.
    7.81020e+03    1.07321e+05   -5.12157e+03   -7.18490e+05    3.24923e+03
 Position Rest.      Potential    Kinetic En.   Total Energy  Conserved En.
    4.52518e+02   -5.94856e+05    9.72635e+04   -4.97593e+05   -4.91720e+05
    Temperature Pres. DC (bar) Pressure (bar)   Constr. rmsd
    3.00885e+02   -2.24090e+02   -1.20972e+01    2.76102e-06

           Step           Time
          22500       45.00000

   Energies (kJ/mol)
           Bond          Angle    Proper Dih. Ryckaert-Bell.          LJ-14
    1.52204e+03    3.95635e+03    2.50696e+02    1.90382e+03    2.67076e+03
     Coulomb-14        LJ (SR)  Disper. corr.   Coulomb (SR)   Coul. recip.
    7.74845e+03    1.07383e+05   -5.14432e+03   -7.18892e+05    3.22776e+03
 Position Rest.      Potential    Kinetic En.   Total Energy  Conserved En.
    4.54222e+02   -5.94919e+05    9.75735e+04   -4.97346e+05   -4.91677e+05
    Temperature Pres. DC (bar) Pressure (bar)   Constr. rmsd
    3.01844e+02   -2.26083e+02    6.15551e+01    2.95878e-06

           Step           Time
          23000       46.00000

   Energies (kJ/mol)
           Bond          Angle    Proper Dih. Ryckaert-Bell.          LJ-14
    1.49217e+03    3.70978e+03    2.54366e+02    1.88864e+03    2.68231e+03
     Coulomb-14        LJ (SR)  Disper. corr.   Coulomb (SR)   Coul. recip.
    7.73899e+03    1.08344e+05   -5.08291e+03   -7.18051e+05    3.35329e+03
 Position Rest.      Potential    Kinetic En.   Total Energy  Conserved En.
    4.74919e+02   -5.93196e+05    9.78584e+04   -4.95338e+05   -4.91651e+05
    Temperature Pres. DC (bar) Pressure (bar)   Constr. rmsd
    3.02725e+02   -2.20723e+02    1.41142e+02    2.88233e-06

           Step           Time
          23500       47.00000

   Energies (kJ/mol)
           Bond          Angle    Proper Dih. Ryckaert-Bell.          LJ-14
    1.54394e+03    3.77117e+03    2.53189e+02    1.82869e+03    2.69748e+03
     Coulomb-14        LJ (SR)  Disper. corr.   Coulomb (SR)   Coul. recip.
    7.78253e+03    1.07299e+05   -5.11277e+03   -7.17372e+05    3.30886e+03
 Position Rest.      Potential    Kinetic En.   Total Energy  Conserved En.
    4.50316e+02   -5.93550e+05    9.81392e+04   -4.95411e+05   -4.91572e+05
    Temperature Pres. DC (bar) Pressure (bar)   Constr. rmsd
    3.03594e+02   -2.23322e+02    1.01832e+02    3.24091e-06

           Step           Time
          24000       48.00000

   Energies (kJ/mol)
           Bond          Angle    Proper Dih. Ryckaert-Bell.          LJ-14
    1.48718e+03    3.69015e+03    2.43007e+02    1.80390e+03    2.70549e+03
     Coulomb-14        LJ (SR)  Disper. corr.   Coulomb (SR)   Coul. recip.
    7.67223e+03    1.07871e+05   -5.12860e+03   -7.18887e+05    3.20707e+03
 Position Rest.      Potential    Kinetic En.   Total Energy  Conserved En.
    4.38055e+02   -5.94898e+05    9.63049e+04   -4.98593e+05   -4.91486e+05
    Temperature Pres. DC (bar) Pressure (bar)   Constr. rmsd
    2.97920e+02   -2.24705e+02    1.55205e+02    2.63662e-06

           Step           Time
          24500       49.00000

   Energies (kJ/mol)
           Bond          Angle    Proper Dih. Ryckaert-Bell.          LJ-14
    1.38084e+03    3.70064e+03    2.34877e+02    1.83688e+03    2.68681e+03
     Coulomb-14        LJ (SR)  Disper. corr.   Coulomb (SR)   Coul. recip.
    7.74260e+03    1.04990e+05   -5.08751e+03   -7.16009e+05    3.31402e+03
 Position Rest.      Potential    Kinetic En.   Total Energy  Conserved En.
    4.41969e+02   -5.94768e+05    9.66563e+04   -4.98112e+05   -4.91473e+05
    Temperature Pres. DC (bar) Pressure (bar)   Constr. rmsd
    2.99007e+02   -2.21123e+02   -4.14075e+02    3.12754e-06

           Step           Time
          25000       50.00000

   Energies (kJ/mol)
           Bond          Angle    Proper Dih. Ryckaert-Bell.          LJ-14
    1.35295e+03    3.63204e+03    2.48372e+02    1.84789e+03    2.67873e+03
     Coulomb-14        LJ (SR)  Disper. corr.   Coulomb (SR)   Coul. recip.
    7.76217e+03    1.07037e+05   -5.12232e+03   -7.18101e+05    3.21873e+03
 Position Rest.      Potential    Kinetic En.   Total Energy  Conserved En.
    5.02708e+02   -5.94943e+05    9.56742e+04   -4.99268e+05   -4.91440e+05
    Temperature Pres. DC (bar) Pressure (bar)   Constr. rmsd
    2.95968e+02   -2.24156e+02    7.00446e+01    2.87783e-06

           Step           Time
          25500       51.00000

   Energies (kJ/mol)
           Bond          Angle    Proper Dih. Ryckaert-Bell.          LJ-14
    1.40430e+03    3.79827e+03    2.30791e+02    1.77727e+03    2.63722e+03
     Coulomb-14        LJ (SR)  Disper. corr.   Coulomb (SR)   Coul. recip.
    7.70291e+03    1.08859e+05   -5.13906e+03   -7.20753e+05    3.23011e+03
 Position Rest.      Potential    Kinetic En.   Total Energy  Conserved En.
    4.83092e+02   -5.95770e+05    9.67011e+04   -4.99069e+05   -4.91414e+05
    Temperature Pres. DC (bar) Pressure (bar)   Constr. rmsd
    2.99145e+02   -2.25622e+02    1.94094e+02    2.67274e-06

           Step           Time
          26000       52.00000

   Energies (kJ/mol)
           Bond          Angle    Proper Dih. Ryckaert-Bell.          LJ-14
    1.41417e+03    3.66630e+03    2.34268e+02    1.84019e+03    2.69719e+03
     Coulomb-14        LJ (SR)  Disper. corr.   Coulomb (SR)   Coul. recip.
    7.75117e+03    1.07109e+05   -5.07638e+03   -7.17831e+05    3.40415e+03
 Position Rest.      Potential    Kinetic En.   Total Energy  Conserved En.
    4.99857e+02   -5.94291e+05    9.71727e+04   -4.97118e+05   -4.91383e+05
    Temperature Pres. DC (bar) Pressure (bar)   Constr. rmsd
    3.00604e+02   -2.20158e+02   -2.23841e+02    3.23900e-06

           Step           Time
          26500       53.00000

   Energies (kJ/mol)
           Bond          Angle    Proper Dih. Ryckaert-Bell.          LJ-14
    1.34454e+03    3.74722e+03    2.48667e+02    1.83134e+03    2.82523e+03
     Coulomb-14        LJ (SR)  Disper. corr.   Coulomb (SR)   Coul. recip.
    7.88735e+03    1.06084e+05   -5.09218e+03   -7.16132e+05    3.40021e+03
 Position Rest.      Potential    Kinetic En.   Total Energy  Conserved En.
    4.80756e+02   -5.93376e+05    9.74687e+04   -4.95907e+05   -4.91293e+05
    Temperature Pres. DC (bar) Pressure (bar)   Constr. rmsd
    3.01520e+02   -2.21528e+02   -9.63114e+01    3.07632e-06

           Step           Time
          27000       54.00000

   Energies (kJ/mol)
           Bond          Angle    Proper Dih. Ryckaert-Bell.          LJ-14
    1.33407e+03    3.75308e+03    2.22379e+02    1.80402e+03    2.71259e+03
     Coulomb-14        LJ (SR)  Disper. corr.   Coulomb (SR)   Coul. recip.
    7.79359e+03    1.10388e+05   -5.11939e+03   -7.23077e+05    3.27878e+03
 Position Rest.      Potential    Kinetic En.   Total Energy  Conserved En.
    4.77152e+02   -5.96433e+05    9.66581e+04   -4.99775e+05   -4.91229e+05
    Temperature Pres. DC (bar) Pressure (bar)   Constr. rmsd
    2.99012e+02   -2.23899e+02    5.22056e+02    2.55497e-06

           Step           Time
          27500       55.00000

   Energies (kJ/mol)
           Bond          Angle    Proper Dih. Ryckaert-Bell.          LJ-14
    1.47918e+03    3.70665e+03    2.39229e+02    1.85750e+03    2.69693e+03
     Coulomb-14        LJ (SR)  Disper. corr.   Coulomb (SR)   Coul. recip.
    7.74430e+03    1.08392e+05   -5.10796e+03   -7.20556e+05    3.29050e+03
 Position Rest.      Potential    Kinetic En.   Total Energy  Conserved En.
    5.10529e+02   -5.95747e+05    9.70714e+04   -4.98676e+05   -4.91209e+05
    Temperature Pres. DC (bar) Pressure (bar)   Constr. rmsd
    3.00291e+02   -2.22902e+02   -2.35831e+01    2.54577e-06

           Step           Time
          28000       56.00000

   Energies (kJ/mol)
           Bond          Angle    Proper Dih. Ryckaert-Bell.          LJ-14
    1.58129e+03    3.70235e+03    2.36822e+02    1.86477e+03    2.62167e+03
     Coulomb-14        LJ (SR)  Disper. corr.   Coulomb (SR)   Coul. recip.
    7.80216e+03    1.07957e+05   -5.10107e+03   -7.19251e+05    3.33326e+03
 Position Rest.      Potential    Kinetic En.   Total Energy  Conserved En.
    4.81192e+02   -5.94771e+05    9.67893e+04   -4.97981e+05   -4.91190e+05
    Temperature Pres. DC (bar) Pressure (bar)   Constr. rmsd
    2.99418e+02   -2.22302e+02    3.32286e+01    2.85353e-06

           Step           Time
          28500       57.00000

   Energies (kJ/mol)
           Bond          Angle    Proper Dih. Ryckaert-Bell.          LJ-14
    1.41974e+03    3.72637e+03    2.37484e+02    1.77929e+03    2.71337e+03
     Coulomb-14        LJ (SR)  Disper. corr.   Coulomb (SR)   Coul. recip.
    7.72843e+03    1.09777e+05   -5.12423e+03   -7.21313e+05    3.37331e+03
 Position Rest.      Potential    Kinetic En.   Total Energy  Conserved En.
    4.87342e+02   -5.95195e+05    9.70955e+04   -4.98100e+05   -4.91162e+05
    Temperature Pres. DC (bar) Pressure (bar)   Constr. rmsd
    3.00365e+02   -2.24323e+02    4.22633e+02    2.69711e-06

           Step           Time
          29000       58.00000

   Energies (kJ/mol)
           Bond          Angle    Proper Dih. Ryckaert-Bell.          LJ-14
    1.46992e+03    3.75034e+03    2.55389e+02    1.89546e+03    2.72441e+03
     Coulomb-14        LJ (SR)  Disper. corr.   Coulomb (SR)   Coul. recip.
    7.73164e+03    1.07003e+05   -5.12978e+03   -7.18191e+05    3.32553e+03
 Position Rest.      Potential    Kinetic En.   Total Energy  Conserved En.
    5.23545e+02   -5.94642e+05    9.70895e+04   -4.97552e+05   -4.91167e+05
    Temperature Pres. DC (bar) Pressure (bar)   Constr. rmsd
    3.00347e+02   -2.24808e+02   -4.88250e+01    3.22560e-06

           Step           Time
          29500       59.00000

   Energies (kJ/mol)
           Bond          Angle    Proper Dih. Ryckaert-Bell.          LJ-14
    1.55580e+03    3.66232e+03    2.52765e+02    1.86240e+03    2.70451e+03
     Coulomb-14        LJ (SR)  Disper. corr.   Coulomb (SR)   Coul. recip.
    7.87973e+03    1.06140e+05   -5.10759e+03   -7.17370e+05    3.33632e+03
 Position Rest.      Potential    Kinetic En.   Total Energy  Conserved En.
    4.48499e+02   -5.94635e+05    9.74316e+04   -4.97203e+05   -4.91140e+05
    Temperature Pres. DC (bar) Pressure (bar)   Constr. rmsd
    3.01405e+02   -2.22870e+02   -1.39203e+02    2.98071e-06

           Step           Time
          30000       60.00000

   Energies (kJ/mol)
           Bond          Angle    Proper Dih. Ryckaert-Bell.          LJ-14
    1.48452e+03    3.63219e+03    2.52326e+02    1.84667e+03    2.65582e+03
     Coulomb-14        LJ (SR)  Disper. corr.   Coulomb (SR)   Coul. recip.
    7.66781e+03    1.05984e+05   -5.09074e+03   -7.16259e+05    3.23607e+03
 Position Rest.      Potential    Kinetic En.   Total Energy  Conserved En.
    5.20163e+02   -5.94070e+05    9.69506e+04   -4.97120e+05   -4.91090e+05
    Temperature Pres. DC (bar) Pressure (bar)   Constr. rmsd
    2.99917e+02   -2.21404e+02   -2.89619e+02    3.01717e-06

           Step           Time
          30500       61.00000

   Energies (kJ/mol)
           Bond          Angle    Proper Dih. Ryckaert-Bell.          LJ-14
    1.38384e+03    3.74014e+03    2.48939e+02    1.82078e+03    2.73970e+03
     Coulomb-14        LJ (SR)  Disper. corr.   Coulomb (SR)   Coul. recip.
    7.83225e+03    1.05815e+05   -5.11103e+03   -7.17286e+05    3.22513e+03
 Position Rest.      Potential    Kinetic En.   Total Energy  Conserved En.
    4.82307e+02   -5.95109e+05    9.69957e+04   -4.98113e+05   -4.91067e+05
    Temperature Pres. DC (bar) Pressure (bar)   Constr. rmsd
    3.00057e+02   -2.23170e+02   -2.33933e+02    3.28536e-06

           Step           Time
          31000       62.00000

   Energies (kJ/mol)
           Bond          Angle    Proper Dih. Ryckaert-Bell.          LJ-14
    1.45732e+03    3.66558e+03    2.17264e+02    1.83502e+03    2.67763e+03
     Coulomb-14        LJ (SR)  Disper. corr.   Coulomb (SR)   Coul. recip.
    7.78520e+03    1.08301e+05   -5.09855e+03   -7.20381e+05    3.26711e+03
 Position Rest.      Potential    Kinetic En.   Total Energy  Conserved En.
    4.74433e+02   -5.95800e+05    9.65005e+04   -4.99299e+05   -4.91061e+05
    Temperature Pres. DC (bar) Pressure (bar)   Constr. rmsd
    2.98525e+02   -2.22083e+02   -4.47899e+01    3.01038e-06

           Step           Time
          31500       63.00000

   Energies (kJ/mol)
           Bond          Angle    Proper Dih. Ryckaert-Bell.          LJ-14
    1.54398e+03    3.60656e+03    2.51430e+02    1.80346e+03    2.69321e+03
     Coulomb-14        LJ (SR)  Disper. corr.   Coulomb (SR)   Coul. recip.
    7.74700e+03    1.07181e+05   -5.12217e+03   -7.17692e+05    3.23040e+03
 Position Rest.      Potential    Kinetic En.   Total Energy  Conserved En.
    4.89279e+02   -5.94268e+05    9.78376e+04   -4.96430e+05   -4.91068e+05
    Temperature Pres. DC (bar) Pressure (bar)   Constr. rmsd
    3.02661e+02   -2.24143e+02   -2.76931e+01    3.12824e-06

           Step           Time
          32000       64.00000

   Energies (kJ/mol)
           Bond          Angle    Proper Dih. Ryckaert-Bell.          LJ-14
    1.46608e+03    3.76075e+03    2.66290e+02    1.85786e+03    2.60567e+03
     Coulomb-14        LJ (SR)  Disper. corr.   Coulomb (SR)   Coul. recip.
    7.78336e+03    1.08578e+05   -5.11728e+03   -7.19725e+05    3.29016e+03
 Position Rest.      Potential    Kinetic En.   Total Energy  Conserved En.
    4.87578e+02   -5.94747e+05    9.71041e+04   -4.97642e+05   -4.91049e+05
    Temperature Pres. DC (bar) Pressure (bar)   Constr. rmsd
    3.00392e+02   -2.23715e+02    9.12038e+01    2.88346e-06

           Step           Time
          32500       65.00000

   Energies (kJ/mol)
           Bond          Angle    Proper Dih. Ryckaert-Bell.          LJ-14
    1.53617e+03    3.77441e+03    2.67227e+02    1.77951e+03    2.72343e+03
     Coulomb-14        LJ (SR)  Disper. corr.   Coulomb (SR)   Coul. recip.
    7.80172e+03    1.07238e+05   -5.10029e+03   -7.19647e+05    3.29802e+03
 Position Rest.      Potential    Kinetic En.   Total Energy  Conserved En.
    4.65976e+02   -5.95863e+05    9.75193e+04   -4.98343e+05   -4.91027e+05
    Temperature Pres. DC (bar) Pressure (bar)   Constr. rmsd
    3.01676e+02   -2.22234e+02   -2.97526e+01    2.56971e-06

           Step           Time
          33000       66.00000

   Energies (kJ/mol)
           Bond          Angle    Proper Dih. Ryckaert-Bell.          LJ-14
    1.58040e+03    3.79364e+03    2.54215e+02    1.81756e+03    2.57531e+03
     Coulomb-14        LJ (SR)  Disper. corr.   Coulomb (SR)   Coul. recip.
    7.58556e+03    1.08576e+05   -5.13070e+03   -7.21498e+05    3.21640e+03
 Position Rest.      Potential    Kinetic En.   Total Energy  Conserved En.
    4.52454e+02   -5.96777e+05    9.72979e+04   -4.99480e+05   -4.91011e+05
    Temperature Pres. DC (bar) Pressure (bar)   Constr. rmsd
    3.00992e+02   -2.24889e+02    9.95360e+01    2.96754e-06

           Step           Time
          33500       67.00000

   Energies (kJ/mol)
           Bond          Angle    Proper Dih. Ryckaert-Bell.          LJ-14
    1.51903e+03    3.78074e+03    2.59513e+02    1.74533e+03    2.65731e+03
     Coulomb-14        LJ (SR)  Disper. corr.   Coulomb (SR)   Coul. recip.
    7.68660e+03    1.05360e+05   -5.07984e+03   -7.15786e+05    3.24776e+03
 Position Rest.      Potential    Kinetic En.   Total Energy  Conserved En.
    4.94777e+02   -5.94114e+05    9.71353e+04   -4.96979e+05   -4.90990e+05
    Temperature Pres. DC (bar) Pressure (bar)   Constr. rmsd
    3.00489e+02   -2.20457e+02   -3.88326e+02    2.66517e-06

           Step           Time
          34000       68.00000

   Energies (kJ/mol)
           Bond          Angle    Proper Dih. Ryckaert-Bell.          LJ-14
    1.45025e+03    3.67754e+03    2.28366e+02    1.82126e+03    2.70160e+03
     Coulomb-14        LJ (SR)  Disper. corr.   Coulomb (SR)   Coul. recip.
    7.75793e+03    1.06679e+05   -5.09225e+03   -7.18063e+05    3.32736e+03
 Position Rest.      Potential    Kinetic En.   Total Energy  Conserved En.
    4.76993e+02   -5.95036e+05    9.74269e+04   -4.97609e+05   -4.90936e+05
    Temperature Pres. DC (bar) Pressure (bar)   Constr. rmsd
    3.01390e+02   -2.21534e+02   -1.05127e+02    3.05748e-06

           Step           Time
          34500       69.00000

   Energies (kJ/mol)
           Bond          Angle    Proper Dih. Ryckaert-Bell.          LJ-14
    1.35126e+03    3.67918e+03    2.38320e+02    1.82925e+03    2.77077e+03
     Coulomb-14        LJ (SR)  Disper. corr.   Coulomb (SR)   Coul. recip.
    7.82419e+03    1.07465e+05   -5.12685e+03   -7.18388e+05    3.21130e+03
 Position Rest.      Potential    Kinetic En.   Total Energy  Conserved En.
    4.78060e+02   -5.94667e+05    9.71501e+04   -4.97517e+05   -4.90887e+05
    Temperature Pres. DC (bar) Pressure (bar)   Constr. rmsd
    3.00534e+02   -2.24552e+02    1.82763e+02    2.74160e-06

           Step           Time
          35000       70.00000

   Energies (kJ/mol)
           Bond          Angle    Proper Dih. Ryckaert-Bell.          LJ-14
    1.32723e+03    3.70024e+03    2.18785e+02    1.74533e+03    2.70582e+03
     Coulomb-14        LJ (SR)  Disper. corr.   Coulomb (SR)   Coul. recip.
    7.76833e+03    1.06577e+05   -5.07037e+03   -7.17254e+05    3.26026e+03
 Position Rest.      Potential    Kinetic En.   Total Energy  Conserved En.
    4.79986e+02   -5.94541e+05    9.71277e+04   -4.97414e+05   -4.90851e+05
    Temperature Pres. DC (bar) Pressure (bar)   Constr. rmsd
    3.00465e+02   -2.19637e+02   -2.32821e+02    2.80695e-06

           Step           Time
          35500       71.00000

   Energies (kJ/mol)
           Bond          Angle    Proper Dih. Ryckaert-Bell.          LJ-14
    1.33137e+03    3.70157e+03    2.42235e+02    1.82708e+03    2.69735e+03
     Coulomb-14        LJ (SR)  Disper. corr.   Coulomb (SR)   Coul. recip.
    7.76967e+03    1.08614e+05   -5.10596e+03   -7.19389e+05    3.22063e+03
 Position Rest.      Potential    Kinetic En.   Total Energy  Conserved En.
    4.97342e+02   -5.94593e+05    9.68703e+04   -4.97723e+05   -4.90836e+05
    Temperature Pres. DC (bar) Pressure (bar)   Constr. rmsd
    2.99669e+02   -2.22728e+02    2.66905e+02    2.81162e-06

           Step           Time
          36000       72.00000

   Energies (kJ/mol)
           Bond          Angle    Proper Dih. Ryckaert-Bell.          LJ-14
    1.46438e+03    3.66955e+03    2.42845e+02    1.90705e+03    2.63981e+03
     Coulomb-14        LJ (SR)  Disper. corr.   Coulomb (SR)   Coul. recip.
    7.65525e+03    1.07182e+05   -5.09627e+03   -7.18069e+05    3.41108e+03
 Position Rest.      Potential    Kinetic En.   Total Energy  Conserved En.
    4.89620e+02   -5.94504e+05    9.63110e+04   -4.98193e+05   -4.90841e+05
    Temperature Pres. DC (bar) Pressure (bar)   Constr. rmsd
    2.97939e+02   -2.21885e+02   -1.24653e+02    3.05467e-06

           Step           Time
          36500       73.00000

   Energies (kJ/mol)
           Bond          Angle    Proper Dih. Ryckaert-Bell.          LJ-14
    1.39502e+03    3.74634e+03    2.66156e+02    1.94250e+03    2.67477e+03
     Coulomb-14        LJ (SR)  Disper. corr.   Coulomb (SR)   Coul. recip.
    7.71779e+03    1.07355e+05   -5.11962e+03   -7.18913e+05    3.17684e+03
 Position Rest.      Potential    Kinetic En.   Total Energy  Conserved En.
    4.85748e+02   -5.95272e+05    9.64873e+04   -4.98785e+05   -4.90808e+05
    Temperature Pres. DC (bar) Pressure (bar)   Constr. rmsd
    2.98484e+02   -2.23920e+02    2.46666e+00    3.10619e-06

           Step           Time
          37000       74.00000

   Energies (kJ/mol)
           Bond          Angle    Proper Dih. Ryckaert-Bell.          LJ-14
    1.46863e+03    3.66845e+03    2.45504e+02    1.87182e+03    2.71066e+03
     Coulomb-14        LJ (SR)  Disper. corr.   Coulomb (SR)   Coul. recip.
    7.77275e+03    1.06000e+05   -5.10880e+03   -7.16375e+05    3.24645e+03
 Position Rest.      Potential    Kinetic En.   Total Energy  Conserved En.
    4.54623e+02   -5.94044e+05    9.72963e+04   -4.96748e+05   -4.90804e+05
    Temperature Pres. DC (bar) Pressure (bar)   Constr. rmsd
    3.00986e+02   -2.22975e+02   -2.81782e+02    2.84617e-06

           Step           Time
          37500       75.00000

   Energies (kJ/mol)
           Bond          Angle    Proper Dih. Ryckaert-Bell.          LJ-14
    1.37650e+03    3.58690e+03    2.51828e+02    1.78776e+03    2.73838e+03
     Coulomb-14        LJ (SR)  Disper. corr.   Coulomb (SR)   Coul. recip.
    7.80413e+03    1.07825e+05   -5.10370e+03   -7.20055e+05    3.19271e+03
 Position Rest.      Potential    Kinetic En.   Total Energy  Conserved En.
    4.75024e+02   -5.96120e+05    9.69550e+04   -4.99166e+05   -4.90763e+05
    Temperature Pres. DC (bar) Pressure (bar)   Constr. rmsd
    2.99931e+02   -2.22531e+02   -3.32011e+01    2.66519e-06

           Step           Time
          38000       76.00000

   Energies (kJ/mol)
           Bond          Angle    Proper Dih. Ryckaert-Bell.          LJ-14
    1.43761e+03    3.71685e+03    2.59726e+02    1.89767e+03    2.70811e+03
     Coulomb-14        LJ (SR)  Disper. corr.   Coulomb (SR)   Coul. recip.
    7.73111e+03    1.09773e+05   -5.11227e+03   -7.21376e+05    3.25441e+03
 Position Rest.      Potential    Kinetic En.   Total Energy  Conserved En.
    4.20825e+02   -5.95289e+05    9.62894e+04   -4.99000e+05   -4.90748e+05
    Temperature Pres. DC (bar) Pressure (bar)   Constr. rmsd
    2.97872e+02   -2.23278e+02    4.13868e+02    3.19697e-06

           Step           Time
          38500       77.00000

   Energies (kJ/mol)
           Bond          Angle    Proper Dih. Ryckaert-Bell.          LJ-14
    1.43419e+03    3.61158e+03    2.49748e+02    1.87359e+03    2.69978e+03
     Coulomb-14        LJ (SR)  Disper. corr.   Coulomb (SR)   Coul. recip.
    7.70393e+03    1.09337e+05   -5.12386e+03   -7.22186e+05    3.22051e+03
 Position Rest.      Potential    Kinetic En.   Total Energy  Conserved En.
    4.55279e+02   -5.96724e+05    9.70502e+04   -4.99674e+05   -4.90723e+05
    Temperature Pres. DC (bar) Pressure (bar)   Constr. rmsd
    3.00225e+02   -2.24290e+02    1.75359e+02    2.87052e-06

           Step           Time
          39000       78.00000

   Energies (kJ/mol)
           Bond          Angle    Proper Dih. Ryckaert-Bell.          LJ-14
    1.40987e+03    3.74832e+03    2.83282e+02    1.81833e+03    2.74900e+03
     Coulomb-14        LJ (SR)  Disper. corr.   Coulomb (SR)   Coul. recip.
    7.81144e+03    1.07204e+05   -5.08952e+03   -7.19054e+05    3.26504e+03
 Position Rest.      Potential    Kinetic En.   Total Energy  Conserved En.
    5.44508e+02   -5.95309e+05    9.65234e+04   -4.98786e+05   -4.90684e+05
    Temperature Pres. DC (bar) Pressure (bar)   Constr. rmsd
    2.98596e+02   -2.21297e+02   -9.81076e+01    2.90329e-06

           Step           Time
          39500       79.00000

   Energies (kJ/mol)
           Bond          Angle    Proper Dih. Ryckaert-Bell.          LJ-14
    1.38207e+03    3.65278e+03    2.89046e+02    1.88671e+03    2.74264e+03
     Coulomb-14        LJ (SR)  Disper. corr.   Coulomb (SR)   Coul. recip.
    7.87861e+03    1.07394e+05   -5.09307e+03   -7.18652e+05    3.23418e+03
 Position Rest.      Potential    Kinetic En.   Total Energy  Conserved En.
    4.41994e+02   -5.94843e+05    9.70024e+04   -4.97841e+05   -4.90669e+05
    Temperature Pres. DC (bar) Pressure (bar)   Constr. rmsd
    3.00077e+02   -2.21606e+02   -8.40162e-01    3.16533e-06

           Step           Time
          40000       80.00000

   Energies (kJ/mol)
           Bond          Angle    Proper Dih. Ryckaert-Bell.          LJ-14
    1.37918e+03    3.57577e+03    2.18319e+02    1.84866e+03    2.67378e+03
     Coulomb-14        LJ (SR)  Disper. corr.   Coulomb (SR)   Coul. recip.
    7.64485e+03    1.07532e+05   -5.09897e+03   -7.18758e+05    3.27061e+03
 Position Rest.      Potential    Kinetic En.   Total Energy  Conserved En.
    4.77464e+02   -5.95236e+05    9.61106e+04   -4.99126e+05   -4.90643e+05
    Temperature Pres. DC (bar) Pressure (bar)   Constr. rmsd
    2.97319e+02   -2.22119e+02   -1.46974e+02    2.63645e-06

           Step           Time
          40500       81.00000

   Energies (kJ/mol)
           Bond          Angle    Proper Dih. Ryckaert-Bell.          LJ-14
    1.36197e+03    3.78999e+03    2.75448e+02    1.83275e+03    2.80662e+03
     Coulomb-14        LJ (SR)  Disper. corr.   Coulomb (SR)   Coul. recip.
    7.80847e+03    1.06102e+05   -5.08685e+03   -7.16933e+05    3.34026e+03
 Position Rest.      Potential    Kinetic En.   Total Energy  Conserved En.
    4.55254e+02   -5.94247e+05    9.69173e+04   -4.97330e+05   -4.90610e+05
    Temperature Pres. DC (bar) Pressure (bar)   Constr. rmsd
    2.99814e+02   -2.21066e+02    2.80955e+01    2.97955e-06

           Step           Time
          41000       82.00000

   Energies (kJ/mol)
           Bond          Angle    Proper Dih. Ryckaert-Bell.          LJ-14
    1.46768e+03    3.80806e+03    2.65793e+02    1.82627e+03    2.60703e+03
     Coulomb-14        LJ (SR)  Disper. corr.   Coulomb (SR)   Coul. recip.
    7.70910e+03    1.07352e+05   -5.11583e+03   -7.19218e+05    3.33653e+03
 Position Rest.      Potential    Kinetic En.   Total Energy  Conserved En.
    4.68150e+02   -5.95493e+05    9.62976e+04   -4.99195e+05   -4.90585e+05
    Temperature Pres. DC (bar) Pressure (bar)   Constr. rmsd
    2.97897e+02   -2.23588e+02   -8.27339e+01    2.81180e-06

           Step           Time
          41500       83.00000

   Energies (kJ/mol)
           Bond          Angle    Proper Dih. Ryckaert-Bell.          LJ-14
    1.37984e+03    3.74886e+03    2.53793e+02    1.80803e+03    2.64910e+03
     Coulomb-14        LJ (SR)  Disper. corr.   Coulomb (SR)   Coul. recip.
    7.73183e+03    1.07063e+05   -5.10589e+03   -7.18321e+05    3.26753e+03
 Position Rest.      Potential    Kinetic En.   Total Energy  Conserved En.
    4.72249e+02   -5.95053e+05    9.74612e+04   -4.97592e+05   -4.90615e+05
    Temperature Pres. DC (bar) Pressure (bar)   Constr. rmsd
    3.01497e+02   -2.22722e+02   -1.50561e+02    2.92965e-06

           Step           Time
          42000       84.00000

   Energies (kJ/mol)
           Bond          Angle    Proper Dih. Ryckaert-Bell.          LJ-14
    1.51086e+03    3.83207e+03    2.39790e+02    1.88149e+03    2.75228e+03
     Coulomb-14        LJ (SR)  Disper. corr.   Coulomb (SR)   Coul. recip.
    7.84792e+03    1.07442e+05   -5.10993e+03   -7.19113e+05    3.31977e+03
 Position Rest.      Potential    Kinetic En.   Total Energy  Conserved En.
    4.87167e+02   -5.94909e+05    9.78352e+04   -4.97074e+05   -4.90607e+05
    Temperature Pres. DC (bar) Pressure (bar)   Constr. rmsd
    3.02654e+02   -2.23074e+02   -6.86249e+01    2.93428e-06

           Step           Time
          42500       85.00000

   Energies (kJ/mol)
           Bond          Angle    Proper Dih. Ryckaert-Bell.          LJ-14
    1.47325e+03    3.70522e+03    2.58518e+02    1.86898e+03    2.63733e+03
     Coulomb-14        LJ (SR)  Disper. corr.   Coulomb (SR)   Coul. recip.
    7.68801e+03    1.08802e+05   -5.10048e+03   -7.19953e+05    3.11861e+03
 Position Rest.      Potential    Kinetic En.   Total Energy  Conserved En.
    4.86438e+02   -5.95016e+05    9.71048e+04   -4.97911e+05   -4.90610e+05
    Temperature Pres. DC (bar) Pressure (bar)   Constr. rmsd
    3.00394e+02   -2.22250e+02    1.09779e+02    2.77601e-06

           Step           Time
          43000       86.00000

   Energies (kJ/mol)
           Bond          Angle    Proper Dih. Ryckaert-Bell.          LJ-14
    1.43204e+03    3.48755e+03    2.27066e+02    1.91480e+03    2.72340e+03
     Coulomb-14        LJ (SR)  Disper. corr.   Coulomb (SR)   Coul. recip.
    7.77802e+03    1.08839e+05   -5.11374e+03   -7.20951e+05    3.32629e+03
 Position Rest.      Potential    Kinetic En.   Total Energy  Conserved En.
    5.04122e+02   -5.95832e+05    9.72566e+04   -4.98576e+05   -4.90585e+05
    Temperature Pres. DC (bar) Pressure (bar)   Constr. rmsd
    3.00864e+02   -2.23407e+02    1.35983e+02    3.07246e-06

           Step           Time
          43500       87.00000

   Energies (kJ/mol)
           Bond          Angle    Proper Dih. Ryckaert-Bell.          LJ-14
    1.47048e+03    3.71418e+03    2.32741e+02    1.71599e+03    2.66030e+03
     Coulomb-14        LJ (SR)  Disper. corr.   Coulomb (SR)   Coul. recip.
    7.73047e+03    1.07262e+05   -5.09799e+03   -7.18101e+05    3.30908e+03
 Position Rest.      Potential    Kinetic En.   Total Energy  Conserved En.
    4.60156e+02   -5.94644e+05    9.74298e+04   -4.97215e+05   -4.90602e+05
    Temperature Pres. DC (bar) Pressure (bar)   Constr. rmsd
    3.01399e+02   -2.22034e+02   -9.08735e+01    3.00497e-06

           Step           Time
          44000       88.00000

   Energies (kJ/mol)
           Bond          Angle    Proper Dih. Ryckaert-Bell.          LJ-14
    1.50349e+03    3.64479e+03    2.33761e+02    1.83837e+03    2.67843e+03
     Coulomb-14        LJ (SR)  Disper. corr.   Coulomb (SR)   Coul. recip.
    7.79645e+03    1.06024e+05   -5.09232e+03   -7.18028e+05    3.28674e+03
 Position Rest.      Potential    Kinetic En.   Total Energy  Conserved En.
    4.60571e+02   -5.95653e+05    9.71250e+04   -4.98528e+05   -4.90570e+05
    Temperature Pres. DC (bar) Pressure (bar)   Constr. rmsd
    3.00457e+02   -2.21541e+02   -3.56132e+02    2.63163e-06

           Step           Time
          44500       89.00000

   Energies (kJ/mol)
           Bond          Angle    Proper Dih. Ryckaert-Bell.          LJ-14
    1.43140e+03    3.69501e+03    1.99374e+02    1.82060e+03    2.74951e+03
     Coulomb-14        LJ (SR)  Disper. corr.   Coulomb (SR)   Coul. recip.
    7.82607e+03    1.08554e+05   -5.12302e+03   -7.19587e+05    3.28950e+03
 Position Rest.      Potential    Kinetic En.   Total Energy  Conserved En.
    4.25345e+02   -5.94720e+05    9.70691e+04   -4.97651e+05   -4.90559e+05
    Temperature Pres. DC (bar) Pressure (bar)   Constr. rmsd
    3.00284e+02   -2.24217e+02    2.97959e+02    3.02237e-06

           Step           Time
          45000       90.00000

   Energies (kJ/mol)
           Bond          Angle    Proper Dih. Ryckaert-Bell.          LJ-14
    1.42837e+03    3.54131e+03    2.19507e+02    1.83882e+03    2.65203e+03
     Coulomb-14        LJ (SR)  Disper. corr.   Coulomb (SR)   Coul. recip.
    7.83044e+03    1.08831e+05   -5.13101e+03   -7.20855e+05    3.28330e+03
 Position Rest.      Potential    Kinetic En.   Total Energy  Conserved En.
    4.67802e+02   -5.95893e+05    9.74040e+04   -4.98489e+05   -4.90514e+05
    Temperature Pres. DC (bar) Pressure (bar)   Constr. rmsd
    3.01320e+02   -2.24916e+02    2.25977e+02    2.79411e-06

           Step           Time
          45500       91.00000

   Energies (kJ/mol)
           Bond          Angle    Proper Dih. Ryckaert-Bell.          LJ-14
    1.33700e+03    3.75775e+03    2.40616e+02    1.80440e+03    2.70260e+03
     Coulomb-14        LJ (SR)  Disper. corr.   Coulomb (SR)   Coul. recip.
    7.73305e+03    1.05680e+05   -5.04414e+03   -7.16633e+05    3.38027e+03
 Position Rest.      Potential    Kinetic En.   Total Energy  Conserved En.
    4.52169e+02   -5.94590e+05    9.74803e+04   -4.97109e+05   -4.90421e+05
    Temperature Pres. DC (bar) Pressure (bar)   Constr. rmsd
    3.01556e+02   -2.17373e+02   -3.97310e+02    2.67237e-06

           Step           Time
          46000       92.00000

   Energies (kJ/mol)
           Bond          Angle    Proper Dih. Ryckaert-Bell.          LJ-14
    1.51806e+03    3.89408e+03    2.66883e+02    1.78813e+03    2.69571e+03
     Coulomb-14        LJ (SR)  Disper. corr.   Coulomb (SR)   Coul. recip.
    7.68506e+03    1.08657e+05   -5.11809e+03   -7.19090e+05    3.38707e+03
 Position Rest.      Potential    Kinetic En.   Total Energy  Conserved En.
    4.64912e+02   -5.93851e+05    9.64814e+04   -4.97369e+05   -4.90174e+05
    Temperature Pres. DC (bar) Pressure (bar)   Constr. rmsd
    2.98466e+02   -2.23786e+02    1.60211e+02    3.15811e-06

           Step           Time
          46500       93.00000

   Energies (kJ/mol)
           Bond          Angle    Proper Dih. Ryckaert-Bell.          LJ-14
    1.48117e+03    3.68590e+03    2.55614e+02    1.75191e+03    2.71255e+03
     Coulomb-14        LJ (SR)  Disper. corr.   Coulomb (SR)   Coul. recip.
    7.75675e+03    1.09136e+05   -5.14655e+03   -7.22666e+05    3.21861e+03
 Position Rest.      Potential    Kinetic En.   Total Energy  Conserved En.
    4.61884e+02   -5.97352e+05    9.69049e+04   -5.00447e+05   -4.90041e+05
    Temperature Pres. DC (bar) Pressure (bar)   Constr. rmsd
    2.99776e+02   -2.26279e+02    1.91448e+02    2.65272e-06

           Step           Time
          47000       94.00000

   Energies (kJ/mol)
           Bond          Angle    Proper Dih. Ryckaert-Bell.          LJ-14
    1.56478e+03    3.78611e+03    2.26532e+02    1.80252e+03    2.67171e+03
     Coulomb-14        LJ (SR)  Disper. corr.   Coulomb (SR)   Coul. recip.
    7.75183e+03    1.06863e+05   -5.07112e+03   -7.16911e+05    3.32321e+03
 Position Rest.      Potential    Kinetic En.   Total Energy  Conserved En.
    4.32457e+02   -5.93561e+05    9.66317e+04   -4.96929e+05   -4.89960e+05
    Temperature Pres. DC (bar) Pressure (bar)   Constr. rmsd
    2.98931e+02   -2.19702e+02   -1.61827e+02    2.88390e-06

           Step           Time
          47500       95.00000

   Energies (kJ/mol)
           Bond          Angle    Proper Dih. Ryckaert-Bell.          LJ-14
    1.41935e+03    3.64239e+03    2.68124e+02    1.91574e+03    2.66010e+03
     Coulomb-14        LJ (SR)  Disper. corr.   Coulomb (SR)   Coul. recip.
    7.82379e+03    1.06552e+05   -5.10488e+03   -7.17713e+05    3.23243e+03
 Position Rest.      Potential    Kinetic En.   Total Energy  Conserved En.
    4.88256e+02   -5.94815e+05    9.71245e+04   -4.97691e+05   -4.89938e+05
    Temperature Pres. DC (bar) Pressure (bar)   Constr. rmsd
    3.00455e+02   -2.22634e+02   -1.18837e+02    2.92110e-06

           Step           Time
          48000       96.00000

   Energies (kJ/mol)
           Bond          Angle    Proper Dih. Ryckaert-Bell.          LJ-14
    1.40911e+03    3.91814e+03    2.55230e+02    1.80813e+03    2.68074e+03
     Coulomb-14        LJ (SR)  Disper. corr.   Coulomb (SR)   Coul. recip.
    7.71743e+03    1.08452e+05   -5.10000e+03   -7.19859e+05    3.24183e+03
 Position Rest.      Potential    Kinetic En.   Total Energy  Conserved En.
    4.50056e+02   -5.95027e+05    9.76505e+04   -4.97377e+05   -4.89896e+05
    Temperature Pres. DC (bar) Pressure (bar)   Constr. rmsd
    3.02082e+02   -2.22209e+02    1.74390e+02    2.75947e-06

           Step           Time
          48500       97.00000

   Energies (kJ/mol)
           Bond          Angle    Proper Dih. Ryckaert-Bell.          LJ-14
    1.44643e+03    3.73567e+03    2.36098e+02    1.87358e+03    2.65880e+03
     Coulomb-14        LJ (SR)  Disper. corr.   Coulomb (SR)   Coul. recip.
    7.76704e+03    1.08085e+05   -5.11519e+03   -7.18305e+05    3.28313e+03
 Position Rest.      Potential    Kinetic En.   Total Energy  Conserved En.
    4.86658e+02   -5.93848e+05    9.66091e+04   -4.97239e+05   -4.89904e+05
    Temperature Pres. DC (bar) Pressure (bar)   Constr. rmsd
    2.98861e+02   -2.23533e+02    1.53875e+02    3.76650e-06

           Step           Time
          49000       98.00000

   Energies (kJ/mol)
           Bond          Angle    Proper Dih. Ryckaert-Bell.          LJ-14
    1.41407e+03    3.82966e+03    2.20684e+02    1.75589e+03    2.74034e+03
     Coulomb-14        LJ (SR)  Disper. corr.   Coulomb (SR)   Coul. recip.
    7.76771e+03    1.08544e+05   -5.15066e+03   -7.19223e+05    3.26154e+03
 Position Rest.      Potential    Kinetic En.   Total Energy  Conserved En.
    4.39366e+02   -5.94401e+05    9.65266e+04   -4.97874e+05   -4.89884e+05
    Temperature Pres. DC (bar) Pressure (bar)   Constr. rmsd
    2.98605e+02   -2.26640e+02    4.01096e+02    2.91918e-06

           Step           Time
          49500       99.00000

   Energies (kJ/mol)
           Bond          Angle    Proper Dih. Ryckaert-Bell.          LJ-14
    1.48004e+03    3.67448e+03    2.21249e+02    1.74667e+03    2.58297e+03
     Coulomb-14        LJ (SR)  Disper. corr.   Coulomb (SR)   Coul. recip.
    7.68580e+03    1.07951e+05   -5.09102e+03   -7.19000e+05    3.23656e+03
 Position Rest.      Potential    Kinetic En.   Total Energy  Conserved En.
    4.50516e+02   -5.95061e+05    9.69478e+04   -4.98114e+05   -4.89798e+05
    Temperature Pres. DC (bar) Pressure (bar)   Constr. rmsd
    2.99908e+02   -2.21428e+02   -1.12098e+01    2.91939e-06

           Step           Time
          50000      100.00000

Writing checkpoint, step 50000 at Fri Dec  6 14:59:01 2024


   Energies (kJ/mol)
           Bond          Angle    Proper Dih. Ryckaert-Bell.          LJ-14
    1.36263e+03    3.74987e+03    2.56438e+02    1.71776e+03    2.71363e+03
     Coulomb-14        LJ (SR)  Disper. corr.   Coulomb (SR)   Coul. recip.
    7.77278e+03    1.06547e+05   -5.11712e+03   -7.17562e+05    3.28092e+03
 Position Rest.      Potential    Kinetic En.   Total Energy  Conserved En.
    4.56733e+02   -5.94822e+05    9.71334e+04   -4.97688e+05   -4.89796e+05
    Temperature Pres. DC (bar) Pressure (bar)   Constr. rmsd
    3.00482e+02   -2.23701e+02    1.94420e+01    2.92912e-06


Energy conservation over simulation part #1 of length 100 ps, time 0 to 100 ps
  Conserved energy drift: 1.03e-03 kJ/mol/ps per atom


	<======  ###############  ==>
	<====  A V E R A G E S  ====>
	<==  ###############  ======>

	Statistics over 50001 steps using 501 frames

   Energies (kJ/mol)
           Bond          Angle    Proper Dih. Ryckaert-Bell.          LJ-14
    1.43789e+03    3.72380e+03    2.47179e+02    1.83139e+03    2.69355e+03
     Coulomb-14        LJ (SR)  Disper. corr.   Coulomb (SR)   Coul. recip.
    7.75863e+03    1.07458e+05   -5.10682e+03   -7.18656e+05    3.28889e+03
 Position Rest.      Potential    Kinetic En.   Total Energy  Conserved En.
    4.67459e+02   -5.94856e+05    9.69737e+04   -4.97882e+05   -4.91439e+05
    Temperature Pres. DC (bar) Pressure (bar)   Constr. rmsd
    2.99989e+02   -2.22807e+02    4.01292e+00    0.00000e+00

          Box-X          Box-Y          Box-Z
    7.24992e+00    7.24992e+00    7.24992e+00

   Total Virial (kJ/mol)
    3.22006e+04   -1.32270e+02   -2.82558e+02
   -1.32237e+02    3.23742e+04    1.92798e+02
   -2.82672e+02    1.92866e+02    3.22831e+04

   Pressure (bar)
    1.28868e+01    1.15443e+01    2.45951e+01
    1.15413e+01   -3.46917e+00   -1.73596e+01
    2.46051e+01   -1.73656e+01    2.62114e+00

      T-Protein  T-non-Protein
    2.99975e+02    2.99990e+02


	M E G A - F L O P S   A C C O U N T I N G

 NB=Group-cutoff nonbonded kernels    NxN=N-by-N cluster Verlet kernels
 RF=Reaction-Field  VdW=Van der Waals  QSTab=quadratic-spline table
 W3=SPC/TIP3p  W4=TIP4p (single or pairs)
 V&F=Potential and force  V=Potential only  F=Force only

 Computing:                               M-Number         M-Flops  % Flops
-----------------------------------------------------------------------------
 Pair Search distance check           17123.181874      154108.637     0.2
 NxN Ewald Elec. + LJ [F]            587612.200560    38782405.237    51.5
 NxN Ewald Elec. + LJ [V&F]            5947.438224      636375.890     0.8
 NxN Ewald Elec. [F]                 528210.727888    32220854.401    42.8
 NxN Ewald Elec. [V&F]                 5346.441456      449101.082     0.6
 1,4 nonbonded interactions             255.305106       22977.460     0.0
 Calc Weights                          5756.515128      207234.545     0.3
 Spread Q Bspline                    122805.656064      245611.312     0.3
 Gather F Bspline                    122805.656064      736833.936     1.0
 3D-FFT                              185299.305912     1482394.447     2.0
 Solve PME                              115.202304        7372.947     0.0
 Reset In Box                            38.376000         115.128     0.0
 CG-CoM                                  38.414376         115.243     0.0
 Bonds                                   51.251025        3023.810     0.0
 Angles                                 177.353547       29795.396     0.0
 Propers                                 21.300426        4877.798     0.0
 RB-Dihedrals                           197.503950       48783.476     0.1
 Pos. Restr.                             50.051001        2502.550     0.0
 Virial                                  38.459421         692.270     0.0
 Stop-CM                                 19.226376         192.264     0.0
 Calc-Ekin                              383.836752       10363.592     0.0
 Lincs                                   47.950959        2877.058     0.0
 Lincs-Mat                              238.804776         955.219     0.0
 Constraint-V                          1916.338326       17247.045     0.0
 Constraint-Vir                          37.404367         897.705     0.0
 Settle                                 606.812136      224520.490     0.3
-----------------------------------------------------------------------------
 Total                                                75292228.938   100.0
-----------------------------------------------------------------------------


    D O M A I N   D E C O M P O S I T I O N   S T A T I S T I C S

 av. #atoms communicated per step for force:  2 x 0.0


      R E A L   C Y C L E   A N D   T I M E   A C C O U N T I N G

On 1 MPI rank, each using 64 OpenMP threads

 Activity:              Num   Num      Call    Wall time         Giga-Cycles
                        Ranks Threads  Count      (s)         total sum    %
--------------------------------------------------------------------------------
 Domain decomp.            1   64       1000       9.098       1714.595   6.6
 Neighbor search           1   64       1001       3.028        570.543   2.2
 Force                     1   64      50001      46.840       8826.859  33.9
 PME mesh                  1   64      50001      46.193       8705.089  33.4
 NB X/F buffer ops.        1   64      99001      21.721       4093.229  15.7
 Write traj.               1   64        101       0.719        135.427   0.5
 Update                    1   64      50001       5.239        987.295   3.8
 Constraints               1   64      50001       4.435        835.712   3.2
 Rest                                              0.938        176.819   0.7
--------------------------------------------------------------------------------
 Total                                           138.210      26045.568 100.0
--------------------------------------------------------------------------------
 Breakdown of PME mesh activities
--------------------------------------------------------------------------------
 PME spread                1   64      50001      13.110       2470.620   9.5
 PME gather                1   64      50001      14.039       2645.578  10.2
 PME 3D-FFT                1   64     100002      17.778       3350.151  12.9
 PME solve Elec            1   64      50001       0.113         21.268   0.1
--------------------------------------------------------------------------------

               Core t (s)   Wall t (s)        (%)
       Time:     8845.123      138.210     6399.7
                 (ns/day)    (hour/ns)
Performance:       62.515        0.384
Finished mdrun on rank 0 Fri Dec  6 14:59:01 2024

